#
# A fatal error has been detected by the Java Runtime Environment:
#
#  SIGSEGV (0xb) at pc=0x00000000000023f0, pid=13462, tid=13470
#
# JRE version: OpenJDK Runtime Environment (14.0+36) (build 14+36-1461)
# Java VM: OpenJDK 64-Bit Server VM (14+36-1461, mixed mode, sharing, tiered, compressed oops, g1 gc, linux-amd64)
# Problematic frame:
# C  0x00000000000023f0
#
# Core dump will be written. Default location: Core dumps may be processed with "/usr/share/apport/apport %p %s %c %d %P %E" (or dumping to /home/lwinminkhant/WorkSpace/Git/jfx/modules/javafx.web/core.13462)
#
# If you would like to submit a bug report, please visit:
#   https://bugreport.java.com/bugreport/crash.jsp
#

---------------  S U M M A R Y ------------

Command Line: -DWEB_ARCHIVE_JAR_TEST_DIR=/home/lwinminkhant/WorkSpace/Git/jfx/modules/javafx.web/build/testing/resources -Dglass.platform=Monocle -Djava.library.path=/home/lwinminkhant/WorkSpace/Git/jfx/build/sdk/lib -Dmonocle.platform=Headless -Dorg.gradle.native=false -Dprism.order=sw -Dunstable.test=false --module-path=/home/lwinminkhant/WorkSpace/Git/jfx/build/shims/javafx.base:/home/lwinminkhant/WorkSpace/Git/jfx/build/shims/javafx.graphics:/home/lwinminkhant/WorkSpace/Git/jfx/build/shims/javafx.controls:/home/lwinminkhant/WorkSpace/Git/jfx/build/sdk/lib/javafx.media.jar:/home/lwinminkhant/WorkSpace/Git/jfx/build/shims/javafx.web --add-modules=javafx.base,javafx.graphics,javafx.controls,javafx.media,javafx.web --add-exports=javafx.graphics/com.sun.javafx.application=ALL-UNNAMED --add-exports=javafx.graphics/com.sun.glass.utils=ALL-UNNAMED --add-exports=javafx.base/com.sun.javafx.collections=ALL-UNNAMED --add-exports=javafx.base/com.sun.javafx.property=ALL-UNNAMED --add-exports=javafx.base/com.sun.javafx=ALL-UNNAMED --add-exports=javafx.base/com.sun.javafx.event=ALL-UNNAMED --add-exports=javafx.graphics/com.sun.glass.ui=ALL-UNNAMED --add-exports=javafx.graphics/com.sun.javafx.animation=ALL-UNNAMED --add-exports=javafx.graphics/com.sun.javafx.css=ALL-UNNAMED --add-exports=javafx.graphics/com.sun.javafx.css.parser=ALL-UNNAMED --add-exports=javafx.graphics/com.sun.javafx.embed=ALL-UNNAMED --add-exports=javafx.graphics/com.sun.javafx.font=ALL-UNNAMED --add-exports=javafx.graphics/com.sun.javafx.geom=ALL-UNNAMED --add-exports=javafx.graphics/com.sun.javafx.geom.transform=ALL-UNNAMED --add-exports=javafx.graphics/com.sun.javafx.iio.bmp=ALL-UNNAMED --add-exports=javafx.graphics/com.sun.javafx.iio.common=ALL-UNNAMED --add-exports=javafx.graphics/com.sun.javafx.iio.gif=ALL-UNNAMED --add-exports=javafx.graphics/com.sun.javafx.iio=ALL-UNNAMED --add-exports=javafx.graphics/com.sun.javafx.iio.png=ALL-UNNAMED --add-exports=javafx.graphics/com.sun.javafx.image.impl=ALL-UNNAMED --add-exports=javafx.graphics/com.sun.javafx.image=ALL-UNNAMED --add-exports=javafx.graphics/com.sun.javafx.menu=ALL-UNNAMED --add-exports=javafx.graphics/com.sun.javafx.perf=ALL-UNNAMED --add-exports=javafx.graphics/com.sun.javafx.print=ALL-UNNAMED --add-exports=javafx.graphics/com.sun.javafx.runtime.async=ALL-UNNAMED --add-exports=javafx.graphics/com.sun.javafx.scene.input=ALL-UNNAMED --add-exports=javafx.graphics/com.sun.javafx.scene=ALL-UNNAMED --add-exports=javafx.graphics/com.sun.javafx.scene.layout.region=ALL-UNNAMED --add-exports=javafx.graphics/com.sun.javafx.scene.text=ALL-UNNAMED --add-exports=javafx.graphics/com.sun.javafx.scene.transform=ALL-UNNAMED --add-exports=javafx.graphics/com.sun.javafx.scene.traversal=ALL-UNNAMED --add-exports=javafx.graphics/com.sun.javafx.sg.prism=ALL-UNNAMED --add-exports=javafx.graphics/com.sun.javafx.stage=ALL-UNNAMED --add-exports=javafx.graphics/com.sun.javafx.tk=ALL-UNNAMED --add-exports=javafx.graphics/com.sun.javafx.tk.quantum=ALL-UNNAMED --add-exports=javafx.graphics/com.sun.javafx.util=ALL-UNNAMED --add-exports=javafx.graphics/com.sun.prism.impl=ALL-UNNAMED --add-exports=javafx.graphics/com.sun.prism.impl.shape=ALL-UNNAMED --add-exports=javafx.graphics/com.sun.prism=ALL-UNNAMED --add-exports=javafx.graphics/com.sun.prism.paint=ALL-UNNAMED --add-exports=javafx.graphics/com.sun.scenario.animation=ALL-UNNAMED --add-exports=javafx.graphics/com.sun.scenario.animation.shared=ALL-UNNAMED --add-exports=javafx.graphics/com.sun.scenario.effect=ALL-UNNAMED --add-exports=javafx.graphics/com.sun.scenario.effect.light=ALL-UNNAMED --add-exports=javafx.graphics/com.sun.scenario=ALL-UNNAMED --add-exports=javafx.web/com.sun.javafx.scene.web=ALL-UNNAMED --add-exports=javafx.web/com.sun.javafx.webkit.prism=ALL-UNNAMED --add-exports=javafx.web/com.sun.javafx.webkit=ALL-UNNAMED --add-exports=javafx.web/com.sun.webkit.dom=ALL-UNNAMED --add-exports=javafx.web/com.sun.webkit.event=ALL-UNNAMED --add-exports=javafx.web/com.sun.webkit.graphics=ALL-UNNAMED --add-exports=javafx.web/com.sun.webkit.network=ALL-UNNAMED --add-exports=javafx.web/com.sun.webkit.text=ALL-UNNAMED --add-exports=javafx.web/com.sun.webkit=ALL-UNNAMED -Xmx512m -Dfile.encoding=UTF-8 -Duser.country=US -Duser.language=en -Duser.variant -ea worker.org.gradle.process.internal.worker.GradleWorkerMain 'Gradle Test Executor 5'

Host: 11th Gen Intel(R) Core(TM) i7-11800H @ 2.30GHz, 16 cores, 15G, Ubuntu 20.04.3 LTS
Time: Sat Jan 29 15:31:27 2022 +0630 elapsed time: 1043 seconds (0d 0h 17m 23s)

---------------  T H R E A D  ---------------

Current thread (0x00007efe4817f800):  VMThread "VM Thread" [stack: 0x00007efe1ea71000,0x00007efe1eb71000] [id=13470]

Stack: [0x00007efe1ea71000,0x00007efe1eb71000],  sp=0x00007efe1eb6f758,  free space=1017k
Native frames: (J=compiled Java code, A=aot compiled Java code, j=interpreted, Vv=VM code, C=native code)
C  0x00000000000023f0


siginfo: si_signo: 11 (SIGSEGV), si_code: 1 (SEGV_MAPERR), si_addr: 0x00000000000023f0

Register to memory mapping:

RAX=0x0 is NULL
RBX=0x00007efe4d8ea060: _rtld_global+0x0000000000000000 in /lib64/ld-linux-x86-64.so.2 at 0x00007efe4d8bc000
RCX=0x0 is NULL
RDX=0x0000000000000001 is an unknown value
RSP=0x00007efe1eb6f758 points into unknown readable memory: 5b df 8c 4d fe 7e 00 00
RBP=0x00007efe1eb6f850 points into unknown readable memory: 8f 00 00 00 00 00 00 00
RSI=
[error occurred during error reporting (printing register info), id 0xb, SIGSEGV (0xb) at pc=0x00007efe4d7b054e]

Registers:
RAX=0x0000000000000000, RBX=0x00007efe4d8ea060, RCX=0x0000000000000000, RDX=0x0000000000000001
RSP=0x00007efe1eb6f758, RBP=0x00007efe1eb6f850, RSI=0x00007efe1d433c98, RDI=0x00007efe4d864310
R8 =0x0000000000000000, R9 =0x00007efe1eb6f6a4, R10=0xfffffffffffffe0c, R11=0x00007efe4d698090
R12=0x0000000000000000, R13=0x00007efe1eb6f7e0, R14=0x00007efe1d433c98, R15=0x00007efdac010e20
RIP=0x00000000000023f0, EFLAGS=0x0000000000010202, CSGSFS=0x002b000000000033, ERR=0x0000000000000014
  TRAPNO=0x000000000000000e

Top of Stack: (sp=0x00007efe1eb6f758)
0x00007efe1eb6f758:   00007efe4d8cdf5b 00007efe4d8eb190
0x00007efe1eb6f768:   00007efe4d8eb740 00007efe4d8ba6e0
0x00007efe1eb6f778:   00007efe48001240 00007efe480073d0
0x00007efe1eb6f788:   00007efe4802d6e0 00007efe4803aa20 

Instructions: (pc=0x00000000000023f0)
0x00000000000022f0:   ?? ?? ?? ?? ?? ?? ?? ?? ?? ?? ?? ?? ?? ?? ?? ??
0x0000000000002300:   ?? ?? ?? ?? ?? ?? ?? ?? ?? ?? ?? ?? ?? ?? ?? ??
0x0000000000002310:   ?? ?? ?? ?? ?? ?? ?? ?? ?? ?? ?? ?? ?? ?? ?? ??
0x0000000000002320:   ?? ?? ?? ?? ?? ?? ?? ?? ?? ?? ?? ?? ?? ?? ?? ??
0x0000000000002330:   ?? ?? ?? ?? ?? ?? ?? ?? ?? ?? ?? ?? ?? ?? ?? ??
0x0000000000002340:   ?? ?? ?? ?? ?? ?? ?? ?? ?? ?? ?? ?? ?? ?? ?? ??
0x0000000000002350:   ?? ?? ?? ?? ?? ?? ?? ?? ?? ?? ?? ?? ?? ?? ?? ??
0x0000000000002360:   ?? ?? ?? ?? ?? ?? ?? ?? ?? ?? ?? ?? ?? ?? ?? ??
0x0000000000002370:   ?? ?? ?? ?? ?? ?? ?? ?? ?? ?? ?? ?? ?? ?? ?? ??
0x0000000000002380:   ?? ?? ?? ?? ?? ?? ?? ?? ?? ?? ?? ?? ?? ?? ?? ??
0x0000000000002390:   ?? ?? ?? ?? ?? ?? ?? ?? ?? ?? ?? ?? ?? ?? ?? ??
0x00000000000023a0:   ?? ?? ?? ?? ?? ?? ?? ?? ?? ?? ?? ?? ?? ?? ?? ??
0x00000000000023b0:   ?? ?? ?? ?? ?? ?? ?? ?? ?? ?? ?? ?? ?? ?? ?? ??
0x00000000000023c0:   ?? ?? ?? ?? ?? ?? ?? ?? ?? ?? ?? ?? ?? ?? ?? ??
0x00000000000023d0:   ?? ?? ?? ?? ?? ?? ?? ?? ?? ?? ?? ?? ?? ?? ?? ??
0x00000000000023e0:   ?? ?? ?? ?? ?? ?? ?? ?? ?? ?? ?? ?? ?? ?? ?? ??
0x00000000000023f0:   ?? ?? ?? ?? ?? ?? ?? ?? ?? ?? ?? ?? ?? ?? ?? ??
0x0000000000002400:   ?? ?? ?? ?? ?? ?? ?? ?? ?? ?? ?? ?? ?? ?? ?? ??
0x0000000000002410:   ?? ?? ?? ?? ?? ?? ?? ?? ?? ?? ?? ?? ?? ?? ?? ??
0x0000000000002420:   ?? ?? ?? ?? ?? ?? ?? ?? ?? ?? ?? ?? ?? ?? ?? ??
0x0000000000002430:   ?? ?? ?? ?? ?? ?? ?? ?? ?? ?? ?? ?? ?? ?? ?? ??
0x0000000000002440:   ?? ?? ?? ?? ?? ?? ?? ?? ?? ?? ?? ?? ?? ?? ?? ??
0x0000000000002450:   ?? ?? ?? ?? ?? ?? ?? ?? ?? ?? ?? ?? ?? ?? ?? ??
0x0000000000002460:   ?? ?? ?? ?? ?? ?? ?? ?? ?? ?? ?? ?? ?? ?? ?? ??
0x0000000000002470:   ?? ?? ?? ?? ?? ?? ?? ?? ?? ?? ?? ?? ?? ?? ?? ??
0x0000000000002480:   ?? ?? ?? ?? ?? ?? ?? ?? ?? ?? ?? ?? ?? ?? ?? ??
0x0000000000002490:   ?? ?? ?? ?? ?? ?? ?? ?? ?? ?? ?? ?? ?? ?? ?? ??
0x00000000000024a0:   ?? ?? ?? ?? ?? ?? ?? ?? ?? ?? ?? ?? ?? ?? ?? ??
0x00000000000024b0:   ?? ?? ?? ?? ?? ?? ?? ?? ?? ?? ?? ?? ?? ?? ?? ??
0x00000000000024c0:   ?? ?? ?? ?? ?? ?? ?? ?? ?? ?? ?? ?? ?? ?? ?? ??
0x00000000000024d0:   ?? ?? ?? ?? ?? ?? ?? ?? ?? ?? ?? ?? ?? ?? ?? ??
0x00000000000024e0:   ?? ?? ?? ?? ?? ?? ?? ?? ?? ?? ?? ?? ?? ?? ?? ?? 


Stack slot to memory mapping:
stack at sp + 0 slots: 0x00007efe4d8cdf5b: <offset 0x0000000000011f5b> in /lib64/ld-linux-x86-64.so.2 at 0x00007efe4d8bc000
stack at sp + 1 slots: 0x00007efe4d8eb190 points into unknown readable memory: 00 00 00 00 00 00 00 00
stack at sp + 2 slots: 0x00007efe4d8eb740 points into unknown readable memory: 00 00 fd 5b ff 7f 00 00
stack at sp + 3 slots: 0x00007efe4d8ba6e0 points into unknown readable memory: 00 90 86 4d fe 7e 00 00
stack at sp + 4 slots: 0x00007efe48001240 points into unknown readable memory: 00 40 28 4c fe 7e 00 00
stack at sp + 5 slots: 0x00007efe480073d0 points into unknown readable memory: 00 c0 89 4d fe 7e 00 00
stack at sp + 6 slots: 0x00007efe4802d6e0 points into unknown readable memory: 00 c0 24 4c fe 7e 00 00
stack at sp + 7 slots: 0x00007efe4803aa20 points into unknown readable memory: 00 30 27 4c fe 7e 00 00

VM_Operation (0x00007efe1dc4c730): Exit, mode: safepoint, requested by thread 0x00007efe00001000


---------------  P R O C E S S  ---------------

Threads class SMR info:
_java_thread_list=0x00007efdac00fd30, length=16, elements={
0x00007efe4802f000, 0x00007efe48182800, 0x00007efe48184800, 0x00007efe4818b000,
0x00007efe4818c800, 0x00007efe4818e800, 0x00007efe48198800, 0x00007efe4819a800,
0x00007efe481b4000, 0x00007efe4825f000, 0x00007efe484b2000, 0x00007efe484fc000,
0x00007efe484fc800, 0x00007efdb00fc000, 0x00007efda001c800, 0x00007efe00001000
}

Java Threads: ( => current thread )
  0x00007efe4802f000 JavaThread "main" [_thread_blocked, id=13464, stack(0x00007efe4c28f000,0x00007efe4c390000)]
  0x00007efe48182800 JavaThread "Reference Handler" daemon [_thread_blocked, id=13471, stack(0x00007efe1e96e000,0x00007efe1ea6f000)]
  0x00007efe48184800 JavaThread "Finalizer" daemon [_thread_blocked, id=13472, stack(0x00007efe1e86d000,0x00007efe1e96e000)]
  0x00007efe4818b000 JavaThread "Signal Dispatcher" daemon [_thread_blocked, id=13473, stack(0x00007efe1e1af000,0x00007efe1e2b0000)]
  0x00007efe4818c800 JavaThread "Service Thread" daemon [_thread_blocked, id=13474, stack(0x00007efe1e0ae000,0x00007efe1e1af000)]
  0x00007efe4818e800 JavaThread "C2 CompilerThread0" daemon [_thread_blocked, id=13475, stack(0x00007efe1dfad000,0x00007efe1e0ae000)]
  0x00007efe48198800 JavaThread "C1 CompilerThread0" daemon [_thread_blocked, id=13476, stack(0x00007efe1deac000,0x00007efe1dfad000)]
  0x00007efe4819a800 JavaThread "Sweeper thread" daemon [_thread_blocked, id=13477, stack(0x00007efe1ddab000,0x00007efe1deac000)]
  0x00007efe481b4000 JavaThread "Common-Cleaner" daemon [_thread_blocked, id=13478, stack(0x00007efe1dc4e000,0x00007efe1dd4f000)]
  0x00007efe4825f000 JavaThread "Notification Thread" daemon [_thread_blocked, id=13491, stack(0x00007efe1cefd000,0x00007efe1cffe000)]
  0x00007efe484b2000 JavaThread "Test worker" [_thread_blocked, id=13497, stack(0x00007efe1ccfa000,0x00007efe1cdfb000)]
  0x00007efe484fc000 JavaThread "/127.0.0.1:35564 to /127.0.0.1:44567 workers Thread 2" [_thread_blocked, id=13498, stack(0x00007efe1cbf9000,0x00007efe1ccfa000)]
  0x00007efe484fc800 JavaThread "/127.0.0.1:35564 to /127.0.0.1:44567 workers Thread 3" [_thread_blocked, id=13499, stack(0x00007efe1caf8000,0x00007efe1cbf9000)]
  0x00007efdb00fc000 JavaThread "JavaFX Application Thread" [_thread_blocked, id=13501, stack(0x00007efe1c8f6000,0x00007efe1c9f7000)]
  0x00007efda001c800 JavaThread "Timer-0" daemon [_thread_blocked, id=13502, stack(0x00007efe1c7f5000,0x00007efe1c8f6000)]
  0x00007efe00001000 JavaThread "SIGTERM handler" daemon [_thread_blocked, id=14422, stack(0x00007efe1db4d000,0x00007efe1dc4e000)]

Other Threads:
=>0x00007efe4817f800 VMThread "VM Thread" [stack: 0x00007efe1ea71000,0x00007efe1eb71000] [id=13470]
  0x00007efe48056800 GCTaskThread "GC Thread#0" [stack: 0x00007efe2e5cc000,0x00007efe2e6cc000] [id=13465]
  0x00007efe14001000 GCTaskThread "GC Thread#1" [stack: 0x00007efe1d447000,0x00007efe1d547000] [id=13487]
  0x00007efe14002800 GCTaskThread "GC Thread#2" [stack: 0x00007efe1d204000,0x00007efe1d304000] [id=13488]
  0x00007efe14004000 GCTaskThread "GC Thread#3" [stack: 0x00007efe1d102000,0x00007efe1d202000] [id=13489]
  0x00007efe14005800 GCTaskThread "GC Thread#4" [stack: 0x00007efe1d000000,0x00007efe1d100000] [id=13490]
  0x00007efe4805c800 ConcurrentGCThread "G1 Main Marker" [stack: 0x00007efe2e4ca000,0x00007efe2e5ca000] [id=13466]
  0x00007efe4805e000 ConcurrentGCThread "G1 Conc#0" [stack: 0x00007efe2e3c8000,0x00007efe2e4c8000] [id=13467]
  0x00007efe48152000 ConcurrentGCThread "G1 Refine#0" [stack: 0x00007efe1f4f6000,0x00007efe1f5f6000] [id=13468]
  0x00007efe48153800 ConcurrentGCThread "G1 Young RemSet Sampling" [stack: 0x00007efe1f3f4000,0x00007efe1f4f4000] [id=13469]

Threads with active compile tasks:

VM state:at safepoint (shutting down)

VM Mutex/Monitor currently owned by a thread:  ([mutex/lock_event])
[0x00007efe4802a780] Threads_lock - owner thread: 0x00007efe4817f800
[0x00007efe4802afc0] Heap_lock - owner thread: 0x00007efe00001000

Heap address: 0x00000000e0000000, size: 512 MB, Compressed Oops mode: 32-bit
Narrow klass base: 0x0000000800000000, Narrow klass shift: 3
Compressed class space size: 1073741824 Address: 0x0000000800b0f000

Heap:
 garbage-first heap   total 253952K, used 36062K [0x00000000e0000000, 0x0000000100000000)
  region size 1024K, 33 young (33792K), 1 survivors (1024K)
 Metaspace       used 10694K, capacity 11126K, committed 11264K, reserved 1058816K
  class space    used 1270K, capacity 1430K, committed 1536K, reserved 1048576K
Heap Regions: E=young(eden), S=young(survivor), O=old, HS=humongous(starts), HC=humongous(continues), CS=collection set, F=free, OA=open archive, CA=closed archive, TAMS=top-at-mark-start (previous, next)
|   0|0x00000000e0000000, 0x00000000e0100000, 0x00000000e0100000|100%|HS|  |TAMS 0x00000000e0000000, 0x00000000e0000000| Complete 
|   1|0x00000000e0100000, 0x00000000e0200000, 0x00000000e0200000|100%|HC|  |TAMS 0x00000000e0100000, 0x00000000e0100000| Complete 
|   2|0x00000000e0200000, 0x00000000e0300000, 0x00000000e0300000|100%|HC|  |TAMS 0x00000000e0200000, 0x00000000e0200000| Complete 
|   3|0x00000000e0300000, 0x00000000e0400000, 0x00000000e0400000|100%|HC|  |TAMS 0x00000000e0300000, 0x00000000e0300000| Complete 
|   4|0x00000000e0400000, 0x00000000e0400000, 0x00000000e0500000|  0%| F|  |TAMS 0x00000000e0400000, 0x00000000e0400000| Untracked 
|   5|0x00000000e0500000, 0x00000000e0500000, 0x00000000e0600000|  0%| F|  |TAMS 0x00000000e0500000, 0x00000000e0500000| Untracked 
|   6|0x00000000e0600000, 0x00000000e0600000, 0x00000000e0700000|  0%| F|  |TAMS 0x00000000e0600000, 0x00000000e0600000| Untracked 
|   7|0x00000000e0700000, 0x00000000e0700000, 0x00000000e0800000|  0%| F|  |TAMS 0x00000000e0700000, 0x00000000e0700000| Untracked 
|   8|0x00000000e0800000, 0x00000000e0800000, 0x00000000e0900000|  0%| F|  |TAMS 0x00000000e0800000, 0x00000000e0800000| Untracked 
|   9|0x00000000e0900000, 0x00000000e0900000, 0x00000000e0a00000|  0%| F|  |TAMS 0x00000000e0900000, 0x00000000e0900000| Untracked 
|  10|0x00000000e0a00000, 0x00000000e0a00000, 0x00000000e0b00000|  0%| F|  |TAMS 0x00000000e0a00000, 0x00000000e0a00000| Untracked 
|  11|0x00000000e0b00000, 0x00000000e0b00000, 0x00000000e0c00000|  0%| F|  |TAMS 0x00000000e0b00000, 0x00000000e0b00000| Untracked 
|  12|0x00000000e0c00000, 0x00000000e0c00000, 0x00000000e0d00000|  0%| F|  |TAMS 0x00000000e0c00000, 0x00000000e0c00000| Untracked 
|  13|0x00000000e0d00000, 0x00000000e0d00000, 0x00000000e0e00000|  0%| F|  |TAMS 0x00000000e0d00000, 0x00000000e0d00000| Untracked 
|  14|0x00000000e0e00000, 0x00000000e0e00000, 0x00000000e0f00000|  0%| F|  |TAMS 0x00000000e0e00000, 0x00000000e0e00000| Untracked 
|  15|0x00000000e0f00000, 0x00000000e0f00000, 0x00000000e1000000|  0%| F|  |TAMS 0x00000000e0f00000, 0x00000000e0f00000| Untracked 
|  16|0x00000000e1000000, 0x00000000e1000000, 0x00000000e1100000|  0%| F|  |TAMS 0x00000000e1000000, 0x00000000e1000000| Untracked 
|  17|0x00000000e1100000, 0x00000000e1100000, 0x00000000e1200000|  0%| F|  |TAMS 0x00000000e1100000, 0x00000000e1100000| Untracked 
|  18|0x00000000e1200000, 0x00000000e1200000, 0x00000000e1300000|  0%| F|  |TAMS 0x00000000e1200000, 0x00000000e1200000| Untracked 
|  19|0x00000000e1300000, 0x00000000e1300000, 0x00000000e1400000|  0%| F|  |TAMS 0x00000000e1300000, 0x00000000e1300000| Untracked 
|  20|0x00000000e1400000, 0x00000000e1400000, 0x00000000e1500000|  0%| F|  |TAMS 0x00000000e1400000, 0x00000000e1400000| Untracked 
|  21|0x00000000e1500000, 0x00000000e1500000, 0x00000000e1600000|  0%| F|  |TAMS 0x00000000e1500000, 0x00000000e1500000| Untracked 
|  22|0x00000000e1600000, 0x00000000e1600000, 0x00000000e1700000|  0%| F|  |TAMS 0x00000000e1600000, 0x00000000e1600000| Untracked 
|  23|0x00000000e1700000, 0x00000000e1700000, 0x00000000e1800000|  0%| F|  |TAMS 0x00000000e1700000, 0x00000000e1700000| Untracked 
|  24|0x00000000e1800000, 0x00000000e1800000, 0x00000000e1900000|  0%| F|  |TAMS 0x00000000e1800000, 0x00000000e1800000| Untracked 
|  25|0x00000000e1900000, 0x00000000e1900000, 0x00000000e1a00000|  0%| F|  |TAMS 0x00000000e1900000, 0x00000000e1900000| Untracked 
|  26|0x00000000e1a00000, 0x00000000e1a00000, 0x00000000e1b00000|  0%| F|  |TAMS 0x00000000e1a00000, 0x00000000e1a00000| Untracked 
|  27|0x00000000e1b00000, 0x00000000e1b00000, 0x00000000e1c00000|  0%| F|  |TAMS 0x00000000e1b00000, 0x00000000e1b00000| Untracked 
|  28|0x00000000e1c00000, 0x00000000e1c00000, 0x00000000e1d00000|  0%| F|  |TAMS 0x00000000e1c00000, 0x00000000e1c00000| Untracked 
|  29|0x00000000e1d00000, 0x00000000e1d00000, 0x00000000e1e00000|  0%| F|  |TAMS 0x00000000e1d00000, 0x00000000e1d00000| Untracked 
|  30|0x00000000e1e00000, 0x00000000e1e00000, 0x00000000e1f00000|  0%| F|  |TAMS 0x00000000e1e00000, 0x00000000e1e00000| Untracked 
|  31|0x00000000e1f00000, 0x00000000e1f00000, 0x00000000e2000000|  0%| F|  |TAMS 0x00000000e1f00000, 0x00000000e1f00000| Untracked 
|  32|0x00000000e2000000, 0x00000000e2000000, 0x00000000e2100000|  0%| F|  |TAMS 0x00000000e2000000, 0x00000000e2000000| Untracked 
|  33|0x00000000e2100000, 0x00000000e2100000, 0x00000000e2200000|  0%| F|  |TAMS 0x00000000e2100000, 0x00000000e2100000| Untracked 
|  34|0x00000000e2200000, 0x00000000e2200000, 0x00000000e2300000|  0%| F|  |TAMS 0x00000000e2200000, 0x00000000e2200000| Untracked 
|  35|0x00000000e2300000, 0x00000000e2300000, 0x00000000e2400000|  0%| F|  |TAMS 0x00000000e2300000, 0x00000000e2300000| Untracked 
|  36|0x00000000e2400000, 0x00000000e2400000, 0x00000000e2500000|  0%| F|  |TAMS 0x00000000e2400000, 0x00000000e2400000| Untracked 
|  37|0x00000000e2500000, 0x00000000e2500000, 0x00000000e2600000|  0%| F|  |TAMS 0x00000000e2500000, 0x00000000e2500000| Untracked 
|  38|0x00000000e2600000, 0x00000000e2600000, 0x00000000e2700000|  0%| F|  |TAMS 0x00000000e2600000, 0x00000000e2600000| Untracked 
|  39|0x00000000e2700000, 0x00000000e2700000, 0x00000000e2800000|  0%| F|  |TAMS 0x00000000e2700000, 0x00000000e2700000| Untracked 
|  40|0x00000000e2800000, 0x00000000e2800000, 0x00000000e2900000|  0%| F|  |TAMS 0x00000000e2800000, 0x00000000e2800000| Untracked 
|  41|0x00000000e2900000, 0x00000000e2900000, 0x00000000e2a00000|  0%| F|  |TAMS 0x00000000e2900000, 0x00000000e2900000| Untracked 
|  42|0x00000000e2a00000, 0x00000000e2a00000, 0x00000000e2b00000|  0%| F|  |TAMS 0x00000000e2a00000, 0x00000000e2a00000| Untracked 
|  43|0x00000000e2b00000, 0x00000000e2b00000, 0x00000000e2c00000|  0%| F|  |TAMS 0x00000000e2b00000, 0x00000000e2b00000| Untracked 
|  44|0x00000000e2c00000, 0x00000000e2c00000, 0x00000000e2d00000|  0%| F|  |TAMS 0x00000000e2c00000, 0x00000000e2c00000| Untracked 
|  45|0x00000000e2d00000, 0x00000000e2d00000, 0x00000000e2e00000|  0%| F|  |TAMS 0x00000000e2d00000, 0x00000000e2d00000| Untracked 
|  46|0x00000000e2e00000, 0x00000000e2e00000, 0x00000000e2f00000|  0%| F|  |TAMS 0x00000000e2e00000, 0x00000000e2e00000| Untracked 
|  47|0x00000000e2f00000, 0x00000000e2f00000, 0x00000000e3000000|  0%| F|  |TAMS 0x00000000e2f00000, 0x00000000e2f00000| Untracked 
|  48|0x00000000e3000000, 0x00000000e3000000, 0x00000000e3100000|  0%| F|  |TAMS 0x00000000e3000000, 0x00000000e3000000| Untracked 
|  49|0x00000000e3100000, 0x00000000e3100000, 0x00000000e3200000|  0%| F|  |TAMS 0x00000000e3100000, 0x00000000e3100000| Untracked 
|  50|0x00000000e3200000, 0x00000000e3200000, 0x00000000e3300000|  0%| F|  |TAMS 0x00000000e3200000, 0x00000000e3200000| Untracked 
|  51|0x00000000e3300000, 0x00000000e3300000, 0x00000000e3400000|  0%| F|  |TAMS 0x00000000e3300000, 0x00000000e3300000| Untracked 
|  52|0x00000000e3400000, 0x00000000e3400000, 0x00000000e3500000|  0%| F|  |TAMS 0x00000000e3400000, 0x00000000e3400000| Untracked 
|  53|0x00000000e3500000, 0x00000000e3500000, 0x00000000e3600000|  0%| F|  |TAMS 0x00000000e3500000, 0x00000000e3500000| Untracked 
|  54|0x00000000e3600000, 0x00000000e3600000, 0x00000000e3700000|  0%| F|  |TAMS 0x00000000e3600000, 0x00000000e3600000| Untracked 
|  55|0x00000000e3700000, 0x00000000e3700000, 0x00000000e3800000|  0%| F|  |TAMS 0x00000000e3700000, 0x00000000e3700000| Untracked 
|  56|0x00000000e3800000, 0x00000000e3800000, 0x00000000e3900000|  0%| F|  |TAMS 0x00000000e3800000, 0x00000000e3800000| Untracked 
|  57|0x00000000e3900000, 0x00000000e3900000, 0x00000000e3a00000|  0%| F|  |TAMS 0x00000000e3900000, 0x00000000e3900000| Untracked 
|  58|0x00000000e3a00000, 0x00000000e3a00000, 0x00000000e3b00000|  0%| F|  |TAMS 0x00000000e3a00000, 0x00000000e3a00000| Untracked 
|  59|0x00000000e3b00000, 0x00000000e3b00000, 0x00000000e3c00000|  0%| F|  |TAMS 0x00000000e3b00000, 0x00000000e3b00000| Untracked 
|  60|0x00000000e3c00000, 0x00000000e3c00000, 0x00000000e3d00000|  0%| F|  |TAMS 0x00000000e3c00000, 0x00000000e3c00000| Untracked 
|  61|0x00000000e3d00000, 0x00000000e3d00000, 0x00000000e3e00000|  0%| F|  |TAMS 0x00000000e3d00000, 0x00000000e3d00000| Untracked 
|  62|0x00000000e3e00000, 0x00000000e3e00000, 0x00000000e3f00000|  0%| F|  |TAMS 0x00000000e3e00000, 0x00000000e3e00000| Untracked 
|  63|0x00000000e3f00000, 0x00000000e3f00000, 0x00000000e4000000|  0%| F|  |TAMS 0x00000000e3f00000, 0x00000000e3f00000| Untracked 
|  64|0x00000000e4000000, 0x00000000e4000000, 0x00000000e4100000|  0%| F|  |TAMS 0x00000000e4000000, 0x00000000e4000000| Untracked 
|  65|0x00000000e4100000, 0x00000000e4100000, 0x00000000e4200000|  0%| F|  |TAMS 0x00000000e4100000, 0x00000000e4100000| Untracked 
|  66|0x00000000e4200000, 0x00000000e4200000, 0x00000000e4300000|  0%| F|  |TAMS 0x00000000e4200000, 0x00000000e4200000| Untracked 
|  67|0x00000000e4300000, 0x00000000e4300000, 0x00000000e4400000|  0%| F|  |TAMS 0x00000000e4300000, 0x00000000e4300000| Untracked 
|  68|0x00000000e4400000, 0x00000000e4400000, 0x00000000e4500000|  0%| F|  |TAMS 0x00000000e4400000, 0x00000000e4400000| Untracked 
|  69|0x00000000e4500000, 0x00000000e4500000, 0x00000000e4600000|  0%| F|  |TAMS 0x00000000e4500000, 0x00000000e4500000| Untracked 
|  70|0x00000000e4600000, 0x00000000e4600000, 0x00000000e4700000|  0%| F|  |TAMS 0x00000000e4600000, 0x00000000e4600000| Untracked 
|  71|0x00000000e4700000, 0x00000000e4700000, 0x00000000e4800000|  0%| F|  |TAMS 0x00000000e4700000, 0x00000000e4700000| Untracked 
|  72|0x00000000e4800000, 0x00000000e4800000, 0x00000000e4900000|  0%| F|  |TAMS 0x00000000e4800000, 0x00000000e4800000| Untracked 
|  73|0x00000000e4900000, 0x00000000e4900000, 0x00000000e4a00000|  0%| F|  |TAMS 0x00000000e4900000, 0x00000000e4900000| Untracked 
|  74|0x00000000e4a00000, 0x00000000e4a00000, 0x00000000e4b00000|  0%| F|  |TAMS 0x00000000e4a00000, 0x00000000e4a00000| Untracked 
|  75|0x00000000e4b00000, 0x00000000e4b00000, 0x00000000e4c00000|  0%| F|  |TAMS 0x00000000e4b00000, 0x00000000e4b00000| Untracked 
|  76|0x00000000e4c00000, 0x00000000e4c00000, 0x00000000e4d00000|  0%| F|  |TAMS 0x00000000e4c00000, 0x00000000e4c00000| Untracked 
|  77|0x00000000e4d00000, 0x00000000e4d00000, 0x00000000e4e00000|  0%| F|  |TAMS 0x00000000e4d00000, 0x00000000e4d00000| Untracked 
|  78|0x00000000e4e00000, 0x00000000e4e00000, 0x00000000e4f00000|  0%| F|  |TAMS 0x00000000e4e00000, 0x00000000e4e00000| Untracked 
|  79|0x00000000e4f00000, 0x00000000e4f00000, 0x00000000e5000000|  0%| F|  |TAMS 0x00000000e4f00000, 0x00000000e4f00000| Untracked 
|  80|0x00000000e5000000, 0x00000000e5000000, 0x00000000e5100000|  0%| F|  |TAMS 0x00000000e5000000, 0x00000000e5000000| Untracked 
|  81|0x00000000e5100000, 0x00000000e5100000, 0x00000000e5200000|  0%| F|  |TAMS 0x00000000e5100000, 0x00000000e5100000| Untracked 
|  82|0x00000000e5200000, 0x00000000e5200000, 0x00000000e5300000|  0%| F|  |TAMS 0x00000000e5200000, 0x00000000e5200000| Untracked 
|  83|0x00000000e5300000, 0x00000000e5300000, 0x00000000e5400000|  0%| F|  |TAMS 0x00000000e5300000, 0x00000000e5300000| Untracked 
|  84|0x00000000e5400000, 0x00000000e5400000, 0x00000000e5500000|  0%| F|  |TAMS 0x00000000e5400000, 0x00000000e5400000| Untracked 
|  85|0x00000000e5500000, 0x00000000e5500000, 0x00000000e5600000|  0%| F|  |TAMS 0x00000000e5500000, 0x00000000e5500000| Untracked 
|  86|0x00000000e5600000, 0x00000000e5600000, 0x00000000e5700000|  0%| F|  |TAMS 0x00000000e5600000, 0x00000000e5600000| Untracked 
|  87|0x00000000e5700000, 0x00000000e5700000, 0x00000000e5800000|  0%| F|  |TAMS 0x00000000e5700000, 0x00000000e5700000| Untracked 
|  88|0x00000000e5800000, 0x00000000e5800000, 0x00000000e5900000|  0%| F|  |TAMS 0x00000000e5800000, 0x00000000e5800000| Untracked 
|  89|0x00000000e5900000, 0x00000000e5900000, 0x00000000e5a00000|  0%| F|  |TAMS 0x00000000e5900000, 0x00000000e5900000| Untracked 
|  90|0x00000000e5a00000, 0x00000000e5a00000, 0x00000000e5b00000|  0%| F|  |TAMS 0x00000000e5a00000, 0x00000000e5a00000| Untracked 
|  91|0x00000000e5b00000, 0x00000000e5b00000, 0x00000000e5c00000|  0%| F|  |TAMS 0x00000000e5b00000, 0x00000000e5b00000| Untracked 
|  92|0x00000000e5c00000, 0x00000000e5c00000, 0x00000000e5d00000|  0%| F|  |TAMS 0x00000000e5c00000, 0x00000000e5c00000| Untracked 
|  93|0x00000000e5d00000, 0x00000000e5d00000, 0x00000000e5e00000|  0%| F|  |TAMS 0x00000000e5d00000, 0x00000000e5d00000| Untracked 
|  94|0x00000000e5e00000, 0x00000000e5e00000, 0x00000000e5f00000|  0%| F|  |TAMS 0x00000000e5e00000, 0x00000000e5e00000| Untracked 
|  95|0x00000000e5f00000, 0x00000000e5f00000, 0x00000000e6000000|  0%| F|  |TAMS 0x00000000e5f00000, 0x00000000e5f00000| Untracked 
|  96|0x00000000e6000000, 0x00000000e6000000, 0x00000000e6100000|  0%| F|  |TAMS 0x00000000e6000000, 0x00000000e6000000| Untracked 
|  97|0x00000000e6100000, 0x00000000e6100000, 0x00000000e6200000|  0%| F|  |TAMS 0x00000000e6100000, 0x00000000e6100000| Untracked 
|  98|0x00000000e6200000, 0x00000000e6200000, 0x00000000e6300000|  0%| F|  |TAMS 0x00000000e6200000, 0x00000000e6200000| Untracked 
|  99|0x00000000e6300000, 0x00000000e6300000, 0x00000000e6400000|  0%| F|  |TAMS 0x00000000e6300000, 0x00000000e6300000| Untracked 
| 100|0x00000000e6400000, 0x00000000e6400000, 0x00000000e6500000|  0%| F|  |TAMS 0x00000000e6400000, 0x00000000e6400000| Untracked 
| 101|0x00000000e6500000, 0x00000000e6500000, 0x00000000e6600000|  0%| F|  |TAMS 0x00000000e6500000, 0x00000000e6500000| Untracked 
| 102|0x00000000e6600000, 0x00000000e6600000, 0x00000000e6700000|  0%| F|  |TAMS 0x00000000e6600000, 0x00000000e6600000| Untracked 
| 103|0x00000000e6700000, 0x00000000e6700000, 0x00000000e6800000|  0%| F|  |TAMS 0x00000000e6700000, 0x00000000e6700000| Untracked 
| 104|0x00000000e6800000, 0x00000000e6800000, 0x00000000e6900000|  0%| F|  |TAMS 0x00000000e6800000, 0x00000000e6800000| Untracked 
| 105|0x00000000e6900000, 0x00000000e6900000, 0x00000000e6a00000|  0%| F|  |TAMS 0x00000000e6900000, 0x00000000e6900000| Untracked 
| 106|0x00000000e6a00000, 0x00000000e6a00000, 0x00000000e6b00000|  0%| F|  |TAMS 0x00000000e6a00000, 0x00000000e6a00000| Untracked 
| 107|0x00000000e6b00000, 0x00000000e6b00000, 0x00000000e6c00000|  0%| F|  |TAMS 0x00000000e6b00000, 0x00000000e6b00000| Untracked 
| 108|0x00000000e6c00000, 0x00000000e6c00000, 0x00000000e6d00000|  0%| F|  |TAMS 0x00000000e6c00000, 0x00000000e6c00000| Untracked 
| 109|0x00000000e6d00000, 0x00000000e6d00000, 0x00000000e6e00000|  0%| F|  |TAMS 0x00000000e6d00000, 0x00000000e6d00000| Untracked 
| 110|0x00000000e6e00000, 0x00000000e6e00000, 0x00000000e6f00000|  0%| F|  |TAMS 0x00000000e6e00000, 0x00000000e6e00000| Untracked 
| 111|0x00000000e6f00000, 0x00000000e6f00000, 0x00000000e7000000|  0%| F|  |TAMS 0x00000000e6f00000, 0x00000000e6f00000| Untracked 
| 112|0x00000000e7000000, 0x00000000e7000000, 0x00000000e7100000|  0%| F|  |TAMS 0x00000000e7000000, 0x00000000e7000000| Untracked 
| 113|0x00000000e7100000, 0x00000000e7100000, 0x00000000e7200000|  0%| F|  |TAMS 0x00000000e7100000, 0x00000000e7100000| Untracked 
| 114|0x00000000e7200000, 0x00000000e7200000, 0x00000000e7300000|  0%| F|  |TAMS 0x00000000e7200000, 0x00000000e7200000| Untracked 
| 115|0x00000000e7300000, 0x00000000e7300000, 0x00000000e7400000|  0%| F|  |TAMS 0x00000000e7300000, 0x00000000e7300000| Untracked 
| 116|0x00000000e7400000, 0x00000000e7400000, 0x00000000e7500000|  0%| F|  |TAMS 0x00000000e7400000, 0x00000000e7400000| Untracked 
| 117|0x00000000e7500000, 0x00000000e7500000, 0x00000000e7600000|  0%| F|  |TAMS 0x00000000e7500000, 0x00000000e7500000| Untracked 
| 118|0x00000000e7600000, 0x00000000e7600000, 0x00000000e7700000|  0%| F|  |TAMS 0x00000000e7600000, 0x00000000e7600000| Untracked 
| 119|0x00000000e7700000, 0x00000000e7700000, 0x00000000e7800000|  0%| F|  |TAMS 0x00000000e7700000, 0x00000000e7700000| Untracked 
| 120|0x00000000e7800000, 0x00000000e7800000, 0x00000000e7900000|  0%| F|  |TAMS 0x00000000e7800000, 0x00000000e7800000| Untracked 
| 121|0x00000000e7900000, 0x00000000e7900000, 0x00000000e7a00000|  0%| F|  |TAMS 0x00000000e7900000, 0x00000000e7900000| Untracked 
| 122|0x00000000e7a00000, 0x00000000e7a00000, 0x00000000e7b00000|  0%| F|  |TAMS 0x00000000e7a00000, 0x00000000e7a00000| Untracked 
| 123|0x00000000e7b00000, 0x00000000e7b00000, 0x00000000e7c00000|  0%| F|  |TAMS 0x00000000e7b00000, 0x00000000e7b00000| Untracked 
| 124|0x00000000e7c00000, 0x00000000e7c00000, 0x00000000e7d00000|  0%| F|  |TAMS 0x00000000e7c00000, 0x00000000e7c00000| Untracked 
| 125|0x00000000e7d00000, 0x00000000e7d00000, 0x00000000e7e00000|  0%| F|  |TAMS 0x00000000e7d00000, 0x00000000e7d00000| Untracked 
| 126|0x00000000e7e00000, 0x00000000e7e00000, 0x00000000e7f00000|  0%| F|  |TAMS 0x00000000e7e00000, 0x00000000e7e00000| Untracked 
| 127|0x00000000e7f00000, 0x00000000e7f00000, 0x00000000e8000000|  0%| F|  |TAMS 0x00000000e7f00000, 0x00000000e7f00000| Untracked 
| 128|0x00000000e8000000, 0x00000000e8000000, 0x00000000e8100000|  0%| F|  |TAMS 0x00000000e8000000, 0x00000000e8000000| Untracked 
| 129|0x00000000e8100000, 0x00000000e8100000, 0x00000000e8200000|  0%| F|  |TAMS 0x00000000e8100000, 0x00000000e8100000| Untracked 
| 130|0x00000000e8200000, 0x00000000e8200000, 0x00000000e8300000|  0%| F|  |TAMS 0x00000000e8200000, 0x00000000e8200000| Untracked 
| 131|0x00000000e8300000, 0x00000000e8300000, 0x00000000e8400000|  0%| F|  |TAMS 0x00000000e8300000, 0x00000000e8300000| Untracked 
| 132|0x00000000e8400000, 0x00000000e8400000, 0x00000000e8500000|  0%| F|  |TAMS 0x00000000e8400000, 0x00000000e8400000| Untracked 
| 133|0x00000000e8500000, 0x00000000e8500000, 0x00000000e8600000|  0%| F|  |TAMS 0x00000000e8500000, 0x00000000e8500000| Untracked 
| 134|0x00000000e8600000, 0x00000000e8600000, 0x00000000e8700000|  0%| F|  |TAMS 0x00000000e8600000, 0x00000000e8600000| Untracked 
| 135|0x00000000e8700000, 0x00000000e8700000, 0x00000000e8800000|  0%| F|  |TAMS 0x00000000e8700000, 0x00000000e8700000| Untracked 
| 136|0x00000000e8800000, 0x00000000e8800000, 0x00000000e8900000|  0%| F|  |TAMS 0x00000000e8800000, 0x00000000e8800000| Untracked 
| 137|0x00000000e8900000, 0x00000000e8900000, 0x00000000e8a00000|  0%| F|  |TAMS 0x00000000e8900000, 0x00000000e8900000| Untracked 
| 138|0x00000000e8a00000, 0x00000000e8a00000, 0x00000000e8b00000|  0%| F|  |TAMS 0x00000000e8a00000, 0x00000000e8a00000| Untracked 
| 139|0x00000000e8b00000, 0x00000000e8b00000, 0x00000000e8c00000|  0%| F|  |TAMS 0x00000000e8b00000, 0x00000000e8b00000| Untracked 
| 140|0x00000000e8c00000, 0x00000000e8c00000, 0x00000000e8d00000|  0%| F|  |TAMS 0x00000000e8c00000, 0x00000000e8c00000| Untracked 
| 141|0x00000000e8d00000, 0x00000000e8d00000, 0x00000000e8e00000|  0%| F|  |TAMS 0x00000000e8d00000, 0x00000000e8d00000| Untracked 
| 142|0x00000000e8e00000, 0x00000000e8e00000, 0x00000000e8f00000|  0%| F|  |TAMS 0x00000000e8e00000, 0x00000000e8e00000| Untracked 
| 143|0x00000000e8f00000, 0x00000000e8f00000, 0x00000000e9000000|  0%| F|  |TAMS 0x00000000e8f00000, 0x00000000e8f00000| Untracked 
| 144|0x00000000e9000000, 0x00000000e9000000, 0x00000000e9100000|  0%| F|  |TAMS 0x00000000e9000000, 0x00000000e9000000| Untracked 
| 145|0x00000000e9100000, 0x00000000e9100000, 0x00000000e9200000|  0%| F|  |TAMS 0x00000000e9100000, 0x00000000e9100000| Untracked 
| 146|0x00000000e9200000, 0x00000000e9200000, 0x00000000e9300000|  0%| F|  |TAMS 0x00000000e9200000, 0x00000000e9200000| Untracked 
| 147|0x00000000e9300000, 0x00000000e9300000, 0x00000000e9400000|  0%| F|  |TAMS 0x00000000e9300000, 0x00000000e9300000| Untracked 
| 148|0x00000000e9400000, 0x00000000e9400000, 0x00000000e9500000|  0%| F|  |TAMS 0x00000000e9400000, 0x00000000e9400000| Untracked 
| 149|0x00000000e9500000, 0x00000000e9500000, 0x00000000e9600000|  0%| F|  |TAMS 0x00000000e9500000, 0x00000000e9500000| Untracked 
| 150|0x00000000e9600000, 0x00000000e9600000, 0x00000000e9700000|  0%| F|  |TAMS 0x00000000e9600000, 0x00000000e9600000| Untracked 
| 151|0x00000000e9700000, 0x00000000e9700000, 0x00000000e9800000|  0%| F|  |TAMS 0x00000000e9700000, 0x00000000e9700000| Untracked 
| 152|0x00000000e9800000, 0x00000000e9800000, 0x00000000e9900000|  0%| F|  |TAMS 0x00000000e9800000, 0x00000000e9800000| Untracked 
| 153|0x00000000e9900000, 0x00000000e9900000, 0x00000000e9a00000|  0%| F|  |TAMS 0x00000000e9900000, 0x00000000e9900000| Untracked 
| 154|0x00000000e9a00000, 0x00000000e9a00000, 0x00000000e9b00000|  0%| F|  |TAMS 0x00000000e9a00000, 0x00000000e9a00000| Untracked 
| 155|0x00000000e9b00000, 0x00000000e9b00000, 0x00000000e9c00000|  0%| F|  |TAMS 0x00000000e9b00000, 0x00000000e9b00000| Untracked 
| 156|0x00000000e9c00000, 0x00000000e9c00000, 0x00000000e9d00000|  0%| F|  |TAMS 0x00000000e9c00000, 0x00000000e9c00000| Untracked 
| 157|0x00000000e9d00000, 0x00000000e9d00000, 0x00000000e9e00000|  0%| F|  |TAMS 0x00000000e9d00000, 0x00000000e9d00000| Untracked 
| 158|0x00000000e9e00000, 0x00000000e9e00000, 0x00000000e9f00000|  0%| F|  |TAMS 0x00000000e9e00000, 0x00000000e9e00000| Untracked 
| 159|0x00000000e9f00000, 0x00000000e9f00000, 0x00000000ea000000|  0%| F|  |TAMS 0x00000000e9f00000, 0x00000000e9f00000| Untracked 
| 160|0x00000000ea000000, 0x00000000ea000000, 0x00000000ea100000|  0%| F|  |TAMS 0x00000000ea000000, 0x00000000ea000000| Untracked 
| 161|0x00000000ea100000, 0x00000000ea100000, 0x00000000ea200000|  0%| F|  |TAMS 0x00000000ea100000, 0x00000000ea100000| Untracked 
| 162|0x00000000ea200000, 0x00000000ea200000, 0x00000000ea300000|  0%| F|  |TAMS 0x00000000ea200000, 0x00000000ea200000| Untracked 
| 163|0x00000000ea300000, 0x00000000ea300000, 0x00000000ea400000|  0%| F|  |TAMS 0x00000000ea300000, 0x00000000ea300000| Untracked 
| 164|0x00000000ea400000, 0x00000000ea400000, 0x00000000ea500000|  0%| F|  |TAMS 0x00000000ea400000, 0x00000000ea400000| Untracked 
| 165|0x00000000ea500000, 0x00000000ea500000, 0x00000000ea600000|  0%| F|  |TAMS 0x00000000ea500000, 0x00000000ea500000| Untracked 
| 166|0x00000000ea600000, 0x00000000ea600000, 0x00000000ea700000|  0%| F|  |TAMS 0x00000000ea600000, 0x00000000ea600000| Untracked 
| 167|0x00000000ea700000, 0x00000000ea700000, 0x00000000ea800000|  0%| F|  |TAMS 0x00000000ea700000, 0x00000000ea700000| Untracked 
| 168|0x00000000ea800000, 0x00000000ea800000, 0x00000000ea900000|  0%| F|  |TAMS 0x00000000ea800000, 0x00000000ea800000| Untracked 
| 169|0x00000000ea900000, 0x00000000ea900000, 0x00000000eaa00000|  0%| F|  |TAMS 0x00000000ea900000, 0x00000000ea900000| Untracked 
| 170|0x00000000eaa00000, 0x00000000eaa00000, 0x00000000eab00000|  0%| F|  |TAMS 0x00000000eaa00000, 0x00000000eaa00000| Untracked 
| 171|0x00000000eab00000, 0x00000000eab00000, 0x00000000eac00000|  0%| F|  |TAMS 0x00000000eab00000, 0x00000000eab00000| Untracked 
| 172|0x00000000eac00000, 0x00000000eac00000, 0x00000000ead00000|  0%| F|  |TAMS 0x00000000eac00000, 0x00000000eac00000| Untracked 
| 173|0x00000000ead00000, 0x00000000ead00000, 0x00000000eae00000|  0%| F|  |TAMS 0x00000000ead00000, 0x00000000ead00000| Untracked 
| 174|0x00000000eae00000, 0x00000000eae00000, 0x00000000eaf00000|  0%| F|  |TAMS 0x00000000eae00000, 0x00000000eae00000| Untracked 
| 175|0x00000000eaf00000, 0x00000000eaf00000, 0x00000000eb000000|  0%| F|  |TAMS 0x00000000eaf00000, 0x00000000eaf00000| Untracked 
| 176|0x00000000eb000000, 0x00000000eb000000, 0x00000000eb100000|  0%| F|  |TAMS 0x00000000eb000000, 0x00000000eb000000| Untracked 
| 177|0x00000000eb100000, 0x00000000eb100000, 0x00000000eb200000|  0%| F|  |TAMS 0x00000000eb100000, 0x00000000eb100000| Untracked 
| 178|0x00000000eb200000, 0x00000000eb200000, 0x00000000eb300000|  0%| F|  |TAMS 0x00000000eb200000, 0x00000000eb200000| Untracked 
| 179|0x00000000eb300000, 0x00000000eb300000, 0x00000000eb400000|  0%| F|  |TAMS 0x00000000eb300000, 0x00000000eb300000| Untracked 
| 180|0x00000000eb400000, 0x00000000eb400000, 0x00000000eb500000|  0%| F|  |TAMS 0x00000000eb400000, 0x00000000eb400000| Untracked 
| 181|0x00000000eb500000, 0x00000000eb500000, 0x00000000eb600000|  0%| F|  |TAMS 0x00000000eb500000, 0x00000000eb500000| Untracked 
| 182|0x00000000eb600000, 0x00000000eb600000, 0x00000000eb700000|  0%| F|  |TAMS 0x00000000eb600000, 0x00000000eb600000| Untracked 
| 183|0x00000000eb700000, 0x00000000eb700000, 0x00000000eb800000|  0%| F|  |TAMS 0x00000000eb700000, 0x00000000eb700000| Untracked 
| 184|0x00000000eb800000, 0x00000000eb800000, 0x00000000eb900000|  0%| F|  |TAMS 0x00000000eb800000, 0x00000000eb800000| Untracked 
| 185|0x00000000eb900000, 0x00000000eb900000, 0x00000000eba00000|  0%| F|  |TAMS 0x00000000eb900000, 0x00000000eb900000| Untracked 
| 186|0x00000000eba00000, 0x00000000eba00000, 0x00000000ebb00000|  0%| F|  |TAMS 0x00000000eba00000, 0x00000000eba00000| Untracked 
| 187|0x00000000ebb00000, 0x00000000ebb00000, 0x00000000ebc00000|  0%| F|  |TAMS 0x00000000ebb00000, 0x00000000ebb00000| Untracked 
| 188|0x00000000ebc00000, 0x00000000ebc00000, 0x00000000ebd00000|  0%| F|  |TAMS 0x00000000ebc00000, 0x00000000ebc00000| Untracked 
| 189|0x00000000ebd00000, 0x00000000ebd00000, 0x00000000ebe00000|  0%| F|  |TAMS 0x00000000ebd00000, 0x00000000ebd00000| Untracked 
| 190|0x00000000ebe00000, 0x00000000ebe00000, 0x00000000ebf00000|  0%| F|  |TAMS 0x00000000ebe00000, 0x00000000ebe00000| Untracked 
| 191|0x00000000ebf00000, 0x00000000ebf00000, 0x00000000ec000000|  0%| F|  |TAMS 0x00000000ebf00000, 0x00000000ebf00000| Untracked 
| 192|0x00000000ec000000, 0x00000000ec000000, 0x00000000ec100000|  0%| F|  |TAMS 0x00000000ec000000, 0x00000000ec000000| Untracked 
| 193|0x00000000ec100000, 0x00000000ec100000, 0x00000000ec200000|  0%| F|  |TAMS 0x00000000ec100000, 0x00000000ec100000| Untracked 
| 194|0x00000000ec200000, 0x00000000ec200000, 0x00000000ec300000|  0%| F|  |TAMS 0x00000000ec200000, 0x00000000ec200000| Untracked 
| 195|0x00000000ec300000, 0x00000000ec300000, 0x00000000ec400000|  0%| F|  |TAMS 0x00000000ec300000, 0x00000000ec300000| Untracked 
| 196|0x00000000ec400000, 0x00000000ec400000, 0x00000000ec500000|  0%| F|  |TAMS 0x00000000ec400000, 0x00000000ec400000| Untracked 
| 197|0x00000000ec500000, 0x00000000ec500000, 0x00000000ec600000|  0%| F|  |TAMS 0x00000000ec500000, 0x00000000ec500000| Untracked 
| 198|0x00000000ec600000, 0x00000000ec600000, 0x00000000ec700000|  0%| F|  |TAMS 0x00000000ec600000, 0x00000000ec600000| Untracked 
| 199|0x00000000ec700000, 0x00000000ec700000, 0x00000000ec800000|  0%| F|  |TAMS 0x00000000ec700000, 0x00000000ec700000| Untracked 
| 200|0x00000000ec800000, 0x00000000ec800000, 0x00000000ec900000|  0%| F|  |TAMS 0x00000000ec800000, 0x00000000ec800000| Untracked 
| 201|0x00000000ec900000, 0x00000000ec900000, 0x00000000eca00000|  0%| F|  |TAMS 0x00000000ec900000, 0x00000000ec900000| Untracked 
| 202|0x00000000eca00000, 0x00000000eca00000, 0x00000000ecb00000|  0%| F|  |TAMS 0x00000000eca00000, 0x00000000eca00000| Untracked 
| 203|0x00000000ecb00000, 0x00000000ecb00000, 0x00000000ecc00000|  0%| F|  |TAMS 0x00000000ecb00000, 0x00000000ecb00000| Untracked 
| 204|0x00000000ecc00000, 0x00000000ecc00000, 0x00000000ecd00000|  0%| F|  |TAMS 0x00000000ecc00000, 0x00000000ecc00000| Untracked 
| 205|0x00000000ecd00000, 0x00000000ecd00000, 0x00000000ece00000|  0%| F|  |TAMS 0x00000000ecd00000, 0x00000000ecd00000| Untracked 
| 206|0x00000000ece00000, 0x00000000ece00000, 0x00000000ecf00000|  0%| F|  |TAMS 0x00000000ece00000, 0x00000000ece00000| Untracked 
| 207|0x00000000ecf00000, 0x00000000ecf00000, 0x00000000ed000000|  0%| F|  |TAMS 0x00000000ecf00000, 0x00000000ecf00000| Untracked 
| 208|0x00000000ed000000, 0x00000000ed000000, 0x00000000ed100000|  0%| F|  |TAMS 0x00000000ed000000, 0x00000000ed000000| Untracked 
| 209|0x00000000ed100000, 0x00000000ed100000, 0x00000000ed200000|  0%| F|  |TAMS 0x00000000ed100000, 0x00000000ed100000| Untracked 
| 210|0x00000000ed200000, 0x00000000ed200000, 0x00000000ed300000|  0%| F|  |TAMS 0x00000000ed200000, 0x00000000ed200000| Untracked 
| 211|0x00000000ed300000, 0x00000000ed300000, 0x00000000ed400000|  0%| F|  |TAMS 0x00000000ed300000, 0x00000000ed300000| Untracked 
| 212|0x00000000ed400000, 0x00000000ed400000, 0x00000000ed500000|  0%| F|  |TAMS 0x00000000ed400000, 0x00000000ed400000| Untracked 
| 213|0x00000000ed500000, 0x00000000ed5f6478, 0x00000000ed600000| 96%| E|  |TAMS 0x00000000ed500000, 0x00000000ed500000| Complete 
| 214|0x00000000ed600000, 0x00000000ed700000, 0x00000000ed700000|100%| E|CS|TAMS 0x00000000ed600000, 0x00000000ed600000| Complete 
| 215|0x00000000ed700000, 0x00000000ed800000, 0x00000000ed800000|100%| E|CS|TAMS 0x00000000ed700000, 0x00000000ed700000| Complete 
| 216|0x00000000ed800000, 0x00000000ed900000, 0x00000000ed900000|100%| E|CS|TAMS 0x00000000ed800000, 0x00000000ed800000| Complete 
| 217|0x00000000ed900000, 0x00000000eda00000, 0x00000000eda00000|100%| E|CS|TAMS 0x00000000ed900000, 0x00000000ed900000| Complete 
| 218|0x00000000eda00000, 0x00000000edb00000, 0x00000000edb00000|100%| E|CS|TAMS 0x00000000eda00000, 0x00000000eda00000| Complete 
| 219|0x00000000edb00000, 0x00000000edc00000, 0x00000000edc00000|100%| E|CS|TAMS 0x00000000edb00000, 0x00000000edb00000| Complete 
| 220|0x00000000edc00000, 0x00000000edd00000, 0x00000000edd00000|100%| E|CS|TAMS 0x00000000edc00000, 0x00000000edc00000| Complete 
| 221|0x00000000edd00000, 0x00000000ede00000, 0x00000000ede00000|100%| E|CS|TAMS 0x00000000edd00000, 0x00000000edd00000| Complete 
| 222|0x00000000ede00000, 0x00000000ede668a0, 0x00000000edf00000| 40%| S|CS|TAMS 0x00000000ede00000, 0x00000000ede00000| Complete 
| 223|0x00000000edf00000, 0x00000000ee000000, 0x00000000ee000000|100%| E|CS|TAMS 0x00000000edf00000, 0x00000000edf00000| Complete 
| 224|0x00000000ee000000, 0x00000000ee100000, 0x00000000ee100000|100%| E|CS|TAMS 0x00000000ee000000, 0x00000000ee000000| Complete 
| 225|0x00000000ee100000, 0x00000000ee200000, 0x00000000ee200000|100%| E|CS|TAMS 0x00000000ee100000, 0x00000000ee100000| Complete 
| 226|0x00000000ee200000, 0x00000000ee300000, 0x00000000ee300000|100%| E|CS|TAMS 0x00000000ee200000, 0x00000000ee200000| Complete 
| 227|0x00000000ee300000, 0x00000000ee400000, 0x00000000ee400000|100%| E|CS|TAMS 0x00000000ee300000, 0x00000000ee300000| Complete 
| 228|0x00000000ee400000, 0x00000000ee500000, 0x00000000ee500000|100%| E|CS|TAMS 0x00000000ee400000, 0x00000000ee400000| Complete 
| 229|0x00000000ee500000, 0x00000000ee600000, 0x00000000ee600000|100%| E|CS|TAMS 0x00000000ee500000, 0x00000000ee500000| Complete 
| 230|0x00000000ee600000, 0x00000000ee700000, 0x00000000ee700000|100%| E|CS|TAMS 0x00000000ee600000, 0x00000000ee600000| Complete 
| 231|0x00000000ee700000, 0x00000000ee800000, 0x00000000ee800000|100%| E|CS|TAMS 0x00000000ee700000, 0x00000000ee700000| Complete 
| 232|0x00000000ee800000, 0x00000000ee900000, 0x00000000ee900000|100%| E|CS|TAMS 0x00000000ee800000, 0x00000000ee800000| Complete 
| 233|0x00000000ee900000, 0x00000000eea00000, 0x00000000eea00000|100%| E|CS|TAMS 0x00000000ee900000, 0x00000000ee900000| Complete 
| 234|0x00000000eea00000, 0x00000000eeb00000, 0x00000000eeb00000|100%| E|CS|TAMS 0x00000000eea00000, 0x00000000eea00000| Complete 
| 235|0x00000000eeb00000, 0x00000000eec00000, 0x00000000eec00000|100%| E|CS|TAMS 0x00000000eeb00000, 0x00000000eeb00000| Complete 
| 236|0x00000000eec00000, 0x00000000eed00000, 0x00000000eed00000|100%| E|CS|TAMS 0x00000000eec00000, 0x00000000eec00000| Complete 
| 237|0x00000000eed00000, 0x00000000eee00000, 0x00000000eee00000|100%| E|CS|TAMS 0x00000000eed00000, 0x00000000eed00000| Complete 
| 238|0x00000000eee00000, 0x00000000eef00000, 0x00000000eef00000|100%| E|CS|TAMS 0x00000000eee00000, 0x00000000eee00000| Complete 
| 239|0x00000000eef00000, 0x00000000ef000000, 0x00000000ef000000|100%| E|CS|TAMS 0x00000000eef00000, 0x00000000eef00000| Complete 
| 240|0x00000000ef000000, 0x00000000ef100000, 0x00000000ef100000|100%| E|CS|TAMS 0x00000000ef000000, 0x00000000ef000000| Complete 
| 241|0x00000000ef100000, 0x00000000ef200000, 0x00000000ef200000|100%| E|CS|TAMS 0x00000000ef100000, 0x00000000ef100000| Complete 
| 242|0x00000000ef200000, 0x00000000ef300000, 0x00000000ef300000|100%| E|CS|TAMS 0x00000000ef200000, 0x00000000ef200000| Complete 
| 243|0x00000000ef300000, 0x00000000ef400000, 0x00000000ef400000|100%| E|CS|TAMS 0x00000000ef300000, 0x00000000ef300000| Complete 
| 244|0x00000000ef400000, 0x00000000ef500000, 0x00000000ef500000|100%| E|  |TAMS 0x00000000ef400000, 0x00000000ef400000| Complete 
| 245|0x00000000ef500000, 0x00000000ef600000, 0x00000000ef600000|100%| E|CS|TAMS 0x00000000ef500000, 0x00000000ef500000| Complete 
| 510|0x00000000ffe00000, 0x00000000ffe52000, 0x00000000fff00000| 32%|OA|  |TAMS 0x00000000ffe00000, 0x00000000ffe00000| Untracked 
| 511|0x00000000fff00000, 0x00000000fff7f000, 0x0000000100000000| 49%|CA|  |TAMS 0x00000000fff00000, 0x00000000fff00000| Untracked 

Card table byte_map: [0x00007efe2f7cc000,0x00007efe2f8cc000] _byte_map_base: 0x00007efe2f0cc000

Marking Bits (Prev, Next): (CMBitMap*) 0x00007efe48057938, (CMBitMap*) 0x00007efe48057978
 Prev Bits: [0x00007efe2eecc000, 0x00007efe2f6cc000)
 Next Bits: [0x00007efe2e6cc000, 0x00007efe2eecc000)

Polling page: 0x00007efe4d89a000

Metaspace:

Usage:
  Non-class:      9.47 MB capacity,     9.20 MB ( 97%) used,   240.06 KB (  2%) free+waste,    32.06 KB ( <1%) overhead. 
      Class:      1.40 MB capacity,     1.24 MB ( 89%) used,   142.67 KB ( 10%) free+waste,    16.44 KB (  1%) overhead. 
       Both:     10.87 MB capacity,    10.44 MB ( 96%) used,   382.73 KB (  3%) free+waste,    48.50 KB ( <1%) overhead. 

Virtual space:
  Non-class space:       10.00 MB reserved,       9.50 MB ( 95%) committed 
      Class space:        1.00 GB reserved,       1.50 MB ( <1%) committed 
             Both:        1.01 GB reserved,      11.00 MB (  1%) committed 

Chunk freelists:
   Non-Class:  12.00 KB
       Class:  14.00 KB
        Both:  26.00 KB

MaxMetaspaceSize: unlimited
CompressedClassSpaceSize: 1.00 GB

CodeHeap 'non-profiled nmethods': size=119168Kb used=746Kb max_used=746Kb free=118421Kb
 bounds [0x00007efe38279000, 0x00007efe384e9000, 0x00007efe3f6d9000]
CodeHeap 'profiled nmethods': size=119164Kb used=3818Kb max_used=3818Kb free=115346Kb
 bounds [0x00007efe30e1a000, 0x00007efe311da000, 0x00007efe38279000]
CodeHeap 'non-nmethods': size=7428Kb used=1236Kb max_used=2938Kb free=6191Kb
 bounds [0x00007efe306d9000, 0x00007efe309c9000, 0x00007efe30e1a000]
 total_blobs=3226 nmethods=1977 adapters=413
 compilation: enabled
              stopped_count=0, restarted_count=0
 full_count=0

Compilation events (20 events):
Event: 960.452 Thread 0x00007efe48198800 2204  s    3       java.lang.Throwable::getOurStackTrace (55 bytes)
Event: 960.452 Thread 0x00007efe48198800 nmethod 2204 0x00007efe311cef10 code [0x00007efe311cf0c0, 0x00007efe311cf580]
Event: 980.453 Thread 0x00007efe4818e800 2205       4       java.util.regex.Pattern$CharPropertyGreedy::match (122 bytes)
Event: 980.460 Thread 0x00007efe4818e800 nmethod 2205 0x00007efe38331d90 code [0x00007efe38332040, 0x00007efe383327b8]
Event: 990.454 Thread 0x00007efe48198800 2206       3       java.util.ArrayList::rangeCheckForAdd (26 bytes)
Event: 990.455 Thread 0x00007efe48198800 nmethod 2206 0x00007efe311cf610 code [0x00007efe311cf840, 0x00007efe311cfee0]
Event: 1010.456 Thread 0x00007efe4818e800 2207       4       org.gradle.internal.serialize.kryo.KryoBackedEncoder::writeSmallInt (11 bytes)
Event: 1010.458 Thread 0x00007efe4818e800 nmethod 2207 0x00007efe38332d10 code [0x00007efe38332ea0, 0x00007efe38332f68]
Event: 1020.456 Thread 0x00007efe48198800 2208       1       java.util.Collections$EmptyMap::get (2 bytes)
Event: 1020.456 Thread 0x00007efe48198800 nmethod 2208 0x00007efe38333090 code [0x00007efe38333220, 0x00007efe383332f0]
Event: 1030.456 Thread 0x00007efe48198800 2209   !   3       java.util.concurrent.ConcurrentHashMap::replaceNode (437 bytes)
Event: 1030.460 Thread 0x00007efe48198800 nmethod 2209 0x00007efe311d0210 code [0x00007efe311d05a0, 0x00007efe311d27b0]
Event: 1030.460 Thread 0x00007efe48198800 2210       3       java.util.ArrayList::add (65 bytes)
Event: 1030.461 Thread 0x00007efe48198800 nmethod 2210 0x00007efe311d3610 code [0x00007efe311d3800, 0x00007efe311d3ed0]
Event: 1040.457 Thread 0x00007efe48198800 2211       3       java.lang.Class::annotationData (44 bytes)
Event: 1040.457 Thread 0x00007efe48198800 nmethod 2211 0x00007efe311d4190 code [0x00007efe311d4340, 0x00007efe311d46c0]
Event: 1043.148 Thread 0x00007efe48198800 2212       1       java.util.concurrent.CopyOnWriteArrayList::getArray (5 bytes)
Event: 1043.148 Thread 0x00007efe48198800 nmethod 2212 0x00007efe38333390 code [0x00007efe38333520, 0x00007efe383335f0]
Event: 1043.148 Thread 0x00007efe48198800 2213       1       java.util.logging.Logger::getName (5 bytes)
Event: 1043.148 Thread 0x00007efe48198800 nmethod 2213 0x00007efe38333690 code [0x00007efe38333820, 0x00007efe383338f0]

GC Heap History (2 events):
Event: 0.084 GC heap before
{Heap before GC invocations=0 (full 0):
 garbage-first heap   total 253952K, used 24388K [0x00000000e0000000, 0x0000000100000000)
  region size 1024K, 23 young (23552K), 0 survivors (0K)
 Metaspace       used 1102K, capacity 4598K, committed 4864K, reserved 1056768K
  class space    used 104K, capacity 424K, committed 512K, reserved 1048576K
}
Event: 0.085 GC heap after
{Heap after GC invocations=1 (full 0):
 garbage-first heap   total 253952K, used 1246K [0x00000000e0000000, 0x0000000100000000)
  region size 1024K, 1 young (1024K), 1 survivors (1024K)
 Metaspace       used 1102K, capacity 4598K, committed 4864K, reserved 1056768K
  class space    used 104K, capacity 424K, committed 512K, reserved 1048576K
}

Deoptimization events (20 events):
Event: 360.348 Thread 0x00007efe484b2000 Uncommon trap: trap_request=0xffffffde fr.pc=0x00007efe382a3bd0 relative=0x0000000000000b90
Event: 360.348 Thread 0x00007efe484b2000 Uncommon trap: reason=class_check action=maybe_recompile pc=0x00007efe382a3bd0 method=java.util.HashMap.putVal(ILjava/lang/Object;Ljava/lang/Object;ZZ)Ljava/lang/Object; @ 253 c2
Event: 360.348 Thread 0x00007efe484b2000 DEOPT PACKING pc=0x00007efe382a3bd0 sp=0x00007efe1cdf7970
Event: 360.349 Thread 0x00007efe484b2000 DEOPT UNPACKING pc=0x00007efe306e0f25 sp=0x00007efe1cdf78b8 mode 2
Event: 550.382 Thread 0x00007efe484fc000 DEOPT PACKING pc=0x00007efe31166d0e sp=0x00007efe1ccf8120
Event: 550.382 Thread 0x00007efe484fc000 DEOPT UNPACKING pc=0x00007efe307210ca sp=0x00007efe1ccf75e0 mode 0
Event: 554.457 Thread 0x00007efda001c800 DEOPT PACKING pc=0x00007efe3119528a sp=0x00007efe1c8f48f0
Event: 554.457 Thread 0x00007efda001c800 DEOPT UNPACKING pc=0x00007efe307210ca sp=0x00007efe1c8f3df8 mode 0
Event: 600.393 Thread 0x00007efdb00fc000 DEOPT PACKING pc=0x00007efe31168046 sp=0x00007efe1c9f5210
Event: 600.393 Thread 0x00007efdb00fc000 DEOPT UNPACKING pc=0x00007efe307210ca sp=0x00007efe1c9f4720 mode 0
Event: 620.592 Thread 0x00007efda001c800 DEOPT PACKING pc=0x00007efe3119528a sp=0x00007efe1c8f48f0
Event: 620.592 Thread 0x00007efda001c800 DEOPT UNPACKING pc=0x00007efe307210ca sp=0x00007efe1c8f3df8 mode 0
Event: 686.702 Thread 0x00007efda001c800 DEOPT PACKING pc=0x00007efe3119528a sp=0x00007efe1c8f48f0
Event: 686.702 Thread 0x00007efda001c800 DEOPT UNPACKING pc=0x00007efe307210ca sp=0x00007efe1c8f3df8 mode 0
Event: 752.704 Thread 0x00007efda001c800 DEOPT PACKING pc=0x00007efe3119528a sp=0x00007efe1c8f48f0
Event: 752.704 Thread 0x00007efda001c800 DEOPT UNPACKING pc=0x00007efe307210ca sp=0x00007efe1c8f3df8 mode 0
Event: 818.813 Thread 0x00007efda001c800 DEOPT PACKING pc=0x00007efe3119528a sp=0x00007efe1c8f48f0
Event: 818.813 Thread 0x00007efda001c800 DEOPT UNPACKING pc=0x00007efe307210ca sp=0x00007efe1c8f3df8 mode 0
Event: 980.453 Thread 0x00007efe484b2000 DEOPT PACKING pc=0x00007efe311736ee sp=0x00007efe1cdf7890
Event: 980.453 Thread 0x00007efe484b2000 DEOPT UNPACKING pc=0x00007efe307210ca sp=0x00007efe1cdf6d70 mode 0

Classes unloaded (0 events):
No events

Classes redefined (0 events):
No events

Internal exceptions (20 events):
Event: 950.451 Thread 0x00007efe484b2000 Exception <a 'java/lang/reflect/InvocationTargetException'{0x00000000ed78dbd8}> (0x00000000ed78dbd8) 
thrown [open/src/hotspot/share/runtime/reflection.cpp, line 1188]
Event: 950.452 Thread 0x00007efdb00fc000 Exception <a 'java/lang/NoClassDefFoundError'{0x00000000ed8b0a00}: Could not initialize class com.sun.webkit.WebPage> (0x00000000ed8b0a00) 
thrown [open/src/hotspot/share/oops/instanceKlass.cpp, line 1001]
Event: 960.451 Thread 0x00007efe484b2000 Exception <a 'java/lang/reflect/InvocationTargetException'{0x00000000ed78f530}> (0x00000000ed78f530) 
thrown [open/src/hotspot/share/runtime/reflection.cpp, line 1188]
Event: 960.452 Thread 0x00007efdb00fc000 Exception <a 'java/lang/NoClassDefFoundError'{0x00000000ed8b6888}: Could not initialize class com.sun.webkit.WebPage> (0x00000000ed8b6888) 
thrown [open/src/hotspot/share/oops/instanceKlass.cpp, line 1001]
Event: 970.452 Thread 0x00007efe484b2000 Exception <a 'java/lang/reflect/InvocationTargetException'{0x00000000ed790e80}> (0x00000000ed790e80) 
thrown [open/src/hotspot/share/runtime/reflection.cpp, line 1188]
Event: 970.453 Thread 0x00007efdb00fc000 Exception <a 'java/lang/NoClassDefFoundError'{0x00000000ed8bc6f0}: Could not initialize class com.sun.webkit.WebPage> (0x00000000ed8bc6f0) 
thrown [open/src/hotspot/share/oops/instanceKlass.cpp, line 1001]
Event: 980.453 Thread 0x00007efe484b2000 Exception <a 'java/lang/reflect/InvocationTargetException'{0x00000000ed7927d8}> (0x00000000ed7927d8) 
thrown [open/src/hotspot/share/runtime/reflection.cpp, line 1188]
Event: 980.454 Thread 0x00007efdb00fc000 Exception <a 'java/lang/NoClassDefFoundError'{0x00000000ed8c2558}: Could not initialize class com.sun.webkit.WebPage> (0x00000000ed8c2558) 
thrown [open/src/hotspot/share/oops/instanceKlass.cpp, line 1001]
Event: 990.454 Thread 0x00007efe484b2000 Exception <a 'java/lang/reflect/InvocationTargetException'{0x00000000ed794130}> (0x00000000ed794130) 
thrown [open/src/hotspot/share/runtime/reflection.cpp, line 1188]
Event: 990.455 Thread 0x00007efdb00fc000 Exception <a 'java/lang/NoClassDefFoundError'{0x00000000ed8c83c0}: Could not initialize class com.sun.webkit.WebPage> (0x00000000ed8c83c0) 
thrown [open/src/hotspot/share/oops/instanceKlass.cpp, line 1001]
Event: 1000.454 Thread 0x00007efe484b2000 Exception <a 'java/lang/reflect/InvocationTargetException'{0x00000000ed795a80}> (0x00000000ed795a80) 
thrown [open/src/hotspot/share/runtime/reflection.cpp, line 1188]
Event: 1000.455 Thread 0x00007efdb00fc000 Exception <a 'java/lang/NoClassDefFoundError'{0x00000000ed8ce228}: Could not initialize class com.sun.webkit.WebPage> (0x00000000ed8ce228) 
thrown [open/src/hotspot/share/oops/instanceKlass.cpp, line 1001]
Event: 1010.455 Thread 0x00007efe484b2000 Exception <a 'java/lang/reflect/InvocationTargetException'{0x00000000ed7973f0}> (0x00000000ed7973f0) 
thrown [open/src/hotspot/share/runtime/reflection.cpp, line 1188]
Event: 1010.456 Thread 0x00007efdb00fc000 Exception <a 'java/lang/NoClassDefFoundError'{0x00000000ed8d4090}: Could not initialize class com.sun.webkit.WebPage> (0x00000000ed8d4090) 
thrown [open/src/hotspot/share/oops/instanceKlass.cpp, line 1001]
Event: 1020.456 Thread 0x00007efe484b2000 Exception <a 'java/lang/reflect/InvocationTargetException'{0x00000000ed798d78}> (0x00000000ed798d78) 
thrown [open/src/hotspot/share/runtime/reflection.cpp, line 1188]
Event: 1020.456 Thread 0x00007efdb00fc000 Exception <a 'java/lang/NoClassDefFoundError'{0x00000000ed8d9ef8}: Could not initialize class com.sun.webkit.WebPage> (0x00000000ed8d9ef8) 
thrown [open/src/hotspot/share/oops/instanceKlass.cpp, line 1001]
Event: 1030.456 Thread 0x00007efe484b2000 Exception <a 'java/lang/reflect/InvocationTargetException'{0x00000000ed79a688}> (0x00000000ed79a688) 
thrown [open/src/hotspot/share/runtime/reflection.cpp, line 1188]
Event: 1030.457 Thread 0x00007efdb00fc000 Exception <a 'java/lang/NoClassDefFoundError'{0x00000000ed8dfd60}: Could not initialize class com.sun.webkit.WebPage> (0x00000000ed8dfd60) 
thrown [open/src/hotspot/share/oops/instanceKlass.cpp, line 1001]
Event: 1040.457 Thread 0x00007efe484b2000 Exception <a 'java/lang/reflect/InvocationTargetException'{0x00000000ed79bf78}> (0x00000000ed79bf78) 
thrown [open/src/hotspot/share/runtime/reflection.cpp, line 1188]
Event: 1040.457 Thread 0x00007efdb00fc000 Exception <a 'java/lang/NoClassDefFoundError'{0x00000000ed8e5be8}: Could not initialize class com.sun.webkit.WebPage> (0x00000000ed8e5be8) 
thrown [open/src/hotspot/share/oops/instanceKlass.cpp, line 1001]

Events (20 events):
Event: 1043.148 loading class jdk/internal/misc/Signal$1 done
Event: 1043.148 Executing VM operation: HandshakeOneThread
Event: 1043.148 Executing VM operation: HandshakeOneThread done
Event: 1043.148 Thread 0x00007efe00001000 Thread added: 0x00007efe00001000
Event: 1043.148 Protecting memory [0x00007efe1db4d000,0x00007efe1db51000] with protection modes 0
Event: 1043.148 Executing VM operation: HandshakeOneThread
Event: 1043.148 Executing VM operation: HandshakeOneThread done
Event: 1043.148 Thread 0x00007efde802d000 Thread added: 0x00007efde802d000
Event: 1043.148 Protecting memory [0x00007efe1da4c000,0x00007efe1da50000] with protection modes 0
Event: 1043.148 Thread 0x00007efde802f000 Thread added: 0x00007efde802f000
Event: 1043.148 Protecting memory [0x00007efe1d94b000,0x00007efe1d94f000] with protection modes 0
Event: 1043.148 Thread 0x00007efde8030000 Thread added: 0x00007efde8030000
Event: 1043.148 Protecting memory [0x00007efe1d749000,0x00007efe1d74d000] with protection modes 0
Event: 1043.148 Thread 0x00007efde802f000 Thread exited: 0x00007efde802f000
Event: 1043.148 Thread 0x00007efde8030000 Thread exited: 0x00007efde8030000
Event: 1043.149 Executing VM operation: HandshakeOneThread
Event: 1043.149 Executing VM operation: HandshakeOneThread done
Event: 1043.149 Thread 0x00007efde802d000 Thread exited: 0x00007efde802d000
Event: 1043.149 Thread 0x00007efdb00d3000 Thread exited: 0x00007efdb00d3000
Event: 1043.149 Executing VM operation: Exit


Dynamic libraries:
00400000-00401000 r-xp 00000000 08:03 24903991                           /usr/local/lib/jvm/java-14-openjdk-amd64/bin/java
00401000-00402000 r--p 00000000 08:03 24903991                           /usr/local/lib/jvm/java-14-openjdk-amd64/bin/java
00402000-00403000 rw-p 00001000 08:03 24903991                           /usr/local/lib/jvm/java-14-openjdk-amd64/bin/java
004ea000-0050b000 rw-p 00000000 00:00 0                                  [heap]
e0000000-ef600000 rw-p 00000000 00:00 0 
ef600000-ffe00000 ---p 00000000 00:00 0 
ffe00000-ffe52000 rw-p 00bbc000 08:03 24904503                           /usr/local/lib/jvm/java-14-openjdk-amd64/lib/server/classes.jsa
ffe52000-fff00000 rw-p 00000000 00:00 0 
fff00000-fff7f000 rw-p 00b3d000 08:03 24904503                           /usr/local/lib/jvm/java-14-openjdk-amd64/lib/server/classes.jsa
fff7f000-100000000 rw-p 00000000 00:00 0 
800000000-800003000 rwxp 00001000 08:03 24904503                         /usr/local/lib/jvm/java-14-openjdk-amd64/lib/server/classes.jsa
800003000-8003e3000 rw-p 00004000 08:03 24904503                         /usr/local/lib/jvm/java-14-openjdk-amd64/lib/server/classes.jsa
8003e3000-800b0e000 r--p 003e4000 08:03 24904503                         /usr/local/lib/jvm/java-14-openjdk-amd64/lib/server/classes.jsa
800b0e000-800b0f000 rw-p 00b0f000 08:03 24904503                         /usr/local/lib/jvm/java-14-openjdk-amd64/lib/server/classes.jsa
800b0f000-800c8f000 rw-p 00000000 00:00 0 
800c8f000-840b0f000 ---p 00000000 00:00 0 
7efda0000000-7efda00cd000 rw-p 00000000 00:00 0 
7efda00cd000-7efda4000000 ---p 00000000 00:00 0 
7efda4000000-7efda4021000 rw-p 00000000 00:00 0 
7efda4021000-7efda8000000 ---p 00000000 00:00 0 
7efda8000000-7efda8077000 rw-p 00000000 00:00 0 
7efda8077000-7efdac000000 ---p 00000000 00:00 0 
7efdac000000-7efdac022000 rw-p 00000000 00:00 0 
7efdac022000-7efdb0000000 ---p 00000000 00:00 0 
7efdb0000000-7efdb019c000 rw-p 00000000 00:00 0 
7efdb019c000-7efdb4000000 ---p 00000000 00:00 0 
7efdb4000000-7efdb407e000 rw-p 00000000 00:00 0 
7efdb407e000-7efdb8000000 ---p 00000000 00:00 0 
7efdb8000000-7efdb8021000 rw-p 00000000 00:00 0 
7efdb8021000-7efdbc000000 ---p 00000000 00:00 0 
7efdbc000000-7efdbc021000 rw-p 00000000 00:00 0 
7efdbc021000-7efdc0000000 ---p 00000000 00:00 0 
7efdc0000000-7efdc0021000 rw-p 00000000 00:00 0 
7efdc0021000-7efdc4000000 ---p 00000000 00:00 0 
7efdc4000000-7efdc4021000 rw-p 00000000 00:00 0 
7efdc4021000-7efdc8000000 ---p 00000000 00:00 0 
7efdc8000000-7efdc8021000 rw-p 00000000 00:00 0 
7efdc8021000-7efdcc000000 ---p 00000000 00:00 0 
7efdcc000000-7efdcc021000 rw-p 00000000 00:00 0 
7efdcc021000-7efdd0000000 ---p 00000000 00:00 0 
7efdd0000000-7efdd0273000 rw-p 00000000 00:00 0 
7efdd0273000-7efdd4000000 ---p 00000000 00:00 0 
7efdd4000000-7efdd4113000 rw-p 00000000 00:00 0 
7efdd4113000-7efdd8000000 ---p 00000000 00:00 0 
7efdd8000000-7efdd88e6000 rw-p 00000000 00:00 0 
7efdd88e6000-7efddc000000 ---p 00000000 00:00 0 
7efddc000000-7efddc1e7000 rw-p 00000000 00:00 0 
7efddc1e7000-7efde0000000 ---p 00000000 00:00 0 
7efde0000000-7efde00c2000 rw-p 00000000 00:00 0 
7efde00c2000-7efde4000000 ---p 00000000 00:00 0 
7efde4000000-7efde4100000 rw-p 00000000 00:00 0 
7efde4100000-7efde8000000 ---p 00000000 00:00 0 
7efde8000000-7efde8114000 rw-p 00000000 00:00 0 
7efde8114000-7efdec000000 ---p 00000000 00:00 0 
7efdec000000-7efdecb69000 rw-p 00000000 00:00 0 
7efdecb69000-7efdf0000000 ---p 00000000 00:00 0 
7efdf0000000-7efdf0041000 rw-p 00000000 00:00 0 
7efdf0041000-7efdf4000000 ---p 00000000 00:00 0 
7efdf4000000-7efdf4021000 rw-p 00000000 00:00 0 
7efdf4021000-7efdf8000000 ---p 00000000 00:00 0 
7efdf8000000-7efdf8d31000 rw-p 00000000 00:00 0 
7efdf8d31000-7efdfc000000 ---p 00000000 00:00 0 
7efdfc000000-7efdfc255000 rw-p 00000000 00:00 0 
7efdfc255000-7efe00000000 ---p 00000000 00:00 0 
7efe00000000-7efe00021000 rw-p 00000000 00:00 0 
7efe00021000-7efe04000000 ---p 00000000 00:00 0 
7efe04000000-7efe04021000 rw-p 00000000 00:00 0 
7efe04021000-7efe08000000 ---p 00000000 00:00 0 
7efe08000000-7efe08021000 rw-p 00000000 00:00 0 
7efe08021000-7efe0c000000 ---p 00000000 00:00 0 
7efe0c000000-7efe0c021000 rw-p 00000000 00:00 0 
7efe0c021000-7efe10000000 ---p 00000000 00:00 0 
7efe10000000-7efe10021000 rw-p 00000000 00:00 0 
7efe10021000-7efe14000000 ---p 00000000 00:00 0 
7efe14000000-7efe14141000 rw-p 00000000 00:00 0 
7efe14141000-7efe18000000 ---p 00000000 00:00 0 
7efe18000000-7efe18021000 rw-p 00000000 00:00 0 
7efe18021000-7efe1c000000 ---p 00000000 00:00 0 
7efe1c5f5000-7efe1c775000 rw-p 00000000 00:00 0 
7efe1c775000-7efe1c7f5000 ---p 00000000 00:00 0 
7efe1c7f5000-7efe1c7f9000 ---p 00000000 00:00 0 
7efe1c7f9000-7efe1c8f6000 rw-p 00000000 00:00 0 
7efe1c8f6000-7efe1c8fa000 ---p 00000000 00:00 0 
7efe1c8fa000-7efe1c9f7000 rw-p 00000000 00:00 0 
7efe1c9f7000-7efe1c9fb000 ---p 00000000 00:00 0 
7efe1c9fb000-7efe1caf8000 rw-p 00000000 00:00 0 
7efe1caf8000-7efe1cafc000 ---p 00000000 00:00 0 
7efe1cafc000-7efe1cbf9000 rw-p 00000000 00:00 0 
7efe1cbf9000-7efe1cbfd000 ---p 00000000 00:00 0 
7efe1cbfd000-7efe1ccfa000 rw-p 00000000 00:00 0 
7efe1ccfa000-7efe1ccfe000 ---p 00000000 00:00 0 
7efe1ccfe000-7efe1cdfb000 rw-p 00000000 00:00 0 
7efe1cdfb000-7efe1cdfc000 ---p 00000000 00:00 0 
7efe1cdfc000-7efe1cefd000 rw-p 00000000 00:00 0 
7efe1cefd000-7efe1cf01000 ---p 00000000 00:00 0 
7efe1cf01000-7efe1cffe000 rw-p 00000000 00:00 0 
7efe1cffe000-7efe1cfff000 ---p 00000000 00:00 0 
7efe1cfff000-7efe1d100000 rw-p 00000000 00:00 0 
7efe1d100000-7efe1d101000 ---p 00000000 00:00 0 
7efe1d101000-7efe1d202000 rw-p 00000000 00:00 0 
7efe1d202000-7efe1d203000 ---p 00000000 00:00 0 
7efe1d203000-7efe1d304000 rw-p 00000000 00:00 0 
7efe1d304000-7efe1d308000 ---p 00000000 00:00 0 
7efe1d308000-7efe1d405000 rw-p 00000000 00:00 0 
7efe1d424000-7efe1d426000 r--p 00000000 08:03 3169856                    /home/lwinminkhant/WorkSpace/Git/jfx/build/sdk/lib/libprism_sw.so
7efe1d426000-7efe1d431000 r-xp 00002000 08:03 3169856                    /home/lwinminkhant/WorkSpace/Git/jfx/build/sdk/lib/libprism_sw.so
7efe1d431000-7efe1d433000 r--p 0000d000 08:03 3169856                    /home/lwinminkhant/WorkSpace/Git/jfx/build/sdk/lib/libprism_sw.so
7efe1d433000-7efe1d434000 r--p 0000e000 08:03 3169856                    /home/lwinminkhant/WorkSpace/Git/jfx/build/sdk/lib/libprism_sw.so
7efe1d434000-7efe1d435000 rw-p 0000f000 08:03 3169856                    /home/lwinminkhant/WorkSpace/Git/jfx/build/sdk/lib/libprism_sw.so
7efe1d435000-7efe1d442000 r-xp 00000000 08:03 24904492                   /usr/local/lib/jvm/java-14-openjdk-amd64/lib/libverify.so
7efe1d442000-7efe1d444000 r--p 0000c000 08:03 24904492                   /usr/local/lib/jvm/java-14-openjdk-amd64/lib/libverify.so
7efe1d444000-7efe1d445000 rw-p 0000e000 08:03 24904492                   /usr/local/lib/jvm/java-14-openjdk-amd64/lib/libverify.so
7efe1d445000-7efe1d446000 ---p 00000000 00:00 0 
7efe1d446000-7efe1d547000 rw-p 00000000 00:00 0 
7efe1d547000-7efe1d54b000 ---p 00000000 00:00 0 
7efe1d54b000-7efe1d648000 rw-p 00000000 00:00 0 
7efe1d648000-7efe1d64c000 ---p 00000000 00:00 0 
7efe1d64c000-7efe1d749000 rw-p 00000000 00:00 0 
7efe1d749000-7efe1d74d000 ---p 00000000 00:00 0 
7efe1d74d000-7efe1d84a000 rw-p 00000000 00:00 0 
7efe1d84a000-7efe1d84e000 ---p 00000000 00:00 0 
7efe1d84e000-7efe1d94b000 rw-p 00000000 00:00 0 
7efe1d94b000-7efe1d94f000 ---p 00000000 00:00 0 
7efe1d94f000-7efe1da4c000 rw-p 00000000 00:00 0 
7efe1da4c000-7efe1da50000 ---p 00000000 00:00 0 
7efe1da50000-7efe1db4d000 rw-p 00000000 00:00 0 
7efe1db4d000-7efe1db51000 ---p 00000000 00:00 0 
7efe1db51000-7efe1dc4e000 rw-p 00000000 00:00 0 
7efe1dc4e000-7efe1dc52000 ---p 00000000 00:00 0 
7efe1dc52000-7efe1dd80000 rw-p 00000000 00:00 0 
7efe1dd80000-7efe1dd95000 r-xp 00000000 08:03 24904484                   /usr/local/lib/jvm/java-14-openjdk-amd64/lib/libnet.so
7efe1dd95000-7efe1dd96000 r--p 00014000 08:03 24904484                   /usr/local/lib/jvm/java-14-openjdk-amd64/lib/libnet.so
7efe1dd96000-7efe1dd97000 rw-p 00015000 08:03 24904484                   /usr/local/lib/jvm/java-14-openjdk-amd64/lib/libnet.so
7efe1dd97000-7efe1dda8000 r-xp 00000000 08:03 24904485                   /usr/local/lib/jvm/java-14-openjdk-amd64/lib/libnio.so
7efe1dda8000-7efe1dda9000 ---p 00011000 08:03 24904485                   /usr/local/lib/jvm/java-14-openjdk-amd64/lib/libnio.so
7efe1dda9000-7efe1ddaa000 r--p 00011000 08:03 24904485                   /usr/local/lib/jvm/java-14-openjdk-amd64/lib/libnio.so
7efe1ddaa000-7efe1ddab000 rw-p 00012000 08:03 24904485                   /usr/local/lib/jvm/java-14-openjdk-amd64/lib/libnio.so
7efe1ddab000-7efe1ddaf000 ---p 00000000 00:00 0 
7efe1ddaf000-7efe1deac000 rw-p 00000000 00:00 0 
7efe1deac000-7efe1deb0000 ---p 00000000 00:00 0 
7efe1deb0000-7efe1dfad000 rw-p 00000000 00:00 0 
7efe1dfad000-7efe1dfb1000 ---p 00000000 00:00 0 
7efe1dfb1000-7efe1e0ae000 rw-p 00000000 00:00 0 
7efe1e0ae000-7efe1e0b2000 ---p 00000000 00:00 0 
7efe1e0b2000-7efe1e1af000 rw-p 00000000 00:00 0 
7efe1e1af000-7efe1e1b3000 ---p 00000000 00:00 0 
7efe1e1b3000-7efe1e2b0000 rw-p 00000000 00:00 0 
7efe1e2b0000-7efe1e86d000 r--p 00000000 08:03 27527884                   /usr/lib/locale/locale-archive
7efe1e86d000-7efe1e871000 ---p 00000000 00:00 0 
7efe1e871000-7efe1e96e000 rw-p 00000000 00:00 0 
7efe1e96e000-7efe1e972000 ---p 00000000 00:00 0 
7efe1e972000-7efe1ea6f000 rw-p 00000000 00:00 0 
7efe1ea6f000-7efe1ea70000 ---p 00000000 00:00 0 
7efe1ea70000-7efe1f3f2000 rw-p 00000000 00:00 0 
7efe1f3f2000-7efe1f3f3000 ---p 00000000 00:00 0 
7efe1f3f3000-7efe1f4f4000 rw-p 00000000 00:00 0 
7efe1f4f4000-7efe1f4f5000 ---p 00000000 00:00 0 
7efe1f4f5000-7efe20000000 rw-p 00000000 00:00 0 
7efe20000000-7efe20021000 rw-p 00000000 00:00 0 
7efe20021000-7efe24000000 ---p 00000000 00:00 0 
7efe24000000-7efe24021000 rw-p 00000000 00:00 0 
7efe24021000-7efe28000000 ---p 00000000 00:00 0 
7efe28000000-7efe28021000 rw-p 00000000 00:00 0 
7efe28021000-7efe2c000000 ---p 00000000 00:00 0 
7efe2c006000-7efe2e3c6000 rw-p 00000000 00:00 0 
7efe2e3c6000-7efe2e3c7000 ---p 00000000 00:00 0 
7efe2e3c7000-7efe2e4c8000 rw-p 00000000 00:00 0 
7efe2e4c8000-7efe2e4c9000 ---p 00000000 00:00 0 
7efe2e4c9000-7efe2e5ca000 rw-p 00000000 00:00 0 
7efe2e5ca000-7efe2e5cb000 ---p 00000000 00:00 0 
7efe2e5cb000-7efe2eaa4000 rw-p 00000000 00:00 0 
7efe2eaa4000-7efe2eec4000 ---p 00000000 00:00 0 
7efe2eec4000-7efe2f2a4000 rw-p 00000000 00:00 0 
7efe2f2a4000-7efe2f6c4000 ---p 00000000 00:00 0 
7efe2f6c4000-7efe2f747000 rw-p 00000000 00:00 0 
7efe2f747000-7efe2f7cb000 ---p 00000000 00:00 0 
7efe2f7cb000-7efe2f847000 rw-p 00000000 00:00 0 
7efe2f847000-7efe2f8cb000 ---p 00000000 00:00 0 
7efe2f8cb000-7efe2f947000 rw-p 00000000 00:00 0 
7efe2f947000-7efe2f9cb000 ---p 00000000 00:00 0 
7efe2f9cb000-7efe306d9000 rw-p 00000000 00:00 0 
7efe306d9000-7efe309c9000 rwxp 00000000 00:00 0 
7efe309c9000-7efe30e1a000 ---p 00000000 00:00 0 
7efe30e1a000-7efe311da000 rwxp 00000000 00:00 0 
7efe311da000-7efe38279000 ---p 00000000 00:00 0 
7efe38279000-7efe384e9000 rwxp 00000000 00:00 0 
7efe384e9000-7efe3f6d9000 ---p 00000000 00:00 0 
7efe48000000-7efe48510000 rw-p 00000000 00:00 0 
7efe48510000-7efe4c000000 ---p 00000000 00:00 0 
7efe4c000000-7efe4c058000 rw-p 00000000 00:00 0 
7efe4c058000-7efe4c13c000 ---p 00000000 00:00 0 
7efe4c13c000-7efe4c144000 rw-p 00000000 00:00 0 
7efe4c144000-7efe4c225000 ---p 00000000 00:00 0 
7efe4c225000-7efe4c249000 r-xp 00000000 08:03 24904471                   /usr/local/lib/jvm/java-14-openjdk-amd64/lib/libjava.so
7efe4c249000-7efe4c24a000 r--p 00023000 08:03 24904471                   /usr/local/lib/jvm/java-14-openjdk-amd64/lib/libjava.so
7efe4c24a000-7efe4c24c000 rw-p 00024000 08:03 24904471                   /usr/local/lib/jvm/java-14-openjdk-amd64/lib/libjava.so
7efe4c24c000-7efe4c24f000 r--p 00000000 08:03 27531057                   /usr/lib/x86_64-linux-gnu/libnss_files-2.31.so
7efe4c24f000-7efe4c256000 r-xp 00003000 08:03 27531057                   /usr/lib/x86_64-linux-gnu/libnss_files-2.31.so
7efe4c256000-7efe4c258000 r--p 0000a000 08:03 27531057                   /usr/lib/x86_64-linux-gnu/libnss_files-2.31.so
7efe4c258000-7efe4c259000 r--p 0000b000 08:03 27531057                   /usr/lib/x86_64-linux-gnu/libnss_files-2.31.so
7efe4c259000-7efe4c25a000 rw-p 0000c000 08:03 27531057                   /usr/lib/x86_64-linux-gnu/libnss_files-2.31.so
7efe4c25a000-7efe4c260000 rw-p 00000000 00:00 0 
7efe4c264000-7efe4c26a000 rw-p 00000000 00:00 0 
7efe4c26a000-7efe4c273000 ---p 00000000 00:00 0 
7efe4c273000-7efe4c27a000 r-xp 00000000 08:03 24904493                   /usr/local/lib/jvm/java-14-openjdk-amd64/lib/libzip.so
7efe4c27a000-7efe4c27b000 r--p 00006000 08:03 24904493                   /usr/local/lib/jvm/java-14-openjdk-amd64/lib/libzip.so
7efe4c27b000-7efe4c27c000 rw-p 00007000 08:03 24904493                   /usr/local/lib/jvm/java-14-openjdk-amd64/lib/libzip.so
7efe4c27c000-7efe4c284000 rw-s 00000000 08:03 2371994                    /tmp/hsperfdata_lwinminkhant/13462 (deleted)
7efe4c284000-7efe4c287000 r--p 00000000 08:03 27531064                   /usr/lib/x86_64-linux-gnu/librt-2.31.so
7efe4c287000-7efe4c28b000 r-xp 00003000 08:03 27531064                   /usr/lib/x86_64-linux-gnu/librt-2.31.so
7efe4c28b000-7efe4c28c000 r--p 00007000 08:03 27531064                   /usr/lib/x86_64-linux-gnu/librt-2.31.so
7efe4c28c000-7efe4c28d000 ---p 00008000 08:03 27531064                   /usr/lib/x86_64-linux-gnu/librt-2.31.so
7efe4c28d000-7efe4c28e000 r--p 00008000 08:03 27531064                   /usr/lib/x86_64-linux-gnu/librt-2.31.so
7efe4c28e000-7efe4c28f000 rw-p 00009000 08:03 27531064                   /usr/lib/x86_64-linux-gnu/librt-2.31.so
7efe4c28f000-7efe4c293000 ---p 00000000 00:00 0 
7efe4c293000-7efe4c390000 rw-p 00000000 00:00 0 
7efe4c390000-7efe4c39f000 r--p 00000000 08:03 27531051                   /usr/lib/x86_64-linux-gnu/libm-2.31.so
7efe4c39f000-7efe4c446000 r-xp 0000f000 08:03 27531051                   /usr/lib/x86_64-linux-gnu/libm-2.31.so
7efe4c446000-7efe4c4dd000 r--p 000b6000 08:03 27531051                   /usr/lib/x86_64-linux-gnu/libm-2.31.so
7efe4c4dd000-7efe4c4de000 r--p 0014c000 08:03 27531051                   /usr/lib/x86_64-linux-gnu/libm-2.31.so
7efe4c4de000-7efe4c4df000 rw-p 0014d000 08:03 27531051                   /usr/lib/x86_64-linux-gnu/libm-2.31.so
7efe4c4df000-7efe4d4ee000 r-xp 00000000 08:03 24904505                   /usr/local/lib/jvm/java-14-openjdk-amd64/lib/server/libjvm.so
7efe4d4ee000-7efe4d4ef000 ---p 0100f000 08:03 24904505                   /usr/local/lib/jvm/java-14-openjdk-amd64/lib/server/libjvm.so
7efe4d4ef000-7efe4d593000 r--p 0100f000 08:03 24904505                   /usr/local/lib/jvm/java-14-openjdk-amd64/lib/server/libjvm.so
7efe4d593000-7efe4d5cb000 rw-p 010b3000 08:03 24904505                   /usr/local/lib/jvm/java-14-openjdk-amd64/lib/server/libjvm.so
7efe4d5cb000-7efe4d64e000 rw-p 00000000 00:00 0 
7efe4d64e000-7efe4d673000 r--p 00000000 08:03 27531041                   /usr/lib/x86_64-linux-gnu/libc-2.31.so
7efe4d673000-7efe4d7eb000 r-xp 00025000 08:03 27531041                   /usr/lib/x86_64-linux-gnu/libc-2.31.so
7efe4d7eb000-7efe4d835000 r--p 0019d000 08:03 27531041                   /usr/lib/x86_64-linux-gnu/libc-2.31.so
7efe4d835000-7efe4d836000 ---p 001e7000 08:03 27531041                   /usr/lib/x86_64-linux-gnu/libc-2.31.so
7efe4d836000-7efe4d839000 r--p 001e7000 08:03 27531041                   /usr/lib/x86_64-linux-gnu/libc-2.31.so
7efe4d839000-7efe4d83c000 rw-p 001ea000 08:03 27531041                   /usr/lib/x86_64-linux-gnu/libc-2.31.so
7efe4d83c000-7efe4d840000 rw-p 00000000 00:00 0 
7efe4d840000-7efe4d841000 r--p 00000000 08:03 27531050                   /usr/lib/x86_64-linux-gnu/libdl-2.31.so
7efe4d841000-7efe4d843000 r-xp 00001000 08:03 27531050                   /usr/lib/x86_64-linux-gnu/libdl-2.31.so
7efe4d843000-7efe4d844000 r--p 00003000 08:03 27531050                   /usr/lib/x86_64-linux-gnu/libdl-2.31.so
7efe4d844000-7efe4d845000 r--p 00003000 08:03 27531050                   /usr/lib/x86_64-linux-gnu/libdl-2.31.so
7efe4d845000-7efe4d846000 rw-p 00004000 08:03 27531050                   /usr/lib/x86_64-linux-gnu/libdl-2.31.so
7efe4d846000-7efe4d84d000 r--p 00000000 08:03 27531062                   /usr/lib/x86_64-linux-gnu/libpthread-2.31.so
7efe4d84d000-7efe4d85e000 r-xp 00007000 08:03 27531062                   /usr/lib/x86_64-linux-gnu/libpthread-2.31.so
7efe4d85e000-7efe4d863000 r--p 00018000 08:03 27531062                   /usr/lib/x86_64-linux-gnu/libpthread-2.31.so
7efe4d863000-7efe4d864000 r--p 0001c000 08:03 27531062                   /usr/lib/x86_64-linux-gnu/libpthread-2.31.so
7efe4d864000-7efe4d865000 rw-p 0001d000 08:03 27531062                   /usr/lib/x86_64-linux-gnu/libpthread-2.31.so
7efe4d865000-7efe4d869000 rw-p 00000000 00:00 0 
7efe4d869000-7efe4d877000 r-xp 00000000 08:03 24904476                   /usr/local/lib/jvm/java-14-openjdk-amd64/lib/libjli.so
7efe4d877000-7efe4d878000 ---p 0000e000 08:03 24904476                   /usr/local/lib/jvm/java-14-openjdk-amd64/lib/libjli.so
7efe4d878000-7efe4d879000 r--p 0000e000 08:03 24904476                   /usr/local/lib/jvm/java-14-openjdk-amd64/lib/libjli.so
7efe4d879000-7efe4d87a000 rw-p 0000f000 08:03 24904476                   /usr/local/lib/jvm/java-14-openjdk-amd64/lib/libjli.so
7efe4d87a000-7efe4d87c000 r--p 00000000 08:03 27525647                   /usr/lib/x86_64-linux-gnu/libz.so.1.2.11
7efe4d87c000-7efe4d88d000 r-xp 00002000 08:03 27525647                   /usr/lib/x86_64-linux-gnu/libz.so.1.2.11
7efe4d88d000-7efe4d893000 r--p 00013000 08:03 27525647                   /usr/lib/x86_64-linux-gnu/libz.so.1.2.11
7efe4d893000-7efe4d894000 ---p 00019000 08:03 27525647                   /usr/lib/x86_64-linux-gnu/libz.so.1.2.11
7efe4d894000-7efe4d895000 r--p 00019000 08:03 27525647                   /usr/lib/x86_64-linux-gnu/libz.so.1.2.11
7efe4d895000-7efe4d896000 rw-p 0001a000 08:03 27525647                   /usr/lib/x86_64-linux-gnu/libz.so.1.2.11
7efe4d896000-7efe4d898000 r-xp 00000000 08:03 24904464                   /usr/local/lib/jvm/java-14-openjdk-amd64/lib/libextnet.so
7efe4d898000-7efe4d899000 r--p 00001000 08:03 24904464                   /usr/local/lib/jvm/java-14-openjdk-amd64/lib/libextnet.so
7efe4d899000-7efe4d89a000 rw-p 00002000 08:03 24904464                   /usr/local/lib/jvm/java-14-openjdk-amd64/lib/libextnet.so
7efe4d89a000-7efe4d89b000 ---p 00000000 00:00 0 
7efe4d89b000-7efe4d89c000 r--p 00000000 00:00 0 
7efe4d89c000-7efe4d8b7000 r-xp 00000000 08:03 24904475                   /usr/local/lib/jvm/java-14-openjdk-amd64/lib/libjimage.so
7efe4d8b7000-7efe4d8b9000 r--p 0001a000 08:03 24904475                   /usr/local/lib/jvm/java-14-openjdk-amd64/lib/libjimage.so
7efe4d8b9000-7efe4d8ba000 rw-p 0001c000 08:03 24904475                   /usr/local/lib/jvm/java-14-openjdk-amd64/lib/libjimage.so
7efe4d8ba000-7efe4d8bc000 rw-p 00000000 00:00 0 
7efe4d8bc000-7efe4d8bd000 r--p 00000000 08:03 27531037                   /usr/lib/x86_64-linux-gnu/ld-2.31.so
7efe4d8bd000-7efe4d8e0000 r-xp 00001000 08:03 27531037                   /usr/lib/x86_64-linux-gnu/ld-2.31.so
7efe4d8e0000-7efe4d8e8000 r--p 00024000 08:03 27531037                   /usr/lib/x86_64-linux-gnu/ld-2.31.so
7efe4d8e8000-7efe4d8e9000 ---p 00000000 00:00 0 
7efe4d8e9000-7efe4d8ea000 r--p 0002c000 08:03 27531037                   /usr/lib/x86_64-linux-gnu/ld-2.31.so
7efe4d8ea000-7efe4d8eb000 rw-p 0002d000 08:03 27531037                   /usr/lib/x86_64-linux-gnu/ld-2.31.so
7efe4d8eb000-7efe4d8ec000 rw-p 00000000 00:00 0 
7fff5bf9c000-7fff5bfbe000 rw-p 00000000 00:00 0                          [stack]
7fff5bfcc000-7fff5bfd0000 r--p 00000000 00:00 0                          [vvar]
7fff5bfd0000-7fff5bfd2000 r-xp 00000000 00:00 0                          [vdso]
ffffffffff600000-ffffffffff601000 --xp 00000000 00:00 0                  [vsyscall]


VM Arguments:
jvm_args: -DWEB_ARCHIVE_JAR_TEST_DIR=/home/lwinminkhant/WorkSpace/Git/jfx/modules/javafx.web/build/testing/resources -Dglass.platform=Monocle -Djava.library.path=/home/lwinminkhant/WorkSpace/Git/jfx/build/sdk/lib -Dmonocle.platform=Headless -Dorg.gradle.native=false -Dprism.order=sw -Dunstable.test=false --module-path=/home/lwinminkhant/WorkSpace/Git/jfx/build/shims/javafx.base:/home/lwinminkhant/WorkSpace/Git/jfx/build/shims/javafx.graphics:/home/lwinminkhant/WorkSpace/Git/jfx/build/shims/javafx.controls:/home/lwinminkhant/WorkSpace/Git/jfx/build/sdk/lib/javafx.media.jar:/home/lwinminkhant/WorkSpace/Git/jfx/build/shims/javafx.web --add-modules=javafx.base,javafx.graphics,javafx.controls,javafx.media,javafx.web --add-exports=javafx.graphics/com.sun.javafx.application=ALL-UNNAMED --add-exports=javafx.graphics/com.sun.glass.utils=ALL-UNNAMED --add-exports=javafx.base/com.sun.javafx.collections=ALL-UNNAMED --add-exports=javafx.base/com.sun.javafx.property=ALL-UNNAMED --add-exports=javafx.base/com.sun.javafx=ALL-UNNAMED --add-exports=javafx.base/com.sun.javafx.event=ALL-UNNAMED --add-exports=javafx.graphics/com.sun.glass.ui=ALL-UNNAMED --add-exports=javafx.graphics/com.sun.javafx.animation=ALL-UNNAMED --add-exports=javafx.graphics/com.sun.javafx.css=ALL-UNNAMED --add-exports=javafx.graphics/com.sun.javafx.css.parser=ALL-UNNAMED --add-exports=javafx.graphics/com.sun.javafx.embed=ALL-UNNAMED --add-exports=javafx.graphics/com.sun.javafx.font=ALL-UNNAMED --add-exports=javafx.graphics/com.sun.javafx.geom=ALL-UNNAMED --add-exports=javafx.graphics/com.sun.javafx.geom.transform=ALL-UNNAMED --add-exports=javafx.graphics/com.sun.javafx.iio.bmp=ALL-UNNAMED --add-exports=javafx.graphics/com.sun.javafx.iio.common=ALL-UNNAMED --add-exports=javafx.graphics/com.sun.javafx.iio.gif=ALL-UNNAMED --add-exports=javafx.graphics/com.sun.javafx.iio=ALL-UNNAMED --add-exports=javafx.graphics/com.sun.javafx.iio.png=ALL-UNNAMED --add-exports=javafx.graphics/com.sun.javafx.image.impl=ALL-UNNAMED --add-exports=javafx.graphics/com.sun.javafx.image=ALL-UNNAMED --add-exports=javafx.graphics/com.sun.javafx.menu=ALL-UNNAMED --add-exports=javafx.graphics/com.sun.javafx.perf=ALL-UNNAMED --add-exports=javafx.graphics/com.sun.javafx.print=ALL-UNNAMED --add-exports=javafx.graphics/com.sun.javafx.runtime.async=ALL-UNNAMED --add-exports=javafx.graphics/com.sun.javafx.scene.input=ALL-UNNAMED --add-exports=javafx.graphics/com.sun.javafx.scene=ALL-UNNAMED --add-exports=javafx.graphics/com.sun.javafx.scene.layout.region=ALL-UNNAMED --add-exports=javafx.graphics/com.sun.javafx.scene.text=ALL-UNNAMED --add-exports=javafx.graphics/com.sun.javafx.scene.transform=ALL-UNNAMED --add-exports=javafx.graphics/com.sun.javafx.scene.traversal=ALL-UNNAMED --add-exports=javafx.graphics/com.sun.javafx.sg.prism=ALL-UNNAMED --add-exports=javafx.graphics/com.sun.javafx.stage=ALL-UNNAMED --add-exports=javafx.graphics/com.sun.javafx.tk=ALL-UNNAMED --add-exports=javafx.graphics/com.sun.javafx.tk.quantum=ALL-UNNAMED --add-exports=javafx.graphics/com.sun.javafx.util=ALL-UNNAMED --add-exports=javafx.graphics/com.sun.prism.impl=ALL-UNNAMED --add-exports=javafx.graphics/com.sun.prism.impl.shape=ALL-UNNAMED --add-exports=javafx.graphics/com.sun.prism=ALL-UNNAMED --add-exports=javafx.graphics/com.sun.prism.paint=ALL-UNNAMED --add-exports=javafx.graphics/com.sun.scenario.animation=ALL-UNNAMED --add-exports=javafx.graphics/com.sun.scenario.animation.shared=ALL-UNNAMED --add-exports=javafx.graphics/com.sun.scenario.effect=ALL-UNNAMED --add-exports=javafx.graphics/com.sun.scenario.effect.light=ALL-UNNAMED --add-exports=javafx.graphics/com.sun.scenario=ALL-UNNAMED --add-exports=javafx.web/com.sun.javafx.scene.web=ALL-UNNAMED --add-exports=javafx.web/com.sun.javafx.webkit.prism=ALL-UNNAMED --add-exports=javafx.web/com.sun.javafx.webkit=ALL-UNNAMED --add-exports=javafx.web/com.sun.webkit.dom=ALL-UNNAMED --add-exports=javafx.web/com.sun.webkit.event=ALL-UNNAMED --add-exports=javafx.web/com.sun.webkit.graphics=ALL-UNNAMED --add-exports=javafx.web/com.sun.webkit.network=ALL-UNNAMED --add-exports=javafx.web/com.sun.webkit.text=ALL-UNNAMED --add-exports=javafx.web/com.sun.webkit=ALL-UNNAMED -Xmx512m -Dfile.encoding=UTF-8 -Duser.country=US -Duser.language=en -Duser.variant -ea 
java_command: worker.org.gradle.process.internal.worker.GradleWorkerMain 'Gradle Test Executor 5'
java_class_path (initial): /home/lwinminkhant/.gradle/caches/6.3/workerMain/gradle-worker.jar:/home/lwinminkhant/WorkSpace/Git/jfx/modules/javafx.web/build/classes/java/test:/home/lwinminkhant/WorkSpace/Git/jfx/modules/javafx.web/build/resources/test:/home/lwinminkhant/WorkSpace/Git/jfx/modules/javafx.web/build/classes/java/main:/home/lwinminkhant/WorkSpace/Git/jfx/modules/javafx.web/build/classes/java/main/javafx.web:/home/lwinminkhant/WorkSpace/Git/jfx/modules/javafx.controls/build/libs/controls-15-internal+0-2022-01-29-151141.jar:/home/lwinminkhant/WorkSpace/Git/jfx/modules/javafx.media/build/libs/media-15-internal+0-2022-01-29-151141.jar:/home/lwinminkhant/WorkSpace/Git/jfx/modules/javafx.graphics/build/libs/graphics-15-internal+0-2022-01-29-151141.jar:/home/lwinminkhant/WorkSpace/Git/jfx/modules/javafx.base/build/libs/base-15-internal+0-2022-01-29-151141.jar:/home/lwinminkhant/.gradle/caches/modules-2/files-2.1/junit/junit/4.8.2/c94f54227b08100974c36170dcb53329435fe5ad/junit-4.8.2.jar:/home/lwinminkhant/WorkSpace/Git/jfx/modules/javafx.web/build/classes/java/shims:/home/lwinminkhant/WorkSpace/Git/jfx/modules/javafx.web/build/classes/java/shims/javafx.web
Launcher Type: SUN_STANDARD

[Global flags]
     intx CICompilerCount                          = 12                                        {product} {ergonomic}
     uint ConcGCThreads                            = 3                                         {product} {ergonomic}
     uint G1ConcRefinementThreads                  = 13                                        {product} {ergonomic}
   size_t G1HeapRegionSize                         = 1048576                                   {product} {ergonomic}
    uintx GCDrainStackTargetSize                   = 64                                        {product} {ergonomic}
   size_t InitialHeapSize                          = 257949696                                 {product} {ergonomic}
   size_t MarkStackSize                            = 4194304                                   {product} {ergonomic}
   size_t MaxHeapSize                              = 536870912                                 {product} {command line}
   size_t MaxNewSize                               = 321912832                                 {product} {ergonomic}
   size_t MinHeapDeltaBytes                        = 1048576                                   {product} {ergonomic}
   size_t MinHeapSize                              = 8388608                                   {product} {ergonomic}
    uintx NonNMethodCodeHeapSize                   = 7602480                                {pd product} {ergonomic}
    uintx NonProfiledCodeHeapSize                  = 122027880                              {pd product} {ergonomic}
    uintx ProfiledCodeHeapSize                     = 122027880                              {pd product} {ergonomic}
    uintx ReservedCodeCacheSize                    = 251658240                              {pd product} {ergonomic}
     bool SegmentedCodeCache                       = true                                      {product} {ergonomic}
   size_t SoftMaxHeapSize                          = 536870912                              {manageable} {ergonomic}
     bool UseCompressedClassPointers               = true                                 {lp64_product} {ergonomic}
     bool UseCompressedOops                        = true                                 {lp64_product} {ergonomic}
     bool UseG1GC                                  = true                                      {product} {ergonomic}

Logging:
Log output configuration:
 #0: 
[error occurred during error reporting (printing log configuration), id 0xb, SIGSEGV (0xb) at pc=0x00007efe4ce878a6]

Environment Variables:
JAVA_HOME=/usr/local/lib/jvm/java-14-openjdk-amd64
PATH=/usr/lib64/qt5/bin:/home/lwinminkhant/.cargo/bin:/home/lwinminkhant/.local/bin:/usr/local/sbin:/usr/local/bin:/usr/sbin:/usr/bin:/sbin:/bin:/usr/games:/usr/local/games:/snap/bin:/home/lwinminkhant/.dotnet/tools:/usr/local/lib/jvm/java-14-openjdk-amd64/bin:/home/lwinminkhant/tools/javafx/lib:/opt/ideaIC-2019.3.3/bin:/opt/android-studio/bin:/usr/local/share/aclocal:/opt/eclipse:/home/lwinminkhant/tools/sdk/platform-tools
USERNAME=lwinminkhant
SHELL=/bin/bash
DISPLAY=:0

Signal Handlers:
SIGSEGV: [libjvm.so+0xd315b0], sa_mask[0]=11111111011111111101111111111110, sa_flags=SA_RESTART|SA_SIGINFO
SIGBUS: [libjvm.so+0xd315b0], sa_mask[0]=11111111011111111101111111111110, sa_flags=SA_RESTART|SA_SIGINFO
SIGFPE: [libjvm.so+0xd315b0], sa_mask[0]=11111111011111111101111111111110, sa_flags=SA_RESTART|SA_SIGINFO
SIGPIPE: [libjvm.so+0xb1c1c0], sa_mask[0]=11111111011111111101111111111110, sa_flags=SA_RESTART|SA_SIGINFO
SIGXFSZ: [libjvm.so+0xb1c1c0], sa_mask[0]=11111111011111111101111111111110, sa_flags=SA_RESTART|SA_SIGINFO
SIGILL: [libjvm.so+0xd315b0], sa_mask[0]=11111111011111111101111111111110, sa_flags=SA_RESTART|SA_SIGINFO
SIGUSR2: [libjvm.so+0xb1c050], sa_mask[0]=00100000000000000000000000000000, sa_flags=SA_RESTART|SA_SIGINFO
SIGHUP: [libjvm.so+0xb1c7c0], sa_mask[0]=11111111011111111101111111111110, sa_flags=SA_RESTART|SA_SIGINFO
SIGINT: [libjvm.so+0xb1c7c0], sa_mask[0]=11111111011111111101111111111110, sa_flags=SA_RESTART|SA_SIGINFO
SIGTERM: [libjvm.so+0xb1c7c0], sa_mask[0]=11111111011111111101111111111110, sa_flags=SA_RESTART|SA_SIGINFO
SIGQUIT: [libjvm.so+0xb1c7c0], sa_mask[0]=11111111011111111101111111111110, sa_flags=SA_RESTART|SA_SIGINFO


---------------  S Y S T E M  ---------------

OS:DISTRIB_ID=Ubuntu
DISTRIB_RELEASE=20.04
DISTRIB_CODENAME=focal
DISTRIB_DESCRIPTION="Ubuntu 20.04.3 LTS"
uname:Linux 5.13.0-27-generic #29~20.04.1-Ubuntu SMP Fri Jan 14 00:32:30 UTC 2022 x86_64
OS uptime: 0 days 1:37 hours
libc:glibc 2.31 NPTL 2.31 
rlimit: STACK 8192k, CORE 0k, NPROC 62702, NOFILE 1048576, AS infinity, DATA infinity, FSIZE infinity
load average:0.42 0.81 0.99

/proc/meminfo:
MemTotal:       16118636 kB
MemFree:         1895836 kB
MemAvailable:    6508700 kB
Buffers:          247936 kB
Cached:          5060664 kB
SwapCached:            0 kB
Active:          2026436 kB
Inactive:       11130232 kB
Active(anon):       6832 kB
Inactive(anon):  8489492 kB
Active(file):    2019604 kB
Inactive(file):  2640740 kB
Unevictable:      412268 kB
Mlocked:              52 kB
SwapTotal:       2097148 kB
SwapFree:        2097148 kB
Dirty:               408 kB
Writeback:             0 kB
AnonPages:       8260584 kB
Mapped:           906504 kB
Shmem:            658604 kB
KReclaimable:     294872 kB
Slab:             451612 kB
SReclaimable:     294872 kB
SUnreclaim:       156740 kB
KernelStack:       27248 kB
PageTables:        63604 kB
NFS_Unstable:          0 kB
Bounce:                0 kB
WritebackTmp:          0 kB
CommitLimit:    10156464 kB
Committed_AS:   18008448 kB
VmallocTotal:   34359738367 kB
VmallocUsed:       53004 kB
VmallocChunk:          0 kB
Percpu:            13120 kB
HardwareCorrupted:     0 kB
AnonHugePages:     24576 kB
ShmemHugePages:        0 kB
ShmemPmdMapped:        0 kB
FileHugePages:         0 kB
FilePmdMapped:         0 kB
HugePages_Total:       0
HugePages_Free:        0
HugePages_Rsvd:        0
HugePages_Surp:        0
Hugepagesize:       2048 kB
Hugetlb:               0 kB
DirectMap4k:      372936 kB
DirectMap2M:    10893312 kB
DirectMap1G:     6291456 kB


/proc/sys/kernel/threads-max (system-wide limit on the number of threads):
125404


/proc/sys/vm/max_map_count (maximum number of memory map areas a process may have):
65530


/proc/sys/kernel/pid_max (system-wide limit on number of process identifiers):
4194304



container (cgroup) information:
container_type: cgroupv1
cpu_cpuset_cpus: 0-15
cpu_memory_nodes: 0
active_processor_count: 16
cpu_quota: no quota
cpu_period: 100000
cpu_shares: no shares
memory_limit_in_bytes: unlimited
memory_and_swap_limit_in_bytes: unlimited
memory_soft_limit_in_bytes: unlimited
memory_usage_in_bytes: 12315832320
memory_max_usage_in_bytes: 12317798400

Steal ticks since vm start: 0
Steal ticks percentage since vm start:  0.000

CPU:total 16 (initial active 16) (8 cores per cpu, 2 threads per core) family 6 model 141 stepping 1, cmov, cx8, fxsr, mmx, sse, sse2, sse3, ssse3, sse4.1, sse4.2, popcnt, avx, avx2, aes, clmul, erms, 3dnowpref, lzcnt, ht, tsc, tscinvbit, bmi1, bmi2, adx, evex, sha, fma
CPU Model and flags from /proc/cpuinfo:
model name	: 11th Gen Intel(R) Core(TM) i7-11800H @ 2.30GHz
flags		: fpu vme de pse tsc msr pae mce cx8 apic sep mtrr pge mca cmov pat pse36 clflush dts acpi mmx fxsr sse sse2 ss ht tm pbe syscall nx pdpe1gb rdtscp lm constant_tsc art arch_perfmon pebs bts rep_good nopl xtopology nonstop_tsc cpuid aperfmperf tsc_known_freq pni pclmulqdq dtes64 monitor ds_cpl vmx est tm2 ssse3 sdbg fma cx16 xtpr pdcm pcid sse4_1 sse4_2 x2apic movbe popcnt tsc_deadline_timer aes xsave avx f16c rdrand lahf_lm abm 3dnowprefetch cpuid_fault epb cat_l2 invpcid_single cdp_l2 ssbd ibrs ibpb stibp ibrs_enhanced tpr_shadow vnmi flexpriority ept vpid ept_ad fsgsbase tsc_adjust bmi1 avx2 smep bmi2 erms invpcid rdt_a avx512f avx512dq rdseed adx smap avx512ifma clflushopt clwb intel_pt avx512cd sha_ni avx512bw avx512vl xsaveopt xsavec xgetbv1 xsaves split_lock_detect dtherm ida arat pln pts hwp hwp_notify hwp_act_window hwp_epp hwp_pkg_req avx512vbmi umip pku ospke avx512_vbmi2 gfni vaes vpclmulqdq avx512_vnni avx512_bitalg avx512_vpopcntdq rdpid movdiri movdir64b fsrm avx512_vp2intersect md_clear flush_l1d arch_capabilities

Memory: 4k page, physical 16118636k(1896152k free), swap 2097148k(2097148k free)

vm_info: OpenJDK 64-Bit Server VM (14+36-1461) for linux-amd64 JRE (14+36-1461), built on Feb  6 2020 19:06:11 by "mach5one" with gcc 8.3.0

END.
