#
# A fatal error has been detected by the Java Runtime Environment:
#
#  SIGSEGV (0xb) at pc=0x00000000000023f0, pid=13908, tid=13919
#
# JRE version: OpenJDK Runtime Environment (14.0+36) (build 14+36-1461)
# Java VM: OpenJDK 64-Bit Server VM (14+36-1461, mixed mode, sharing, tiered, compressed oops, g1 gc, linux-amd64)
# Problematic frame:
# C  0x00000000000023f0
#
# Core dump will be written. Default location: Core dumps may be processed with "/usr/share/apport/apport %p %s %c %d %P %E" (or dumping to /home/lwinminkhant/WorkSpace/Git/jfx/modules/javafx.web/core.13908)
#
# If you would like to submit a bug report, please visit:
#   https://bugreport.java.com/bugreport/crash.jsp
#

---------------  S U M M A R Y ------------

Command Line: -DWEB_ARCHIVE_JAR_TEST_DIR=/home/lwinminkhant/WorkSpace/Git/jfx/modules/javafx.web/build/testing/resources -Dglass.platform=Monocle -Djava.library.path=/home/lwinminkhant/WorkSpace/Git/jfx/build/sdk/lib -Dmonocle.platform=Headless -Dorg.gradle.native=false -Dprism.order=sw -Dunstable.test=false --module-path=/home/lwinminkhant/WorkSpace/Git/jfx/build/shims/javafx.base:/home/lwinminkhant/WorkSpace/Git/jfx/build/shims/javafx.graphics:/home/lwinminkhant/WorkSpace/Git/jfx/build/shims/javafx.controls:/home/lwinminkhant/WorkSpace/Git/jfx/build/sdk/lib/javafx.media.jar:/home/lwinminkhant/WorkSpace/Git/jfx/build/shims/javafx.web --add-modules=javafx.base,javafx.graphics,javafx.controls,javafx.media,javafx.web --add-exports=javafx.graphics/com.sun.javafx.application=ALL-UNNAMED --add-exports=javafx.graphics/com.sun.glass.utils=ALL-UNNAMED --add-exports=javafx.base/com.sun.javafx.collections=ALL-UNNAMED --add-exports=javafx.base/com.sun.javafx.property=ALL-UNNAMED --add-exports=javafx.base/com.sun.javafx=ALL-UNNAMED --add-exports=javafx.base/com.sun.javafx.event=ALL-UNNAMED --add-exports=javafx.graphics/com.sun.glass.ui=ALL-UNNAMED --add-exports=javafx.graphics/com.sun.javafx.animation=ALL-UNNAMED --add-exports=javafx.graphics/com.sun.javafx.css=ALL-UNNAMED --add-exports=javafx.graphics/com.sun.javafx.css.parser=ALL-UNNAMED --add-exports=javafx.graphics/com.sun.javafx.embed=ALL-UNNAMED --add-exports=javafx.graphics/com.sun.javafx.font=ALL-UNNAMED --add-exports=javafx.graphics/com.sun.javafx.geom=ALL-UNNAMED --add-exports=javafx.graphics/com.sun.javafx.geom.transform=ALL-UNNAMED --add-exports=javafx.graphics/com.sun.javafx.iio.bmp=ALL-UNNAMED --add-exports=javafx.graphics/com.sun.javafx.iio.common=ALL-UNNAMED --add-exports=javafx.graphics/com.sun.javafx.iio.gif=ALL-UNNAMED --add-exports=javafx.graphics/com.sun.javafx.iio=ALL-UNNAMED --add-exports=javafx.graphics/com.sun.javafx.iio.png=ALL-UNNAMED --add-exports=javafx.graphics/com.sun.javafx.image.impl=ALL-UNNAMED --add-exports=javafx.graphics/com.sun.javafx.image=ALL-UNNAMED --add-exports=javafx.graphics/com.sun.javafx.menu=ALL-UNNAMED --add-exports=javafx.graphics/com.sun.javafx.perf=ALL-UNNAMED --add-exports=javafx.graphics/com.sun.javafx.print=ALL-UNNAMED --add-exports=javafx.graphics/com.sun.javafx.runtime.async=ALL-UNNAMED --add-exports=javafx.graphics/com.sun.javafx.scene.input=ALL-UNNAMED --add-exports=javafx.graphics/com.sun.javafx.scene=ALL-UNNAMED --add-exports=javafx.graphics/com.sun.javafx.scene.layout.region=ALL-UNNAMED --add-exports=javafx.graphics/com.sun.javafx.scene.text=ALL-UNNAMED --add-exports=javafx.graphics/com.sun.javafx.scene.transform=ALL-UNNAMED --add-exports=javafx.graphics/com.sun.javafx.scene.traversal=ALL-UNNAMED --add-exports=javafx.graphics/com.sun.javafx.sg.prism=ALL-UNNAMED --add-exports=javafx.graphics/com.sun.javafx.stage=ALL-UNNAMED --add-exports=javafx.graphics/com.sun.javafx.tk=ALL-UNNAMED --add-exports=javafx.graphics/com.sun.javafx.tk.quantum=ALL-UNNAMED --add-exports=javafx.graphics/com.sun.javafx.util=ALL-UNNAMED --add-exports=javafx.graphics/com.sun.prism.impl=ALL-UNNAMED --add-exports=javafx.graphics/com.sun.prism.impl.shape=ALL-UNNAMED --add-exports=javafx.graphics/com.sun.prism=ALL-UNNAMED --add-exports=javafx.graphics/com.sun.prism.paint=ALL-UNNAMED --add-exports=javafx.graphics/com.sun.scenario.animation=ALL-UNNAMED --add-exports=javafx.graphics/com.sun.scenario.animation.shared=ALL-UNNAMED --add-exports=javafx.graphics/com.sun.scenario.effect=ALL-UNNAMED --add-exports=javafx.graphics/com.sun.scenario.effect.light=ALL-UNNAMED --add-exports=javafx.graphics/com.sun.scenario=ALL-UNNAMED --add-exports=javafx.web/com.sun.javafx.scene.web=ALL-UNNAMED --add-exports=javafx.web/com.sun.javafx.webkit.prism=ALL-UNNAMED --add-exports=javafx.web/com.sun.javafx.webkit=ALL-UNNAMED --add-exports=javafx.web/com.sun.webkit.dom=ALL-UNNAMED --add-exports=javafx.web/com.sun.webkit.event=ALL-UNNAMED --add-exports=javafx.web/com.sun.webkit.graphics=ALL-UNNAMED --add-exports=javafx.web/com.sun.webkit.network=ALL-UNNAMED --add-exports=javafx.web/com.sun.webkit.text=ALL-UNNAMED --add-exports=javafx.web/com.sun.webkit=ALL-UNNAMED -Xmx512m -Dfile.encoding=UTF-8 -Duser.country=US -Duser.language=en -Duser.variant -ea worker.org.gradle.process.internal.worker.GradleWorkerMain 'Gradle Test Executor 1'

Host: 11th Gen Intel(R) Core(TM) i7-11800H @ 2.30GHz, 16 cores, 15G, Ubuntu 20.04.3 LTS
Time: Sat Jan 29 15:31:28 2022 +0630 elapsed time: 330 seconds (0d 0h 5m 30s)

---------------  T H R E A D  ---------------

Current thread (0x00007efe2817f800):  VMThread "VM Thread" [stack: 0x00007efe2c53c000,0x00007efe2c63c000] [id=13919]

Stack: [0x00007efe2c53c000,0x00007efe2c63c000],  sp=0x00007efe2c63a758,  free space=1017k
Native frames: (J=compiled Java code, A=aot compiled Java code, j=interpreted, Vv=VM code, C=native code)
C  0x00000000000023f0


siginfo: si_signo: 11 (SIGSEGV), si_code: 1 (SEGV_MAPERR), si_addr: 0x00000000000023f0

Register to memory mapping:

RAX=0x0 is NULL
RBX=0x00007efe31288060: _rtld_global+0x0000000000000000 in /lib64/ld-linux-x86-64.so.2 at 0x00007efe3125a000
RCX=0x0 is NULL
RDX=0x0000000000000001 is an unknown value
RSP=0x00007efe2c63a758 points into unknown readable memory: 5b bf 26 31 fe 7e 00 00
RBP=0x00007efe2c63a850 points into unknown readable memory: 8f 00 00 00 00 00 00 00
RSI=
[error occurred during error reporting (printing register info), id 0xb, SIGSEGV (0xb) at pc=0x00007efe3114e54e]

Registers:
RAX=0x0000000000000000, RBX=0x00007efe31288060, RCX=0x0000000000000000, RDX=0x0000000000000001
RSP=0x00007efe2c63a758, RBP=0x00007efe2c63a850, RSI=0x00007efe003b4c98, RDI=0x00007efe31202310
R8 =0x0000000000000000, R9 =0x00007efe2c63a6a4, R10=0xfffffffffffffe0c, R11=0x00007efe31036090
R12=0x0000000000000000, R13=0x00007efe2c63a7e0, R14=0x00007efe003b4c98, R15=0x00007efd900111e0
RIP=0x00000000000023f0, EFLAGS=0x0000000000010202, CSGSFS=0x002b000000000033, ERR=0x0000000000000014
  TRAPNO=0x000000000000000e

Top of Stack: (sp=0x00007efe2c63a758)
0x00007efe2c63a758:   00007efe3126bf5b 00007efe31289190
0x00007efe2c63a768:   00007efe31289740 00007efe312586e0
0x00007efe2c63a778:   00007efe28001240 00007efe280073d0
0x00007efe2c63a788:   00007efe2802d6e0 00007efe2803aa20 

Instructions: (pc=0x00000000000023f0)
0x00000000000022f0:   ?? ?? ?? ?? ?? ?? ?? ?? ?? ?? ?? ?? ?? ?? ?? ??
0x0000000000002300:   ?? ?? ?? ?? ?? ?? ?? ?? ?? ?? ?? ?? ?? ?? ?? ??
0x0000000000002310:   ?? ?? ?? ?? ?? ?? ?? ?? ?? ?? ?? ?? ?? ?? ?? ??
0x0000000000002320:   ?? ?? ?? ?? ?? ?? ?? ?? ?? ?? ?? ?? ?? ?? ?? ??
0x0000000000002330:   ?? ?? ?? ?? ?? ?? ?? ?? ?? ?? ?? ?? ?? ?? ?? ??
0x0000000000002340:   ?? ?? ?? ?? ?? ?? ?? ?? ?? ?? ?? ?? ?? ?? ?? ??
0x0000000000002350:   ?? ?? ?? ?? ?? ?? ?? ?? ?? ?? ?? ?? ?? ?? ?? ??
0x0000000000002360:   ?? ?? ?? ?? ?? ?? ?? ?? ?? ?? ?? ?? ?? ?? ?? ??
0x0000000000002370:   ?? ?? ?? ?? ?? ?? ?? ?? ?? ?? ?? ?? ?? ?? ?? ??
0x0000000000002380:   ?? ?? ?? ?? ?? ?? ?? ?? ?? ?? ?? ?? ?? ?? ?? ??
0x0000000000002390:   ?? ?? ?? ?? ?? ?? ?? ?? ?? ?? ?? ?? ?? ?? ?? ??
0x00000000000023a0:   ?? ?? ?? ?? ?? ?? ?? ?? ?? ?? ?? ?? ?? ?? ?? ??
0x00000000000023b0:   ?? ?? ?? ?? ?? ?? ?? ?? ?? ?? ?? ?? ?? ?? ?? ??
0x00000000000023c0:   ?? ?? ?? ?? ?? ?? ?? ?? ?? ?? ?? ?? ?? ?? ?? ??
0x00000000000023d0:   ?? ?? ?? ?? ?? ?? ?? ?? ?? ?? ?? ?? ?? ?? ?? ??
0x00000000000023e0:   ?? ?? ?? ?? ?? ?? ?? ?? ?? ?? ?? ?? ?? ?? ?? ??
0x00000000000023f0:   ?? ?? ?? ?? ?? ?? ?? ?? ?? ?? ?? ?? ?? ?? ?? ??
0x0000000000002400:   ?? ?? ?? ?? ?? ?? ?? ?? ?? ?? ?? ?? ?? ?? ?? ??
0x0000000000002410:   ?? ?? ?? ?? ?? ?? ?? ?? ?? ?? ?? ?? ?? ?? ?? ??
0x0000000000002420:   ?? ?? ?? ?? ?? ?? ?? ?? ?? ?? ?? ?? ?? ?? ?? ??
0x0000000000002430:   ?? ?? ?? ?? ?? ?? ?? ?? ?? ?? ?? ?? ?? ?? ?? ??
0x0000000000002440:   ?? ?? ?? ?? ?? ?? ?? ?? ?? ?? ?? ?? ?? ?? ?? ??
0x0000000000002450:   ?? ?? ?? ?? ?? ?? ?? ?? ?? ?? ?? ?? ?? ?? ?? ??
0x0000000000002460:   ?? ?? ?? ?? ?? ?? ?? ?? ?? ?? ?? ?? ?? ?? ?? ??
0x0000000000002470:   ?? ?? ?? ?? ?? ?? ?? ?? ?? ?? ?? ?? ?? ?? ?? ??
0x0000000000002480:   ?? ?? ?? ?? ?? ?? ?? ?? ?? ?? ?? ?? ?? ?? ?? ??
0x0000000000002490:   ?? ?? ?? ?? ?? ?? ?? ?? ?? ?? ?? ?? ?? ?? ?? ??
0x00000000000024a0:   ?? ?? ?? ?? ?? ?? ?? ?? ?? ?? ?? ?? ?? ?? ?? ??
0x00000000000024b0:   ?? ?? ?? ?? ?? ?? ?? ?? ?? ?? ?? ?? ?? ?? ?? ??
0x00000000000024c0:   ?? ?? ?? ?? ?? ?? ?? ?? ?? ?? ?? ?? ?? ?? ?? ??
0x00000000000024d0:   ?? ?? ?? ?? ?? ?? ?? ?? ?? ?? ?? ?? ?? ?? ?? ??
0x00000000000024e0:   ?? ?? ?? ?? ?? ?? ?? ?? ?? ?? ?? ?? ?? ?? ?? ?? 


Stack slot to memory mapping:
stack at sp + 0 slots: 0x00007efe3126bf5b: <offset 0x0000000000011f5b> in /lib64/ld-linux-x86-64.so.2 at 0x00007efe3125a000
stack at sp + 1 slots: 0x00007efe31289190 points into unknown readable memory: 00 00 00 00 00 00 00 00
stack at sp + 2 slots: 0x00007efe31289740 points into unknown readable memory: 00 e0 7f 3b fc 7f 00 00
stack at sp + 3 slots: 0x00007efe312586e0 points into unknown readable memory: 00 70 20 31 fe 7e 00 00
stack at sp + 4 slots: 0x00007efe28001240 points into unknown readable memory: 00 20 c2 2f fe 7e 00 00
stack at sp + 5 slots: 0x00007efe280073d0 points into unknown readable memory: 00 a0 23 31 fe 7e 00 00
stack at sp + 6 slots: 0x00007efe2802d6e0 points into unknown readable memory: 00 a0 be 2f fe 7e 00 00
stack at sp + 7 slots: 0x00007efe2803aa20 points into unknown readable memory: 00 10 c1 2f fe 7e 00 00

VM_Operation (0x00007efe014ca730): Exit, mode: safepoint, requested by thread 0x00007efde4001000


---------------  P R O C E S S  ---------------

Threads class SMR info:
_java_thread_list=0x00007efdcc0017e0, length=16, elements={
0x00007efe2802f000, 0x00007efe28182800, 0x00007efe28184800, 0x00007efe2818b000,
0x00007efe2818c800, 0x00007efe2818e800, 0x00007efe28198800, 0x00007efe2819a800,
0x00007efe281ac000, 0x00007efe2824f800, 0x00007efe284a2800, 0x00007efe284c0000,
0x00007efe284c0800, 0x00007efd940fc000, 0x00007efd8401c800, 0x00007efde4001000
}

Java Threads: ( => current thread )
  0x00007efe2802f000 JavaThread "main" [_thread_blocked, id=13912, stack(0x00007efe2fc2d000,0x00007efe2fd2e000)]
  0x00007efe28182800 JavaThread "Reference Handler" daemon [_thread_blocked, id=13920, stack(0x00007efe2c439000,0x00007efe2c53a000)]
  0x00007efe28184800 JavaThread "Finalizer" daemon [_thread_blocked, id=13921, stack(0x00007efe2c338000,0x00007efe2c439000)]
  0x00007efe2818b000 JavaThread "Signal Dispatcher" daemon [_thread_blocked, id=13922, stack(0x00007efe2c237000,0x00007efe2c338000)]
  0x00007efe2818c800 JavaThread "Service Thread" daemon [_thread_blocked, id=13923, stack(0x00007efe2c136000,0x00007efe2c237000)]
  0x00007efe2818e800 JavaThread "C2 CompilerThread0" daemon [_thread_blocked, id=13924, stack(0x00007efe2c035000,0x00007efe2c136000)]
  0x00007efe28198800 JavaThread "C1 CompilerThread0" daemon [_thread_blocked, id=13925, stack(0x00007efe1001b000,0x00007efe1011c000)]
  0x00007efe2819a800 JavaThread "Sweeper thread" daemon [_thread_blocked, id=13926, stack(0x00007efe016ff000,0x00007efe01800000)]
  0x00007efe281ac000 JavaThread "Common-Cleaner" daemon [_thread_blocked, id=13929, stack(0x00007efe015cd000,0x00007efe016ce000)]
  0x00007efe2824f800 JavaThread "Notification Thread" daemon [_thread_blocked, id=13942, stack(0x00007efe008bc000,0x00007efe009bd000)]
  0x00007efe284a2800 JavaThread "Test worker" [_thread_blocked, id=13949, stack(0x00007efe006b9000,0x00007efe007ba000)]
  0x00007efe284c0000 JavaThread "/127.0.0.1:44620 to /127.0.0.1:38487 workers Thread 2" [_thread_blocked, id=13950, stack(0x00007efe005b8000,0x00007efe006b9000)]
  0x00007efe284c0800 JavaThread "/127.0.0.1:44620 to /127.0.0.1:38487 workers Thread 3" [_thread_blocked, id=13951, stack(0x00007efe004b7000,0x00007efe005b8000)]
  0x00007efd940fc000 JavaThread "JavaFX Application Thread" [_thread_blocked, id=13954, stack(0x00007efe002a4000,0x00007efe003a5000)]
  0x00007efd8401c800 JavaThread "Timer-0" daemon [_thread_blocked, id=13956, stack(0x00007efe001a3000,0x00007efe002a4000)]
  0x00007efde4001000 JavaThread "SIGTERM handler" daemon [_thread_blocked, id=14432, stack(0x00007efe013cb000,0x00007efe014cc000)]

Other Threads:
=>0x00007efe2817f800 VMThread "VM Thread" [stack: 0x00007efe2c53c000,0x00007efe2c63c000] [id=13919]
  0x00007efe28056800 GCTaskThread "GC Thread#0" [stack: 0x00007efe2d8b2000,0x00007efe2d9b2000] [id=13914]
  0x00007efdf8001000 GCTaskThread "GC Thread#1" [stack: 0x00007efe00dc6000,0x00007efe00ec6000] [id=13937]
  0x00007efdf8002800 GCTaskThread "GC Thread#2" [stack: 0x00007efe00cc4000,0x00007efe00dc4000] [id=13938]
  0x00007efdf8003800 GCTaskThread "GC Thread#3" [stack: 0x00007efe00bc2000,0x00007efe00cc2000] [id=13939]
  0x00007efdf8005000 GCTaskThread "GC Thread#4" [stack: 0x00007efe00ac0000,0x00007efe00bc0000] [id=13940]
  0x00007efe2805c800 ConcurrentGCThread "G1 Main Marker" [stack: 0x00007efe2d7b0000,0x00007efe2d8b0000] [id=13915]
  0x00007efe2805e000 ConcurrentGCThread "G1 Conc#0" [stack: 0x00007efe2d6ae000,0x00007efe2d7ae000] [id=13916]
  0x00007efe28152000 ConcurrentGCThread "G1 Refine#0" [stack: 0x00007efe2c89f000,0x00007efe2c99f000] [id=13917]
  0x00007efe28153800 ConcurrentGCThread "G1 Young RemSet Sampling" [stack: 0x00007efe2c79d000,0x00007efe2c89d000] [id=13918]

Threads with active compile tasks:
C1 CompilerThread0   330883 1914       1       java.util.concurrent.CopyOnWriteArrayList::getArray (5 bytes)

VM state:at safepoint (shutting down)

VM Mutex/Monitor currently owned by a thread:  ([mutex/lock_event])
[0x00007efe2802a780] Threads_lock - owner thread: 0x00007efe2817f800
[0x00007efe2802afc0] Heap_lock - owner thread: 0x00007efde4001000

Heap address: 0x00000000e0000000, size: 512 MB, Compressed Oops mode: 32-bit
Narrow klass base: 0x0000000800000000, Narrow klass shift: 3
Compressed class space size: 1073741824 Address: 0x0000000800b0f000

Heap:
 garbage-first heap   total 253952K, used 29907K [0x00000000e0000000, 0x0000000100000000)
  region size 1024K, 26 young (26624K), 1 survivors (1024K)
 Metaspace       used 10283K, capacity 10666K, committed 10880K, reserved 1058816K
  class space    used 1244K, capacity 1389K, committed 1408K, reserved 1048576K
Heap Regions: E=young(eden), S=young(survivor), O=old, HS=humongous(starts), HC=humongous(continues), CS=collection set, F=free, OA=open archive, CA=closed archive, TAMS=top-at-mark-start (previous, next)
|   0|0x00000000e0000000, 0x00000000e0100000, 0x00000000e0100000|100%|HS|  |TAMS 0x00000000e0000000, 0x00000000e0000000| Complete 
|   1|0x00000000e0100000, 0x00000000e0200000, 0x00000000e0200000|100%|HC|  |TAMS 0x00000000e0100000, 0x00000000e0100000| Complete 
|   2|0x00000000e0200000, 0x00000000e0300000, 0x00000000e0300000|100%|HC|  |TAMS 0x00000000e0200000, 0x00000000e0200000| Complete 
|   3|0x00000000e0300000, 0x00000000e0400000, 0x00000000e0400000|100%|HC|  |TAMS 0x00000000e0300000, 0x00000000e0300000| Complete 
|   4|0x00000000e0400000, 0x00000000e0400000, 0x00000000e0500000|  0%| F|  |TAMS 0x00000000e0400000, 0x00000000e0400000| Untracked 
|   5|0x00000000e0500000, 0x00000000e0500000, 0x00000000e0600000|  0%| F|  |TAMS 0x00000000e0500000, 0x00000000e0500000| Untracked 
|   6|0x00000000e0600000, 0x00000000e0600000, 0x00000000e0700000|  0%| F|  |TAMS 0x00000000e0600000, 0x00000000e0600000| Untracked 
|   7|0x00000000e0700000, 0x00000000e0700000, 0x00000000e0800000|  0%| F|  |TAMS 0x00000000e0700000, 0x00000000e0700000| Untracked 
|   8|0x00000000e0800000, 0x00000000e0800000, 0x00000000e0900000|  0%| F|  |TAMS 0x00000000e0800000, 0x00000000e0800000| Untracked 
|   9|0x00000000e0900000, 0x00000000e0900000, 0x00000000e0a00000|  0%| F|  |TAMS 0x00000000e0900000, 0x00000000e0900000| Untracked 
|  10|0x00000000e0a00000, 0x00000000e0a00000, 0x00000000e0b00000|  0%| F|  |TAMS 0x00000000e0a00000, 0x00000000e0a00000| Untracked 
|  11|0x00000000e0b00000, 0x00000000e0b00000, 0x00000000e0c00000|  0%| F|  |TAMS 0x00000000e0b00000, 0x00000000e0b00000| Untracked 
|  12|0x00000000e0c00000, 0x00000000e0c00000, 0x00000000e0d00000|  0%| F|  |TAMS 0x00000000e0c00000, 0x00000000e0c00000| Untracked 
|  13|0x00000000e0d00000, 0x00000000e0d00000, 0x00000000e0e00000|  0%| F|  |TAMS 0x00000000e0d00000, 0x00000000e0d00000| Untracked 
|  14|0x00000000e0e00000, 0x00000000e0e00000, 0x00000000e0f00000|  0%| F|  |TAMS 0x00000000e0e00000, 0x00000000e0e00000| Untracked 
|  15|0x00000000e0f00000, 0x00000000e0f00000, 0x00000000e1000000|  0%| F|  |TAMS 0x00000000e0f00000, 0x00000000e0f00000| Untracked 
|  16|0x00000000e1000000, 0x00000000e1000000, 0x00000000e1100000|  0%| F|  |TAMS 0x00000000e1000000, 0x00000000e1000000| Untracked 
|  17|0x00000000e1100000, 0x00000000e1100000, 0x00000000e1200000|  0%| F|  |TAMS 0x00000000e1100000, 0x00000000e1100000| Untracked 
|  18|0x00000000e1200000, 0x00000000e1200000, 0x00000000e1300000|  0%| F|  |TAMS 0x00000000e1200000, 0x00000000e1200000| Untracked 
|  19|0x00000000e1300000, 0x00000000e1300000, 0x00000000e1400000|  0%| F|  |TAMS 0x00000000e1300000, 0x00000000e1300000| Untracked 
|  20|0x00000000e1400000, 0x00000000e1400000, 0x00000000e1500000|  0%| F|  |TAMS 0x00000000e1400000, 0x00000000e1400000| Untracked 
|  21|0x00000000e1500000, 0x00000000e1500000, 0x00000000e1600000|  0%| F|  |TAMS 0x00000000e1500000, 0x00000000e1500000| Untracked 
|  22|0x00000000e1600000, 0x00000000e1600000, 0x00000000e1700000|  0%| F|  |TAMS 0x00000000e1600000, 0x00000000e1600000| Untracked 
|  23|0x00000000e1700000, 0x00000000e1700000, 0x00000000e1800000|  0%| F|  |TAMS 0x00000000e1700000, 0x00000000e1700000| Untracked 
|  24|0x00000000e1800000, 0x00000000e1800000, 0x00000000e1900000|  0%| F|  |TAMS 0x00000000e1800000, 0x00000000e1800000| Untracked 
|  25|0x00000000e1900000, 0x00000000e1900000, 0x00000000e1a00000|  0%| F|  |TAMS 0x00000000e1900000, 0x00000000e1900000| Untracked 
|  26|0x00000000e1a00000, 0x00000000e1a00000, 0x00000000e1b00000|  0%| F|  |TAMS 0x00000000e1a00000, 0x00000000e1a00000| Untracked 
|  27|0x00000000e1b00000, 0x00000000e1b00000, 0x00000000e1c00000|  0%| F|  |TAMS 0x00000000e1b00000, 0x00000000e1b00000| Untracked 
|  28|0x00000000e1c00000, 0x00000000e1c00000, 0x00000000e1d00000|  0%| F|  |TAMS 0x00000000e1c00000, 0x00000000e1c00000| Untracked 
|  29|0x00000000e1d00000, 0x00000000e1d00000, 0x00000000e1e00000|  0%| F|  |TAMS 0x00000000e1d00000, 0x00000000e1d00000| Untracked 
|  30|0x00000000e1e00000, 0x00000000e1e00000, 0x00000000e1f00000|  0%| F|  |TAMS 0x00000000e1e00000, 0x00000000e1e00000| Untracked 
|  31|0x00000000e1f00000, 0x00000000e1f00000, 0x00000000e2000000|  0%| F|  |TAMS 0x00000000e1f00000, 0x00000000e1f00000| Untracked 
|  32|0x00000000e2000000, 0x00000000e2000000, 0x00000000e2100000|  0%| F|  |TAMS 0x00000000e2000000, 0x00000000e2000000| Untracked 
|  33|0x00000000e2100000, 0x00000000e2100000, 0x00000000e2200000|  0%| F|  |TAMS 0x00000000e2100000, 0x00000000e2100000| Untracked 
|  34|0x00000000e2200000, 0x00000000e2200000, 0x00000000e2300000|  0%| F|  |TAMS 0x00000000e2200000, 0x00000000e2200000| Untracked 
|  35|0x00000000e2300000, 0x00000000e2300000, 0x00000000e2400000|  0%| F|  |TAMS 0x00000000e2300000, 0x00000000e2300000| Untracked 
|  36|0x00000000e2400000, 0x00000000e2400000, 0x00000000e2500000|  0%| F|  |TAMS 0x00000000e2400000, 0x00000000e2400000| Untracked 
|  37|0x00000000e2500000, 0x00000000e2500000, 0x00000000e2600000|  0%| F|  |TAMS 0x00000000e2500000, 0x00000000e2500000| Untracked 
|  38|0x00000000e2600000, 0x00000000e2600000, 0x00000000e2700000|  0%| F|  |TAMS 0x00000000e2600000, 0x00000000e2600000| Untracked 
|  39|0x00000000e2700000, 0x00000000e2700000, 0x00000000e2800000|  0%| F|  |TAMS 0x00000000e2700000, 0x00000000e2700000| Untracked 
|  40|0x00000000e2800000, 0x00000000e2800000, 0x00000000e2900000|  0%| F|  |TAMS 0x00000000e2800000, 0x00000000e2800000| Untracked 
|  41|0x00000000e2900000, 0x00000000e2900000, 0x00000000e2a00000|  0%| F|  |TAMS 0x00000000e2900000, 0x00000000e2900000| Untracked 
|  42|0x00000000e2a00000, 0x00000000e2a00000, 0x00000000e2b00000|  0%| F|  |TAMS 0x00000000e2a00000, 0x00000000e2a00000| Untracked 
|  43|0x00000000e2b00000, 0x00000000e2b00000, 0x00000000e2c00000|  0%| F|  |TAMS 0x00000000e2b00000, 0x00000000e2b00000| Untracked 
|  44|0x00000000e2c00000, 0x00000000e2c00000, 0x00000000e2d00000|  0%| F|  |TAMS 0x00000000e2c00000, 0x00000000e2c00000| Untracked 
|  45|0x00000000e2d00000, 0x00000000e2d00000, 0x00000000e2e00000|  0%| F|  |TAMS 0x00000000e2d00000, 0x00000000e2d00000| Untracked 
|  46|0x00000000e2e00000, 0x00000000e2e00000, 0x00000000e2f00000|  0%| F|  |TAMS 0x00000000e2e00000, 0x00000000e2e00000| Untracked 
|  47|0x00000000e2f00000, 0x00000000e2f00000, 0x00000000e3000000|  0%| F|  |TAMS 0x00000000e2f00000, 0x00000000e2f00000| Untracked 
|  48|0x00000000e3000000, 0x00000000e3000000, 0x00000000e3100000|  0%| F|  |TAMS 0x00000000e3000000, 0x00000000e3000000| Untracked 
|  49|0x00000000e3100000, 0x00000000e3100000, 0x00000000e3200000|  0%| F|  |TAMS 0x00000000e3100000, 0x00000000e3100000| Untracked 
|  50|0x00000000e3200000, 0x00000000e3200000, 0x00000000e3300000|  0%| F|  |TAMS 0x00000000e3200000, 0x00000000e3200000| Untracked 
|  51|0x00000000e3300000, 0x00000000e3300000, 0x00000000e3400000|  0%| F|  |TAMS 0x00000000e3300000, 0x00000000e3300000| Untracked 
|  52|0x00000000e3400000, 0x00000000e3400000, 0x00000000e3500000|  0%| F|  |TAMS 0x00000000e3400000, 0x00000000e3400000| Untracked 
|  53|0x00000000e3500000, 0x00000000e3500000, 0x00000000e3600000|  0%| F|  |TAMS 0x00000000e3500000, 0x00000000e3500000| Untracked 
|  54|0x00000000e3600000, 0x00000000e3600000, 0x00000000e3700000|  0%| F|  |TAMS 0x00000000e3600000, 0x00000000e3600000| Untracked 
|  55|0x00000000e3700000, 0x00000000e3700000, 0x00000000e3800000|  0%| F|  |TAMS 0x00000000e3700000, 0x00000000e3700000| Untracked 
|  56|0x00000000e3800000, 0x00000000e3800000, 0x00000000e3900000|  0%| F|  |TAMS 0x00000000e3800000, 0x00000000e3800000| Untracked 
|  57|0x00000000e3900000, 0x00000000e3900000, 0x00000000e3a00000|  0%| F|  |TAMS 0x00000000e3900000, 0x00000000e3900000| Untracked 
|  58|0x00000000e3a00000, 0x00000000e3a00000, 0x00000000e3b00000|  0%| F|  |TAMS 0x00000000e3a00000, 0x00000000e3a00000| Untracked 
|  59|0x00000000e3b00000, 0x00000000e3b00000, 0x00000000e3c00000|  0%| F|  |TAMS 0x00000000e3b00000, 0x00000000e3b00000| Untracked 
|  60|0x00000000e3c00000, 0x00000000e3c00000, 0x00000000e3d00000|  0%| F|  |TAMS 0x00000000e3c00000, 0x00000000e3c00000| Untracked 
|  61|0x00000000e3d00000, 0x00000000e3d00000, 0x00000000e3e00000|  0%| F|  |TAMS 0x00000000e3d00000, 0x00000000e3d00000| Untracked 
|  62|0x00000000e3e00000, 0x00000000e3e00000, 0x00000000e3f00000|  0%| F|  |TAMS 0x00000000e3e00000, 0x00000000e3e00000| Untracked 
|  63|0x00000000e3f00000, 0x00000000e3f00000, 0x00000000e4000000|  0%| F|  |TAMS 0x00000000e3f00000, 0x00000000e3f00000| Untracked 
|  64|0x00000000e4000000, 0x00000000e4000000, 0x00000000e4100000|  0%| F|  |TAMS 0x00000000e4000000, 0x00000000e4000000| Untracked 
|  65|0x00000000e4100000, 0x00000000e4100000, 0x00000000e4200000|  0%| F|  |TAMS 0x00000000e4100000, 0x00000000e4100000| Untracked 
|  66|0x00000000e4200000, 0x00000000e4200000, 0x00000000e4300000|  0%| F|  |TAMS 0x00000000e4200000, 0x00000000e4200000| Untracked 
|  67|0x00000000e4300000, 0x00000000e4300000, 0x00000000e4400000|  0%| F|  |TAMS 0x00000000e4300000, 0x00000000e4300000| Untracked 
|  68|0x00000000e4400000, 0x00000000e4400000, 0x00000000e4500000|  0%| F|  |TAMS 0x00000000e4400000, 0x00000000e4400000| Untracked 
|  69|0x00000000e4500000, 0x00000000e4500000, 0x00000000e4600000|  0%| F|  |TAMS 0x00000000e4500000, 0x00000000e4500000| Untracked 
|  70|0x00000000e4600000, 0x00000000e4600000, 0x00000000e4700000|  0%| F|  |TAMS 0x00000000e4600000, 0x00000000e4600000| Untracked 
|  71|0x00000000e4700000, 0x00000000e4700000, 0x00000000e4800000|  0%| F|  |TAMS 0x00000000e4700000, 0x00000000e4700000| Untracked 
|  72|0x00000000e4800000, 0x00000000e4800000, 0x00000000e4900000|  0%| F|  |TAMS 0x00000000e4800000, 0x00000000e4800000| Untracked 
|  73|0x00000000e4900000, 0x00000000e4900000, 0x00000000e4a00000|  0%| F|  |TAMS 0x00000000e4900000, 0x00000000e4900000| Untracked 
|  74|0x00000000e4a00000, 0x00000000e4a00000, 0x00000000e4b00000|  0%| F|  |TAMS 0x00000000e4a00000, 0x00000000e4a00000| Untracked 
|  75|0x00000000e4b00000, 0x00000000e4b00000, 0x00000000e4c00000|  0%| F|  |TAMS 0x00000000e4b00000, 0x00000000e4b00000| Untracked 
|  76|0x00000000e4c00000, 0x00000000e4c00000, 0x00000000e4d00000|  0%| F|  |TAMS 0x00000000e4c00000, 0x00000000e4c00000| Untracked 
|  77|0x00000000e4d00000, 0x00000000e4d00000, 0x00000000e4e00000|  0%| F|  |TAMS 0x00000000e4d00000, 0x00000000e4d00000| Untracked 
|  78|0x00000000e4e00000, 0x00000000e4e00000, 0x00000000e4f00000|  0%| F|  |TAMS 0x00000000e4e00000, 0x00000000e4e00000| Untracked 
|  79|0x00000000e4f00000, 0x00000000e4f00000, 0x00000000e5000000|  0%| F|  |TAMS 0x00000000e4f00000, 0x00000000e4f00000| Untracked 
|  80|0x00000000e5000000, 0x00000000e5000000, 0x00000000e5100000|  0%| F|  |TAMS 0x00000000e5000000, 0x00000000e5000000| Untracked 
|  81|0x00000000e5100000, 0x00000000e5100000, 0x00000000e5200000|  0%| F|  |TAMS 0x00000000e5100000, 0x00000000e5100000| Untracked 
|  82|0x00000000e5200000, 0x00000000e5200000, 0x00000000e5300000|  0%| F|  |TAMS 0x00000000e5200000, 0x00000000e5200000| Untracked 
|  83|0x00000000e5300000, 0x00000000e5300000, 0x00000000e5400000|  0%| F|  |TAMS 0x00000000e5300000, 0x00000000e5300000| Untracked 
|  84|0x00000000e5400000, 0x00000000e5400000, 0x00000000e5500000|  0%| F|  |TAMS 0x00000000e5400000, 0x00000000e5400000| Untracked 
|  85|0x00000000e5500000, 0x00000000e5500000, 0x00000000e5600000|  0%| F|  |TAMS 0x00000000e5500000, 0x00000000e5500000| Untracked 
|  86|0x00000000e5600000, 0x00000000e5600000, 0x00000000e5700000|  0%| F|  |TAMS 0x00000000e5600000, 0x00000000e5600000| Untracked 
|  87|0x00000000e5700000, 0x00000000e5700000, 0x00000000e5800000|  0%| F|  |TAMS 0x00000000e5700000, 0x00000000e5700000| Untracked 
|  88|0x00000000e5800000, 0x00000000e5800000, 0x00000000e5900000|  0%| F|  |TAMS 0x00000000e5800000, 0x00000000e5800000| Untracked 
|  89|0x00000000e5900000, 0x00000000e5900000, 0x00000000e5a00000|  0%| F|  |TAMS 0x00000000e5900000, 0x00000000e5900000| Untracked 
|  90|0x00000000e5a00000, 0x00000000e5a00000, 0x00000000e5b00000|  0%| F|  |TAMS 0x00000000e5a00000, 0x00000000e5a00000| Untracked 
|  91|0x00000000e5b00000, 0x00000000e5b00000, 0x00000000e5c00000|  0%| F|  |TAMS 0x00000000e5b00000, 0x00000000e5b00000| Untracked 
|  92|0x00000000e5c00000, 0x00000000e5c00000, 0x00000000e5d00000|  0%| F|  |TAMS 0x00000000e5c00000, 0x00000000e5c00000| Untracked 
|  93|0x00000000e5d00000, 0x00000000e5d00000, 0x00000000e5e00000|  0%| F|  |TAMS 0x00000000e5d00000, 0x00000000e5d00000| Untracked 
|  94|0x00000000e5e00000, 0x00000000e5e00000, 0x00000000e5f00000|  0%| F|  |TAMS 0x00000000e5e00000, 0x00000000e5e00000| Untracked 
|  95|0x00000000e5f00000, 0x00000000e5f00000, 0x00000000e6000000|  0%| F|  |TAMS 0x00000000e5f00000, 0x00000000e5f00000| Untracked 
|  96|0x00000000e6000000, 0x00000000e6000000, 0x00000000e6100000|  0%| F|  |TAMS 0x00000000e6000000, 0x00000000e6000000| Untracked 
|  97|0x00000000e6100000, 0x00000000e6100000, 0x00000000e6200000|  0%| F|  |TAMS 0x00000000e6100000, 0x00000000e6100000| Untracked 
|  98|0x00000000e6200000, 0x00000000e6200000, 0x00000000e6300000|  0%| F|  |TAMS 0x00000000e6200000, 0x00000000e6200000| Untracked 
|  99|0x00000000e6300000, 0x00000000e6300000, 0x00000000e6400000|  0%| F|  |TAMS 0x00000000e6300000, 0x00000000e6300000| Untracked 
| 100|0x00000000e6400000, 0x00000000e6400000, 0x00000000e6500000|  0%| F|  |TAMS 0x00000000e6400000, 0x00000000e6400000| Untracked 
| 101|0x00000000e6500000, 0x00000000e6500000, 0x00000000e6600000|  0%| F|  |TAMS 0x00000000e6500000, 0x00000000e6500000| Untracked 
| 102|0x00000000e6600000, 0x00000000e6600000, 0x00000000e6700000|  0%| F|  |TAMS 0x00000000e6600000, 0x00000000e6600000| Untracked 
| 103|0x00000000e6700000, 0x00000000e6700000, 0x00000000e6800000|  0%| F|  |TAMS 0x00000000e6700000, 0x00000000e6700000| Untracked 
| 104|0x00000000e6800000, 0x00000000e6800000, 0x00000000e6900000|  0%| F|  |TAMS 0x00000000e6800000, 0x00000000e6800000| Untracked 
| 105|0x00000000e6900000, 0x00000000e6900000, 0x00000000e6a00000|  0%| F|  |TAMS 0x00000000e6900000, 0x00000000e6900000| Untracked 
| 106|0x00000000e6a00000, 0x00000000e6a00000, 0x00000000e6b00000|  0%| F|  |TAMS 0x00000000e6a00000, 0x00000000e6a00000| Untracked 
| 107|0x00000000e6b00000, 0x00000000e6b00000, 0x00000000e6c00000|  0%| F|  |TAMS 0x00000000e6b00000, 0x00000000e6b00000| Untracked 
| 108|0x00000000e6c00000, 0x00000000e6c00000, 0x00000000e6d00000|  0%| F|  |TAMS 0x00000000e6c00000, 0x00000000e6c00000| Untracked 
| 109|0x00000000e6d00000, 0x00000000e6d00000, 0x00000000e6e00000|  0%| F|  |TAMS 0x00000000e6d00000, 0x00000000e6d00000| Untracked 
| 110|0x00000000e6e00000, 0x00000000e6e00000, 0x00000000e6f00000|  0%| F|  |TAMS 0x00000000e6e00000, 0x00000000e6e00000| Untracked 
| 111|0x00000000e6f00000, 0x00000000e6f00000, 0x00000000e7000000|  0%| F|  |TAMS 0x00000000e6f00000, 0x00000000e6f00000| Untracked 
| 112|0x00000000e7000000, 0x00000000e7000000, 0x00000000e7100000|  0%| F|  |TAMS 0x00000000e7000000, 0x00000000e7000000| Untracked 
| 113|0x00000000e7100000, 0x00000000e7100000, 0x00000000e7200000|  0%| F|  |TAMS 0x00000000e7100000, 0x00000000e7100000| Untracked 
| 114|0x00000000e7200000, 0x00000000e7200000, 0x00000000e7300000|  0%| F|  |TAMS 0x00000000e7200000, 0x00000000e7200000| Untracked 
| 115|0x00000000e7300000, 0x00000000e7300000, 0x00000000e7400000|  0%| F|  |TAMS 0x00000000e7300000, 0x00000000e7300000| Untracked 
| 116|0x00000000e7400000, 0x00000000e7400000, 0x00000000e7500000|  0%| F|  |TAMS 0x00000000e7400000, 0x00000000e7400000| Untracked 
| 117|0x00000000e7500000, 0x00000000e7500000, 0x00000000e7600000|  0%| F|  |TAMS 0x00000000e7500000, 0x00000000e7500000| Untracked 
| 118|0x00000000e7600000, 0x00000000e7600000, 0x00000000e7700000|  0%| F|  |TAMS 0x00000000e7600000, 0x00000000e7600000| Untracked 
| 119|0x00000000e7700000, 0x00000000e7700000, 0x00000000e7800000|  0%| F|  |TAMS 0x00000000e7700000, 0x00000000e7700000| Untracked 
| 120|0x00000000e7800000, 0x00000000e7800000, 0x00000000e7900000|  0%| F|  |TAMS 0x00000000e7800000, 0x00000000e7800000| Untracked 
| 121|0x00000000e7900000, 0x00000000e7900000, 0x00000000e7a00000|  0%| F|  |TAMS 0x00000000e7900000, 0x00000000e7900000| Untracked 
| 122|0x00000000e7a00000, 0x00000000e7a00000, 0x00000000e7b00000|  0%| F|  |TAMS 0x00000000e7a00000, 0x00000000e7a00000| Untracked 
| 123|0x00000000e7b00000, 0x00000000e7b00000, 0x00000000e7c00000|  0%| F|  |TAMS 0x00000000e7b00000, 0x00000000e7b00000| Untracked 
| 124|0x00000000e7c00000, 0x00000000e7c00000, 0x00000000e7d00000|  0%| F|  |TAMS 0x00000000e7c00000, 0x00000000e7c00000| Untracked 
| 125|0x00000000e7d00000, 0x00000000e7d00000, 0x00000000e7e00000|  0%| F|  |TAMS 0x00000000e7d00000, 0x00000000e7d00000| Untracked 
| 126|0x00000000e7e00000, 0x00000000e7e00000, 0x00000000e7f00000|  0%| F|  |TAMS 0x00000000e7e00000, 0x00000000e7e00000| Untracked 
| 127|0x00000000e7f00000, 0x00000000e7f00000, 0x00000000e8000000|  0%| F|  |TAMS 0x00000000e7f00000, 0x00000000e7f00000| Untracked 
| 128|0x00000000e8000000, 0x00000000e8000000, 0x00000000e8100000|  0%| F|  |TAMS 0x00000000e8000000, 0x00000000e8000000| Untracked 
| 129|0x00000000e8100000, 0x00000000e8100000, 0x00000000e8200000|  0%| F|  |TAMS 0x00000000e8100000, 0x00000000e8100000| Untracked 
| 130|0x00000000e8200000, 0x00000000e8200000, 0x00000000e8300000|  0%| F|  |TAMS 0x00000000e8200000, 0x00000000e8200000| Untracked 
| 131|0x00000000e8300000, 0x00000000e8300000, 0x00000000e8400000|  0%| F|  |TAMS 0x00000000e8300000, 0x00000000e8300000| Untracked 
| 132|0x00000000e8400000, 0x00000000e8400000, 0x00000000e8500000|  0%| F|  |TAMS 0x00000000e8400000, 0x00000000e8400000| Untracked 
| 133|0x00000000e8500000, 0x00000000e8500000, 0x00000000e8600000|  0%| F|  |TAMS 0x00000000e8500000, 0x00000000e8500000| Untracked 
| 134|0x00000000e8600000, 0x00000000e8600000, 0x00000000e8700000|  0%| F|  |TAMS 0x00000000e8600000, 0x00000000e8600000| Untracked 
| 135|0x00000000e8700000, 0x00000000e8700000, 0x00000000e8800000|  0%| F|  |TAMS 0x00000000e8700000, 0x00000000e8700000| Untracked 
| 136|0x00000000e8800000, 0x00000000e8800000, 0x00000000e8900000|  0%| F|  |TAMS 0x00000000e8800000, 0x00000000e8800000| Untracked 
| 137|0x00000000e8900000, 0x00000000e8900000, 0x00000000e8a00000|  0%| F|  |TAMS 0x00000000e8900000, 0x00000000e8900000| Untracked 
| 138|0x00000000e8a00000, 0x00000000e8a00000, 0x00000000e8b00000|  0%| F|  |TAMS 0x00000000e8a00000, 0x00000000e8a00000| Untracked 
| 139|0x00000000e8b00000, 0x00000000e8b00000, 0x00000000e8c00000|  0%| F|  |TAMS 0x00000000e8b00000, 0x00000000e8b00000| Untracked 
| 140|0x00000000e8c00000, 0x00000000e8c00000, 0x00000000e8d00000|  0%| F|  |TAMS 0x00000000e8c00000, 0x00000000e8c00000| Untracked 
| 141|0x00000000e8d00000, 0x00000000e8d00000, 0x00000000e8e00000|  0%| F|  |TAMS 0x00000000e8d00000, 0x00000000e8d00000| Untracked 
| 142|0x00000000e8e00000, 0x00000000e8e00000, 0x00000000e8f00000|  0%| F|  |TAMS 0x00000000e8e00000, 0x00000000e8e00000| Untracked 
| 143|0x00000000e8f00000, 0x00000000e8f00000, 0x00000000e9000000|  0%| F|  |TAMS 0x00000000e8f00000, 0x00000000e8f00000| Untracked 
| 144|0x00000000e9000000, 0x00000000e9000000, 0x00000000e9100000|  0%| F|  |TAMS 0x00000000e9000000, 0x00000000e9000000| Untracked 
| 145|0x00000000e9100000, 0x00000000e9100000, 0x00000000e9200000|  0%| F|  |TAMS 0x00000000e9100000, 0x00000000e9100000| Untracked 
| 146|0x00000000e9200000, 0x00000000e9200000, 0x00000000e9300000|  0%| F|  |TAMS 0x00000000e9200000, 0x00000000e9200000| Untracked 
| 147|0x00000000e9300000, 0x00000000e9300000, 0x00000000e9400000|  0%| F|  |TAMS 0x00000000e9300000, 0x00000000e9300000| Untracked 
| 148|0x00000000e9400000, 0x00000000e9400000, 0x00000000e9500000|  0%| F|  |TAMS 0x00000000e9400000, 0x00000000e9400000| Untracked 
| 149|0x00000000e9500000, 0x00000000e9500000, 0x00000000e9600000|  0%| F|  |TAMS 0x00000000e9500000, 0x00000000e9500000| Untracked 
| 150|0x00000000e9600000, 0x00000000e9600000, 0x00000000e9700000|  0%| F|  |TAMS 0x00000000e9600000, 0x00000000e9600000| Untracked 
| 151|0x00000000e9700000, 0x00000000e9700000, 0x00000000e9800000|  0%| F|  |TAMS 0x00000000e9700000, 0x00000000e9700000| Untracked 
| 152|0x00000000e9800000, 0x00000000e9800000, 0x00000000e9900000|  0%| F|  |TAMS 0x00000000e9800000, 0x00000000e9800000| Untracked 
| 153|0x00000000e9900000, 0x00000000e9900000, 0x00000000e9a00000|  0%| F|  |TAMS 0x00000000e9900000, 0x00000000e9900000| Untracked 
| 154|0x00000000e9a00000, 0x00000000e9a00000, 0x00000000e9b00000|  0%| F|  |TAMS 0x00000000e9a00000, 0x00000000e9a00000| Untracked 
| 155|0x00000000e9b00000, 0x00000000e9b00000, 0x00000000e9c00000|  0%| F|  |TAMS 0x00000000e9b00000, 0x00000000e9b00000| Untracked 
| 156|0x00000000e9c00000, 0x00000000e9c00000, 0x00000000e9d00000|  0%| F|  |TAMS 0x00000000e9c00000, 0x00000000e9c00000| Untracked 
| 157|0x00000000e9d00000, 0x00000000e9d00000, 0x00000000e9e00000|  0%| F|  |TAMS 0x00000000e9d00000, 0x00000000e9d00000| Untracked 
| 158|0x00000000e9e00000, 0x00000000e9e00000, 0x00000000e9f00000|  0%| F|  |TAMS 0x00000000e9e00000, 0x00000000e9e00000| Untracked 
| 159|0x00000000e9f00000, 0x00000000e9f00000, 0x00000000ea000000|  0%| F|  |TAMS 0x00000000e9f00000, 0x00000000e9f00000| Untracked 
| 160|0x00000000ea000000, 0x00000000ea000000, 0x00000000ea100000|  0%| F|  |TAMS 0x00000000ea000000, 0x00000000ea000000| Untracked 
| 161|0x00000000ea100000, 0x00000000ea100000, 0x00000000ea200000|  0%| F|  |TAMS 0x00000000ea100000, 0x00000000ea100000| Untracked 
| 162|0x00000000ea200000, 0x00000000ea200000, 0x00000000ea300000|  0%| F|  |TAMS 0x00000000ea200000, 0x00000000ea200000| Untracked 
| 163|0x00000000ea300000, 0x00000000ea300000, 0x00000000ea400000|  0%| F|  |TAMS 0x00000000ea300000, 0x00000000ea300000| Untracked 
| 164|0x00000000ea400000, 0x00000000ea400000, 0x00000000ea500000|  0%| F|  |TAMS 0x00000000ea400000, 0x00000000ea400000| Untracked 
| 165|0x00000000ea500000, 0x00000000ea500000, 0x00000000ea600000|  0%| F|  |TAMS 0x00000000ea500000, 0x00000000ea500000| Untracked 
| 166|0x00000000ea600000, 0x00000000ea600000, 0x00000000ea700000|  0%| F|  |TAMS 0x00000000ea600000, 0x00000000ea600000| Untracked 
| 167|0x00000000ea700000, 0x00000000ea700000, 0x00000000ea800000|  0%| F|  |TAMS 0x00000000ea700000, 0x00000000ea700000| Untracked 
| 168|0x00000000ea800000, 0x00000000ea800000, 0x00000000ea900000|  0%| F|  |TAMS 0x00000000ea800000, 0x00000000ea800000| Untracked 
| 169|0x00000000ea900000, 0x00000000ea900000, 0x00000000eaa00000|  0%| F|  |TAMS 0x00000000ea900000, 0x00000000ea900000| Untracked 
| 170|0x00000000eaa00000, 0x00000000eaa00000, 0x00000000eab00000|  0%| F|  |TAMS 0x00000000eaa00000, 0x00000000eaa00000| Untracked 
| 171|0x00000000eab00000, 0x00000000eab00000, 0x00000000eac00000|  0%| F|  |TAMS 0x00000000eab00000, 0x00000000eab00000| Untracked 
| 172|0x00000000eac00000, 0x00000000eac00000, 0x00000000ead00000|  0%| F|  |TAMS 0x00000000eac00000, 0x00000000eac00000| Untracked 
| 173|0x00000000ead00000, 0x00000000ead00000, 0x00000000eae00000|  0%| F|  |TAMS 0x00000000ead00000, 0x00000000ead00000| Untracked 
| 174|0x00000000eae00000, 0x00000000eae00000, 0x00000000eaf00000|  0%| F|  |TAMS 0x00000000eae00000, 0x00000000eae00000| Untracked 
| 175|0x00000000eaf00000, 0x00000000eaf00000, 0x00000000eb000000|  0%| F|  |TAMS 0x00000000eaf00000, 0x00000000eaf00000| Untracked 
| 176|0x00000000eb000000, 0x00000000eb000000, 0x00000000eb100000|  0%| F|  |TAMS 0x00000000eb000000, 0x00000000eb000000| Untracked 
| 177|0x00000000eb100000, 0x00000000eb100000, 0x00000000eb200000|  0%| F|  |TAMS 0x00000000eb100000, 0x00000000eb100000| Untracked 
| 178|0x00000000eb200000, 0x00000000eb200000, 0x00000000eb300000|  0%| F|  |TAMS 0x00000000eb200000, 0x00000000eb200000| Untracked 
| 179|0x00000000eb300000, 0x00000000eb300000, 0x00000000eb400000|  0%| F|  |TAMS 0x00000000eb300000, 0x00000000eb300000| Untracked 
| 180|0x00000000eb400000, 0x00000000eb400000, 0x00000000eb500000|  0%| F|  |TAMS 0x00000000eb400000, 0x00000000eb400000| Untracked 
| 181|0x00000000eb500000, 0x00000000eb500000, 0x00000000eb600000|  0%| F|  |TAMS 0x00000000eb500000, 0x00000000eb500000| Untracked 
| 182|0x00000000eb600000, 0x00000000eb600000, 0x00000000eb700000|  0%| F|  |TAMS 0x00000000eb600000, 0x00000000eb600000| Untracked 
| 183|0x00000000eb700000, 0x00000000eb700000, 0x00000000eb800000|  0%| F|  |TAMS 0x00000000eb700000, 0x00000000eb700000| Untracked 
| 184|0x00000000eb800000, 0x00000000eb800000, 0x00000000eb900000|  0%| F|  |TAMS 0x00000000eb800000, 0x00000000eb800000| Untracked 
| 185|0x00000000eb900000, 0x00000000eb900000, 0x00000000eba00000|  0%| F|  |TAMS 0x00000000eb900000, 0x00000000eb900000| Untracked 
| 186|0x00000000eba00000, 0x00000000eba00000, 0x00000000ebb00000|  0%| F|  |TAMS 0x00000000eba00000, 0x00000000eba00000| Untracked 
| 187|0x00000000ebb00000, 0x00000000ebb00000, 0x00000000ebc00000|  0%| F|  |TAMS 0x00000000ebb00000, 0x00000000ebb00000| Untracked 
| 188|0x00000000ebc00000, 0x00000000ebc00000, 0x00000000ebd00000|  0%| F|  |TAMS 0x00000000ebc00000, 0x00000000ebc00000| Untracked 
| 189|0x00000000ebd00000, 0x00000000ebd00000, 0x00000000ebe00000|  0%| F|  |TAMS 0x00000000ebd00000, 0x00000000ebd00000| Untracked 
| 190|0x00000000ebe00000, 0x00000000ebe00000, 0x00000000ebf00000|  0%| F|  |TAMS 0x00000000ebe00000, 0x00000000ebe00000| Untracked 
| 191|0x00000000ebf00000, 0x00000000ebf00000, 0x00000000ec000000|  0%| F|  |TAMS 0x00000000ebf00000, 0x00000000ebf00000| Untracked 
| 192|0x00000000ec000000, 0x00000000ec000000, 0x00000000ec100000|  0%| F|  |TAMS 0x00000000ec000000, 0x00000000ec000000| Untracked 
| 193|0x00000000ec100000, 0x00000000ec100000, 0x00000000ec200000|  0%| F|  |TAMS 0x00000000ec100000, 0x00000000ec100000| Untracked 
| 194|0x00000000ec200000, 0x00000000ec200000, 0x00000000ec300000|  0%| F|  |TAMS 0x00000000ec200000, 0x00000000ec200000| Untracked 
| 195|0x00000000ec300000, 0x00000000ec300000, 0x00000000ec400000|  0%| F|  |TAMS 0x00000000ec300000, 0x00000000ec300000| Untracked 
| 196|0x00000000ec400000, 0x00000000ec400000, 0x00000000ec500000|  0%| F|  |TAMS 0x00000000ec400000, 0x00000000ec400000| Untracked 
| 197|0x00000000ec500000, 0x00000000ec500000, 0x00000000ec600000|  0%| F|  |TAMS 0x00000000ec500000, 0x00000000ec500000| Untracked 
| 198|0x00000000ec600000, 0x00000000ec600000, 0x00000000ec700000|  0%| F|  |TAMS 0x00000000ec600000, 0x00000000ec600000| Untracked 
| 199|0x00000000ec700000, 0x00000000ec700000, 0x00000000ec800000|  0%| F|  |TAMS 0x00000000ec700000, 0x00000000ec700000| Untracked 
| 200|0x00000000ec800000, 0x00000000ec800000, 0x00000000ec900000|  0%| F|  |TAMS 0x00000000ec800000, 0x00000000ec800000| Untracked 
| 201|0x00000000ec900000, 0x00000000ec900000, 0x00000000eca00000|  0%| F|  |TAMS 0x00000000ec900000, 0x00000000ec900000| Untracked 
| 202|0x00000000eca00000, 0x00000000eca00000, 0x00000000ecb00000|  0%| F|  |TAMS 0x00000000eca00000, 0x00000000eca00000| Untracked 
| 203|0x00000000ecb00000, 0x00000000ecb00000, 0x00000000ecc00000|  0%| F|  |TAMS 0x00000000ecb00000, 0x00000000ecb00000| Untracked 
| 204|0x00000000ecc00000, 0x00000000ecc00000, 0x00000000ecd00000|  0%| F|  |TAMS 0x00000000ecc00000, 0x00000000ecc00000| Untracked 
| 205|0x00000000ecd00000, 0x00000000ecd00000, 0x00000000ece00000|  0%| F|  |TAMS 0x00000000ecd00000, 0x00000000ecd00000| Untracked 
| 206|0x00000000ece00000, 0x00000000ece00000, 0x00000000ecf00000|  0%| F|  |TAMS 0x00000000ece00000, 0x00000000ece00000| Untracked 
| 207|0x00000000ecf00000, 0x00000000ecf00000, 0x00000000ed000000|  0%| F|  |TAMS 0x00000000ecf00000, 0x00000000ecf00000| Untracked 
| 208|0x00000000ed000000, 0x00000000ed000000, 0x00000000ed100000|  0%| F|  |TAMS 0x00000000ed000000, 0x00000000ed000000| Untracked 
| 209|0x00000000ed100000, 0x00000000ed100000, 0x00000000ed200000|  0%| F|  |TAMS 0x00000000ed100000, 0x00000000ed100000| Untracked 
| 210|0x00000000ed200000, 0x00000000ed200000, 0x00000000ed300000|  0%| F|  |TAMS 0x00000000ed200000, 0x00000000ed200000| Untracked 
| 211|0x00000000ed300000, 0x00000000ed300000, 0x00000000ed400000|  0%| F|  |TAMS 0x00000000ed300000, 0x00000000ed300000| Untracked 
| 212|0x00000000ed400000, 0x00000000ed400000, 0x00000000ed500000|  0%| F|  |TAMS 0x00000000ed400000, 0x00000000ed400000| Untracked 
| 213|0x00000000ed500000, 0x00000000ed500000, 0x00000000ed600000|  0%| F|  |TAMS 0x00000000ed500000, 0x00000000ed500000| Untracked 
| 214|0x00000000ed600000, 0x00000000ed600000, 0x00000000ed700000|  0%| F|  |TAMS 0x00000000ed600000, 0x00000000ed600000| Untracked 
| 215|0x00000000ed700000, 0x00000000ed700000, 0x00000000ed800000|  0%| F|  |TAMS 0x00000000ed700000, 0x00000000ed700000| Untracked 
| 216|0x00000000ed800000, 0x00000000ed800000, 0x00000000ed900000|  0%| F|  |TAMS 0x00000000ed800000, 0x00000000ed800000| Untracked 
| 217|0x00000000ed900000, 0x00000000ed900000, 0x00000000eda00000|  0%| F|  |TAMS 0x00000000ed900000, 0x00000000ed900000| Untracked 
| 218|0x00000000eda00000, 0x00000000eda00000, 0x00000000edb00000|  0%| F|  |TAMS 0x00000000eda00000, 0x00000000eda00000| Untracked 
| 219|0x00000000edb00000, 0x00000000edb00000, 0x00000000edc00000|  0%| F|  |TAMS 0x00000000edb00000, 0x00000000edb00000| Untracked 
| 220|0x00000000edc00000, 0x00000000edcf6470, 0x00000000edd00000| 96%| E|  |TAMS 0x00000000edc00000, 0x00000000edc00000| Complete 
| 221|0x00000000edd00000, 0x00000000ede00000, 0x00000000ede00000|100%| E|CS|TAMS 0x00000000edd00000, 0x00000000edd00000| Complete 
| 222|0x00000000ede00000, 0x00000000ede63db0, 0x00000000edf00000| 39%| S|CS|TAMS 0x00000000ede00000, 0x00000000ede00000| Complete 
| 223|0x00000000edf00000, 0x00000000ee000000, 0x00000000ee000000|100%| E|CS|TAMS 0x00000000edf00000, 0x00000000edf00000| Complete 
| 224|0x00000000ee000000, 0x00000000ee100000, 0x00000000ee100000|100%| E|CS|TAMS 0x00000000ee000000, 0x00000000ee000000| Complete 
| 225|0x00000000ee100000, 0x00000000ee200000, 0x00000000ee200000|100%| E|CS|TAMS 0x00000000ee100000, 0x00000000ee100000| Complete 
| 226|0x00000000ee200000, 0x00000000ee300000, 0x00000000ee300000|100%| E|CS|TAMS 0x00000000ee200000, 0x00000000ee200000| Complete 
| 227|0x00000000ee300000, 0x00000000ee400000, 0x00000000ee400000|100%| E|CS|TAMS 0x00000000ee300000, 0x00000000ee300000| Complete 
| 228|0x00000000ee400000, 0x00000000ee500000, 0x00000000ee500000|100%| E|CS|TAMS 0x00000000ee400000, 0x00000000ee400000| Complete 
| 229|0x00000000ee500000, 0x00000000ee600000, 0x00000000ee600000|100%| E|CS|TAMS 0x00000000ee500000, 0x00000000ee500000| Complete 
| 230|0x00000000ee600000, 0x00000000ee700000, 0x00000000ee700000|100%| E|CS|TAMS 0x00000000ee600000, 0x00000000ee600000| Complete 
| 231|0x00000000ee700000, 0x00000000ee800000, 0x00000000ee800000|100%| E|CS|TAMS 0x00000000ee700000, 0x00000000ee700000| Complete 
| 232|0x00000000ee800000, 0x00000000ee900000, 0x00000000ee900000|100%| E|CS|TAMS 0x00000000ee800000, 0x00000000ee800000| Complete 
| 233|0x00000000ee900000, 0x00000000eea00000, 0x00000000eea00000|100%| E|CS|TAMS 0x00000000ee900000, 0x00000000ee900000| Complete 
| 234|0x00000000eea00000, 0x00000000eeb00000, 0x00000000eeb00000|100%| E|CS|TAMS 0x00000000eea00000, 0x00000000eea00000| Complete 
| 235|0x00000000eeb00000, 0x00000000eec00000, 0x00000000eec00000|100%| E|CS|TAMS 0x00000000eeb00000, 0x00000000eeb00000| Complete 
| 236|0x00000000eec00000, 0x00000000eed00000, 0x00000000eed00000|100%| E|CS|TAMS 0x00000000eec00000, 0x00000000eec00000| Complete 
| 237|0x00000000eed00000, 0x00000000eee00000, 0x00000000eee00000|100%| E|CS|TAMS 0x00000000eed00000, 0x00000000eed00000| Complete 
| 238|0x00000000eee00000, 0x00000000eef00000, 0x00000000eef00000|100%| E|CS|TAMS 0x00000000eee00000, 0x00000000eee00000| Complete 
| 239|0x00000000eef00000, 0x00000000ef000000, 0x00000000ef000000|100%| E|CS|TAMS 0x00000000eef00000, 0x00000000eef00000| Complete 
| 240|0x00000000ef000000, 0x00000000ef100000, 0x00000000ef100000|100%| E|CS|TAMS 0x00000000ef000000, 0x00000000ef000000| Complete 
| 241|0x00000000ef100000, 0x00000000ef200000, 0x00000000ef200000|100%| E|CS|TAMS 0x00000000ef100000, 0x00000000ef100000| Complete 
| 242|0x00000000ef200000, 0x00000000ef300000, 0x00000000ef300000|100%| E|CS|TAMS 0x00000000ef200000, 0x00000000ef200000| Complete 
| 243|0x00000000ef300000, 0x00000000ef400000, 0x00000000ef400000|100%| E|CS|TAMS 0x00000000ef300000, 0x00000000ef300000| Complete 
| 244|0x00000000ef400000, 0x00000000ef500000, 0x00000000ef500000|100%| E|CS|TAMS 0x00000000ef400000, 0x00000000ef400000| Complete 
| 245|0x00000000ef500000, 0x00000000ef600000, 0x00000000ef600000|100%| E|CS|TAMS 0x00000000ef500000, 0x00000000ef500000| Complete 
| 510|0x00000000ffe00000, 0x00000000ffe52000, 0x00000000fff00000| 32%|OA|  |TAMS 0x00000000ffe00000, 0x00000000ffe00000| Untracked 
| 511|0x00000000fff00000, 0x00000000fff7f000, 0x0000000100000000| 49%|CA|  |TAMS 0x00000000fff00000, 0x00000000fff00000| Untracked 

Card table byte_map: [0x00007efe2eae4000,0x00007efe2ebe4000] _byte_map_base: 0x00007efe2e3e4000

Marking Bits (Prev, Next): (CMBitMap*) 0x00007efe28057938, (CMBitMap*) 0x00007efe28057978
 Prev Bits: [0x00007efe2e1e4000, 0x00007efe2e9e4000)
 Next Bits: [0x00007efe2d9e4000, 0x00007efe2e1e4000)

Polling page: 0x00007efe31238000

Metaspace:

Usage:
  Non-class:      9.06 MB capacity,     8.83 MB ( 97%) used,   207.51 KB (  2%) free+waste,    30.44 KB ( <1%) overhead. 
      Class:      1.36 MB capacity,     1.22 MB ( 90%) used,   128.71 KB (  9%) free+waste,    15.81 KB (  1%) overhead. 
       Both:     10.42 MB capacity,    10.04 MB ( 96%) used,   336.22 KB (  3%) free+waste,    46.25 KB ( <1%) overhead. 

Virtual space:
  Non-class space:       10.00 MB reserved,       9.25 MB ( 92%) committed 
      Class space:        1.00 GB reserved,       1.38 MB ( <1%) committed 
             Both:        1.01 GB reserved,      10.62 MB (  1%) committed 

Chunk freelists:
   Non-Class:  3.00 KB
       Class:  0 bytes
        Both:  3.00 KB

MaxMetaspaceSize: unlimited
CompressedClassSpaceSize: 1.00 GB

CodeHeap 'non-profiled nmethods': size=119168Kb used=630Kb max_used=653Kb free=118537Kb
 bounds [0x00007efe18279000, 0x00007efe184e9000, 0x00007efe1f6d9000]
CodeHeap 'profiled nmethods': size=119164Kb used=3328Kb max_used=3530Kb free=115835Kb
 bounds [0x00007efe10e1a000, 0x00007efe1119a000, 0x00007efe18279000]
CodeHeap 'non-nmethods': size=7428Kb used=1234Kb max_used=2925Kb free=6193Kb
 bounds [0x00007efe106d9000, 0x00007efe109b9000, 0x00007efe10e1a000]
 total_blobs=2845 nmethods=1716 adapters=413
 compilation: enabled
              stopped_count=0, restarted_count=0
 full_count=0

Compilation events (20 events):
Event: 310.357 Thread 0x00007efde01d8800 nmethod 1894 0x00007efe10efb390 code [0x00007efe10efb620, 0x00007efe10efc5a0]
Event: 320.354 Thread 0x00007efe28198800 1904       3       java.util.ArrayList::grow (11 bytes)
Event: 320.354 Thread 0x00007efe28198800 nmethod 1904 0x00007efe10ed6710 code [0x00007efe10ed68a0, 0x00007efe10ed69e0]
Event: 320.354 Thread 0x00007efe28198800 1903       3       java.util.Arrays::rangeCheck (74 bytes)
Event: 320.355 Thread 0x00007efe2818e800 1905       4       java.nio.ByteBuffer::arrayOffset (35 bytes)
Event: 320.356 Thread 0x00007efe28198800 nmethod 1903 0x00007efe10fd7f10 code [0x00007efe10fd81c0, 0x00007efe10fd8d80]
Event: 320.356 Thread 0x00007efe2818e800 nmethod 1905 0x00007efe1829e810 code [0x00007efe1829e9a0, 0x00007efe1829ea78]
Event: 330.354 Thread 0x00007efe28198800 1908       3       java.util.LinkedHashMap::valuesToArray (38 bytes)
Event: 330.354 Thread 0x00007efe2818e800 1909       4       java.util.regex.Pattern$GroupTail::match (111 bytes)
Event: 330.355 Thread 0x00007efe28198800 nmethod 1908 0x00007efe10e1c790 code [0x00007efe10e1c940, 0x00007efe10e1ccf0]
Event: 330.355 Thread 0x00007efe28198800 1906       3       java.util.LinkedHashMap$LinkedValues::toArray (16 bytes)
Event: 330.355 Thread 0x00007efe28198800 nmethod 1906 0x00007efe10ebc510 code [0x00007efe10ebc6c0, 0x00007efe10ebc850]
Event: 330.355 Thread 0x00007efe28198800 1907       3       java.util.HashMap::prepareArray (38 bytes)
Event: 330.356 Thread 0x00007efe28198800 nmethod 1907 0x00007efe10e9f110 code [0x00007efe10e9f300, 0x00007efe10e9f930]
Event: 330.358 Thread 0x00007efe2818e800 nmethod 1909 0x00007efe182c5890 code [0x00007efe182c5aa0, 0x00007efe182c5db8]
Event: 330.858 Thread 0x00007efe28198800 1910       3       java.lang.invoke.MethodHandles$Lookup::findBoundCallerLookup (27 bytes)
Event: 330.858 Thread 0x00007efe28198800 nmethod 1910 0x00007efe1112ba10 code [0x00007efe1112bc20, 0x00007efe1112c450]
Event: 330.858 Thread 0x00007efe28198800 1915       1       java.lang.Thread::isInterrupted (5 bytes)
Event: 330.859 Thread 0x00007efe28198800 nmethod 1915 0x00007efe182de290 code [0x00007efe182de420, 0x00007efe182de4f0]
Event: 330.859 Thread 0x00007efe28198800 1914       1       java.util.concurrent.CopyOnWriteArrayList::getArray (5 bytes)

GC Heap History (2 events):
Event: 0.089 GC heap before
{Heap before GC invocations=0 (full 0):
 garbage-first heap   total 253952K, used 24388K [0x00000000e0000000, 0x0000000100000000)
  region size 1024K, 23 young (23552K), 0 survivors (0K)
 Metaspace       used 1102K, capacity 4598K, committed 4864K, reserved 1056768K
  class space    used 104K, capacity 424K, committed 512K, reserved 1048576K
}
Event: 0.090 GC heap after
{Heap after GC invocations=1 (full 0):
 garbage-first heap   total 253952K, used 1235K [0x00000000e0000000, 0x0000000100000000)
  region size 1024K, 1 young (1024K), 1 survivors (1024K)
 Metaspace       used 1102K, capacity 4598K, committed 4864K, reserved 1056768K
  class space    used 104K, capacity 424K, committed 512K, reserved 1048576K
}

Deoptimization events (20 events):
Event: 0.228 Thread 0x00007efe284c0800 DEOPT PACKING pc=0x00007efe182de184 sp=0x00007efe005b6510
Event: 0.228 Thread 0x00007efe284c0800 DEOPT UNPACKING pc=0x00007efe106e0f25 sp=0x00007efe005b6448 mode 2
Event: 0.228 Thread 0x00007efe284c0800 Uncommon trap: trap_request=0xffffffde fr.pc=0x00007efe182c5dcc relative=0x000000000000032c
Event: 0.228 Thread 0x00007efe284c0800 Uncommon trap: reason=class_check action=maybe_recompile pc=0x00007efe182c5dcc method=java.util.HashMap.getNode(ILjava/lang/Object;)Ljava/util/HashMap$Node; @ 59 c2
Event: 0.228 Thread 0x00007efe284c0800 DEOPT PACKING pc=0x00007efe182c5dcc sp=0x00007efe005b6490
Event: 0.228 Thread 0x00007efe284c0800 DEOPT UNPACKING pc=0x00007efe106e0f25 sp=0x00007efe005b6440 mode 2
Event: 0.240 Thread 0x00007efe284a2800 DEOPT PACKING pc=0x00007efe10f27ce8 sp=0x00007efe007b4c40
Event: 0.240 Thread 0x00007efe284a2800 DEOPT UNPACKING pc=0x00007efe107210ca sp=0x00007efe007b40b0 mode 0
Event: 0.241 Thread 0x00007efe284a2800 DEOPT PACKING pc=0x00007efe10f27ce8 sp=0x00007efe007b3940
Event: 0.241 Thread 0x00007efe284a2800 DEOPT UNPACKING pc=0x00007efe107210ca sp=0x00007efe007b2db0 mode 0
Event: 0.241 Thread 0x00007efe284a2800 DEOPT PACKING pc=0x00007efe10f27ce8 sp=0x00007efe007b4bc0
Event: 0.241 Thread 0x00007efe284a2800 DEOPT UNPACKING pc=0x00007efe107210ca sp=0x00007efe007b4030 mode 0
Event: 0.242 Thread 0x00007efe284a2800 DEOPT PACKING pc=0x00007efe10f27ce8 sp=0x00007efe007b4a90
Event: 0.242 Thread 0x00007efe284a2800 DEOPT UNPACKING pc=0x00007efe107210ca sp=0x00007efe007b3f00 mode 0
Event: 0.248 Thread 0x00007efe284a2800 Uncommon trap: trap_request=0xffffffde fr.pc=0x00007efe182a3e58 relative=0x0000000000000b98
Event: 0.248 Thread 0x00007efe284a2800 Uncommon trap: reason=class_check action=maybe_recompile pc=0x00007efe182a3e58 method=java.util.HashMap.putVal(ILjava/lang/Object;Ljava/lang/Object;ZZ)Ljava/lang/Object; @ 253 c2
Event: 0.249 Thread 0x00007efe284a2800 DEOPT PACKING pc=0x00007efe182a3e58 sp=0x00007efe007b6920
Event: 0.249 Thread 0x00007efe284a2800 DEOPT UNPACKING pc=0x00007efe106e0f25 sp=0x00007efe007b6868 mode 2
Event: 0.287 Thread 0x00007efd940d3000 DEOPT PACKING pc=0x00007efe10e6baaa sp=0x00007efe004b5830
Event: 0.287 Thread 0x00007efd940d3000 DEOPT UNPACKING pc=0x00007efe107210ca sp=0x00007efe004b4ca8 mode 3

Classes unloaded (0 events):
No events

Classes redefined (0 events):
No events

Internal exceptions (20 events):
Event: 160.335 Thread 0x00007efd940fc000 Exception <a 'java/lang/NoClassDefFoundError'{0x00000000ee154660}: Could not initialize class com.sun.webkit.WebPage> (0x00000000ee154660) 
thrown [open/src/hotspot/share/oops/instanceKlass.cpp, line 1001]
Event: 170.336 Thread 0x00007efd940fc000 Exception <a 'java/lang/NoClassDefFoundError'{0x00000000ee15a4e8}: Could not initialize class com.sun.webkit.WebPage> (0x00000000ee15a4e8) 
thrown [open/src/hotspot/share/oops/instanceKlass.cpp, line 1001]
Event: 180.337 Thread 0x00007efd940fc000 Exception <a 'java/lang/NoClassDefFoundError'{0x00000000ee160350}: Could not initialize class com.sun.webkit.WebPage> (0x00000000ee160350) 
thrown [open/src/hotspot/share/oops/instanceKlass.cpp, line 1001]
Event: 190.338 Thread 0x00007efd940fc000 Exception <a 'java/lang/NoClassDefFoundError'{0x00000000ee1661b8}: Could not initialize class com.sun.webkit.WebPage> (0x00000000ee1661b8) 
thrown [open/src/hotspot/share/oops/instanceKlass.cpp, line 1001]
Event: 200.339 Thread 0x00007efd940fc000 Exception <a 'java/lang/NoClassDefFoundError'{0x00000000ee16c020}: Could not initialize class com.sun.webkit.WebPage> (0x00000000ee16c020) 
thrown [open/src/hotspot/share/oops/instanceKlass.cpp, line 1001]
Event: 210.340 Thread 0x00007efd940fc000 Exception <a 'java/lang/NoClassDefFoundError'{0x00000000ee171ec8}: Could not initialize class com.sun.webkit.WebPage> (0x00000000ee171ec8) 
thrown [open/src/hotspot/share/oops/instanceKlass.cpp, line 1001]
Event: 220.341 Thread 0x00007efd940fc000 Exception <a 'java/lang/NoClassDefFoundError'{0x00000000ee177d50}: Could not initialize class com.sun.webkit.WebPage> (0x00000000ee177d50) 
thrown [open/src/hotspot/share/oops/instanceKlass.cpp, line 1001]
Event: 230.342 Thread 0x00007efd940fc000 Exception <a 'java/lang/NoClassDefFoundError'{0x00000000edf7de68}: Could not initialize class com.sun.webkit.WebPage> (0x00000000edf7de68) 
thrown [open/src/hotspot/share/oops/instanceKlass.cpp, line 1001]
Event: 240.343 Thread 0x00007efd940fc000 Exception <a 'java/lang/NoClassDefFoundError'{0x00000000edf83cf0}: Could not initialize class com.sun.webkit.WebPage> (0x00000000edf83cf0) 
thrown [open/src/hotspot/share/oops/instanceKlass.cpp, line 1001]
Event: 250.344 Thread 0x00007efd940fc000 Exception <a 'java/lang/NoClassDefFoundError'{0x00000000edf89b58}: Could not initialize class com.sun.webkit.WebPage> (0x00000000edf89b58) 
thrown [open/src/hotspot/share/oops/instanceKlass.cpp, line 1001]
Event: 260.345 Thread 0x00007efd940fc000 Exception <a 'java/lang/NoClassDefFoundError'{0x00000000edf8f9e0}: Could not initialize class com.sun.webkit.WebPage> (0x00000000edf8f9e0) 
thrown [open/src/hotspot/share/oops/instanceKlass.cpp, line 1001]
Event: 270.346 Thread 0x00007efd940fc000 Exception <a 'java/lang/NoClassDefFoundError'{0x00000000edf95868}: Could not initialize class com.sun.webkit.WebPage> (0x00000000edf95868) 
thrown [open/src/hotspot/share/oops/instanceKlass.cpp, line 1001]
Event: 280.347 Thread 0x00007efd940fc000 Exception <a 'java/lang/NoClassDefFoundError'{0x00000000edf9b6d0}: Could not initialize class com.sun.webkit.WebPage> (0x00000000edf9b6d0) 
thrown [open/src/hotspot/share/oops/instanceKlass.cpp, line 1001]
Event: 290.348 Thread 0x00007efd940fc000 Exception <a 'java/lang/NoClassDefFoundError'{0x00000000edfa1578}: Could not initialize class com.sun.webkit.WebPage> (0x00000000edfa1578) 
thrown [open/src/hotspot/share/oops/instanceKlass.cpp, line 1001]
Event: 300.349 Thread 0x00007efd940fc000 Exception <a 'java/lang/NoClassDefFoundError'{0x00000000edfa7420}: Could not initialize class com.sun.webkit.WebPage> (0x00000000edfa7420) 
thrown [open/src/hotspot/share/oops/instanceKlass.cpp, line 1001]
Event: 310.353 Thread 0x00007efd940fc000 Exception <a 'java/lang/NoClassDefFoundError'{0x00000000edfad298}: Could not initialize class com.sun.webkit.WebPage> (0x00000000edfad298) 
thrown [open/src/hotspot/share/oops/instanceKlass.cpp, line 1001]
Event: 320.353 Thread 0x00007efe284a2800 Exception <a 'java/lang/reflect/InvocationTargetException'{0x00000000edd91980}> (0x00000000edd91980) 
thrown [open/src/hotspot/share/runtime/reflection.cpp, line 1188]
Event: 320.354 Thread 0x00007efd940fc000 Exception <a 'java/lang/NoClassDefFoundError'{0x00000000edfb3120}: Could not initialize class com.sun.webkit.WebPage> (0x00000000edfb3120) 
thrown [open/src/hotspot/share/oops/instanceKlass.cpp, line 1001]
Event: 330.354 Thread 0x00007efe284a2800 Exception <a 'java/lang/reflect/InvocationTargetException'{0x00000000edd93240}> (0x00000000edd93240) 
thrown [open/src/hotspot/share/runtime/reflection.cpp, line 1188]
Event: 330.355 Thread 0x00007efd940fc000 Exception <a 'java/lang/NoClassDefFoundError'{0x00000000edfb8fc8}: Could not initialize class com.sun.webkit.WebPage> (0x00000000edfb8fc8) 
thrown [open/src/hotspot/share/oops/instanceKlass.cpp, line 1001]

Events (20 events):
Event: 330.856 loading class jdk/internal/misc/Signal$1 done
Event: 330.856 Executing VM operation: HandshakeOneThread
Event: 330.856 Executing VM operation: HandshakeOneThread done
Event: 330.857 Thread 0x00007efde4001000 Thread added: 0x00007efde4001000
Event: 330.857 Protecting memory [0x00007efe013cb000,0x00007efe013cf000] with protection modes 0
Event: 330.857 Executing VM operation: HandshakeOneThread
Event: 330.857 Executing VM operation: HandshakeOneThread done
Event: 330.857 Thread 0x00007efdd0577800 Thread added: 0x00007efdd0577800
Event: 330.857 Thread 0x00007efdd0578800 Thread added: 0x00007efdd0578800
Event: 330.857 Protecting memory [0x00007efe014cc000,0x00007efe014d0000] with protection modes 0
Event: 330.857 Protecting memory [0x00007efe012ca000,0x00007efe012ce000] with protection modes 0
Event: 330.857 Thread 0x00007efdd0579800 Thread added: 0x00007efdd0579800
Event: 330.857 Protecting memory [0x00007efe010c8000,0x00007efe010cc000] with protection modes 0
Event: 330.857 Thread 0x00007efdd0578800 Thread exited: 0x00007efdd0578800
Event: 330.858 Thread 0x00007efdd0579800 Thread exited: 0x00007efdd0579800
Event: 330.858 Executing VM operation: HandshakeOneThread
Event: 330.858 Executing VM operation: HandshakeOneThread done
Event: 330.858 Thread 0x00007efd940d3000 Thread exited: 0x00007efd940d3000
Event: 330.858 Thread 0x00007efdd0577800 Thread exited: 0x00007efdd0577800
Event: 330.859 Executing VM operation: Exit


Dynamic libraries:
00400000-00401000 r-xp 00000000 08:03 24903991                           /usr/local/lib/jvm/java-14-openjdk-amd64/bin/java
00401000-00402000 r--p 00000000 08:03 24903991                           /usr/local/lib/jvm/java-14-openjdk-amd64/bin/java
00402000-00403000 rw-p 00001000 08:03 24903991                           /usr/local/lib/jvm/java-14-openjdk-amd64/bin/java
00f6a000-00f8b000 rw-p 00000000 00:00 0                                  [heap]
e0000000-ef600000 rw-p 00000000 00:00 0 
ef600000-ffe00000 ---p 00000000 00:00 0 
ffe00000-ffe52000 rw-p 00bbc000 08:03 24904503                           /usr/local/lib/jvm/java-14-openjdk-amd64/lib/server/classes.jsa
ffe52000-fff00000 rw-p 00000000 00:00 0 
fff00000-fff7f000 rw-p 00b3d000 08:03 24904503                           /usr/local/lib/jvm/java-14-openjdk-amd64/lib/server/classes.jsa
fff7f000-100000000 rw-p 00000000 00:00 0 
800000000-800003000 rwxp 00001000 08:03 24904503                         /usr/local/lib/jvm/java-14-openjdk-amd64/lib/server/classes.jsa
800003000-8003e3000 rw-p 00004000 08:03 24904503                         /usr/local/lib/jvm/java-14-openjdk-amd64/lib/server/classes.jsa
8003e3000-800b0e000 r--p 003e4000 08:03 24904503                         /usr/local/lib/jvm/java-14-openjdk-amd64/lib/server/classes.jsa
800b0e000-800b0f000 rw-p 00b0f000 08:03 24904503                         /usr/local/lib/jvm/java-14-openjdk-amd64/lib/server/classes.jsa
800b0f000-800c6f000 rw-p 00000000 00:00 0 
800c6f000-840b0f000 ---p 00000000 00:00 0 
7efd83e00000-7efd83f40000 rw-p 00000000 00:00 0 
7efd83f40000-7efd84000000 ---p 00000000 00:00 0 
7efd84000000-7efd840c9000 rw-p 00000000 00:00 0 
7efd840c9000-7efd88000000 ---p 00000000 00:00 0 
7efd88000000-7efd88021000 rw-p 00000000 00:00 0 
7efd88021000-7efd8c000000 ---p 00000000 00:00 0 
7efd8c000000-7efd8c077000 rw-p 00000000 00:00 0 
7efd8c077000-7efd90000000 ---p 00000000 00:00 0 
7efd90000000-7efd90022000 rw-p 00000000 00:00 0 
7efd90022000-7efd94000000 ---p 00000000 00:00 0 
7efd94000000-7efd94161000 rw-p 00000000 00:00 0 
7efd94161000-7efd98000000 ---p 00000000 00:00 0 
7efd98000000-7efd98096000 rw-p 00000000 00:00 0 
7efd98096000-7efd9c000000 ---p 00000000 00:00 0 
7efd9c000000-7efd9c021000 rw-p 00000000 00:00 0 
7efd9c021000-7efda0000000 ---p 00000000 00:00 0 
7efda0000000-7efda0021000 rw-p 00000000 00:00 0 
7efda0021000-7efda4000000 ---p 00000000 00:00 0 
7efda4000000-7efda4021000 rw-p 00000000 00:00 0 
7efda4021000-7efda8000000 ---p 00000000 00:00 0 
7efda8000000-7efda8198000 rw-p 00000000 00:00 0 
7efda8198000-7efdac000000 ---p 00000000 00:00 0 
7efdac000000-7efdac021000 rw-p 00000000 00:00 0 
7efdac021000-7efdb0000000 ---p 00000000 00:00 0 
7efdb0000000-7efdb0021000 rw-p 00000000 00:00 0 
7efdb0021000-7efdb4000000 ---p 00000000 00:00 0 
7efdb4000000-7efdb414d000 rw-p 00000000 00:00 0 
7efdb414d000-7efdb8000000 ---p 00000000 00:00 0 
7efdb8000000-7efdb8021000 rw-p 00000000 00:00 0 
7efdb8021000-7efdbc000000 ---p 00000000 00:00 0 
7efdbc000000-7efdbc7e3000 rw-p 00000000 00:00 0 
7efdbc7e3000-7efdc0000000 ---p 00000000 00:00 0 
7efdc0000000-7efdc02b2000 rw-p 00000000 00:00 0 
7efdc02b2000-7efdc4000000 ---p 00000000 00:00 0 
7efdc4000000-7efdc4104000 rw-p 00000000 00:00 0 
7efdc4104000-7efdc8000000 ---p 00000000 00:00 0 
7efdc8000000-7efdc8144000 rw-p 00000000 00:00 0 
7efdc8144000-7efdcc000000 ---p 00000000 00:00 0 
7efdcc000000-7efdcc19d000 rw-p 00000000 00:00 0 
7efdcc19d000-7efdd0000000 ---p 00000000 00:00 0 
7efdd0000000-7efdd0b35000 rw-p 00000000 00:00 0 
7efdd0b35000-7efdd4000000 ---p 00000000 00:00 0 
7efdd4000000-7efdd4039000 rw-p 00000000 00:00 0 
7efdd4039000-7efdd8000000 ---p 00000000 00:00 0 
7efdd8000000-7efdd8021000 rw-p 00000000 00:00 0 
7efdd8021000-7efddc000000 ---p 00000000 00:00 0 
7efddc000000-7efddcd34000 rw-p 00000000 00:00 0 
7efddcd34000-7efde0000000 ---p 00000000 00:00 0 
7efde0000000-7efde01ef000 rw-p 00000000 00:00 0 
7efde01ef000-7efde4000000 ---p 00000000 00:00 0 
7efde4000000-7efde4021000 rw-p 00000000 00:00 0 
7efde4021000-7efde8000000 ---p 00000000 00:00 0 
7efde8000000-7efde8021000 rw-p 00000000 00:00 0 
7efde8021000-7efdec000000 ---p 00000000 00:00 0 
7efdec000000-7efdec021000 rw-p 00000000 00:00 0 
7efdec021000-7efdf0000000 ---p 00000000 00:00 0 
7efdf0000000-7efdf0021000 rw-p 00000000 00:00 0 
7efdf0021000-7efdf4000000 ---p 00000000 00:00 0 
7efdf4000000-7efdf4021000 rw-p 00000000 00:00 0 
7efdf4021000-7efdf8000000 ---p 00000000 00:00 0 
7efdf8000000-7efdf80b9000 rw-p 00000000 00:00 0 
7efdf80b9000-7efdfc000000 ---p 00000000 00:00 0 
7efdfc000000-7efdfc021000 rw-p 00000000 00:00 0 
7efdfc021000-7efe00000000 ---p 00000000 00:00 0 
7efe001a3000-7efe001a7000 ---p 00000000 00:00 0 
7efe001a7000-7efe002a4000 rw-p 00000000 00:00 0 
7efe002a4000-7efe002a8000 ---p 00000000 00:00 0 
7efe002a8000-7efe003a5000 rw-p 00000000 00:00 0 
7efe003a5000-7efe003a7000 r--p 00000000 08:03 3169856                    /home/lwinminkhant/WorkSpace/Git/jfx/build/sdk/lib/libprism_sw.so
7efe003a7000-7efe003b2000 r-xp 00002000 08:03 3169856                    /home/lwinminkhant/WorkSpace/Git/jfx/build/sdk/lib/libprism_sw.so
7efe003b2000-7efe003b4000 r--p 0000d000 08:03 3169856                    /home/lwinminkhant/WorkSpace/Git/jfx/build/sdk/lib/libprism_sw.so
7efe003b4000-7efe003b5000 r--p 0000e000 08:03 3169856                    /home/lwinminkhant/WorkSpace/Git/jfx/build/sdk/lib/libprism_sw.so
7efe003b5000-7efe003b6000 rw-p 0000f000 08:03 3169856                    /home/lwinminkhant/WorkSpace/Git/jfx/build/sdk/lib/libprism_sw.so
7efe003b6000-7efe003ba000 ---p 00000000 00:00 0 
7efe003ba000-7efe004b7000 rw-p 00000000 00:00 0 
7efe004b7000-7efe004bb000 ---p 00000000 00:00 0 
7efe004bb000-7efe005b8000 rw-p 00000000 00:00 0 
7efe005b8000-7efe005bc000 ---p 00000000 00:00 0 
7efe005bc000-7efe006b9000 rw-p 00000000 00:00 0 
7efe006b9000-7efe006bd000 ---p 00000000 00:00 0 
7efe006bd000-7efe007ba000 rw-p 00000000 00:00 0 
7efe007ba000-7efe007bb000 ---p 00000000 00:00 0 
7efe007bb000-7efe008bc000 rw-p 00000000 00:00 0 
7efe008bc000-7efe008c0000 ---p 00000000 00:00 0 
7efe008c0000-7efe009bd000 rw-p 00000000 00:00 0 
7efe009bd000-7efe009c1000 ---p 00000000 00:00 0 
7efe009c1000-7efe00abe000 rw-p 00000000 00:00 0 
7efe00abe000-7efe00abf000 ---p 00000000 00:00 0 
7efe00abf000-7efe00bc0000 rw-p 00000000 00:00 0 
7efe00bc0000-7efe00bc1000 ---p 00000000 00:00 0 
7efe00bc1000-7efe00cc2000 rw-p 00000000 00:00 0 
7efe00cc2000-7efe00cc3000 ---p 00000000 00:00 0 
7efe00cc3000-7efe00dc4000 rw-p 00000000 00:00 0 
7efe00dc4000-7efe00dc5000 ---p 00000000 00:00 0 
7efe00dc5000-7efe00ec6000 rw-p 00000000 00:00 0 
7efe00ec6000-7efe00eca000 ---p 00000000 00:00 0 
7efe00eca000-7efe00fc7000 rw-p 00000000 00:00 0 
7efe00fc7000-7efe00fcb000 ---p 00000000 00:00 0 
7efe00fcb000-7efe010c8000 rw-p 00000000 00:00 0 
7efe010c8000-7efe010cc000 ---p 00000000 00:00 0 
7efe010cc000-7efe011c9000 rw-p 00000000 00:00 0 
7efe011c9000-7efe011cd000 ---p 00000000 00:00 0 
7efe011cd000-7efe012ca000 rw-p 00000000 00:00 0 
7efe012ca000-7efe012ce000 ---p 00000000 00:00 0 
7efe012ce000-7efe013cb000 rw-p 00000000 00:00 0 
7efe013cb000-7efe013cf000 ---p 00000000 00:00 0 
7efe013cf000-7efe014cc000 rw-p 00000000 00:00 0 
7efe014cc000-7efe014d0000 ---p 00000000 00:00 0 
7efe014d0000-7efe015cd000 rw-p 00000000 00:00 0 
7efe015cd000-7efe015d1000 ---p 00000000 00:00 0 
7efe015d1000-7efe016ff000 rw-p 00000000 00:00 0 
7efe016ff000-7efe01703000 ---p 00000000 00:00 0 
7efe01703000-7efe04000000 rw-p 00000000 00:00 0 
7efe04000000-7efe04021000 rw-p 00000000 00:00 0 
7efe04021000-7efe08000000 ---p 00000000 00:00 0 
7efe08000000-7efe08021000 rw-p 00000000 00:00 0 
7efe08021000-7efe0c000000 ---p 00000000 00:00 0 
7efe0c000000-7efe0c021000 rw-p 00000000 00:00 0 
7efe0c021000-7efe10000000 ---p 00000000 00:00 0 
7efe1000b000-7efe10018000 r-xp 00000000 08:03 24904492                   /usr/local/lib/jvm/java-14-openjdk-amd64/lib/libverify.so
7efe10018000-7efe1001a000 r--p 0000c000 08:03 24904492                   /usr/local/lib/jvm/java-14-openjdk-amd64/lib/libverify.so
7efe1001a000-7efe1001b000 rw-p 0000e000 08:03 24904492                   /usr/local/lib/jvm/java-14-openjdk-amd64/lib/libverify.so
7efe1001b000-7efe1001f000 ---p 00000000 00:00 0 
7efe1001f000-7efe1011c000 rw-p 00000000 00:00 0 
7efe1011c000-7efe106d9000 r--p 00000000 08:03 27527884                   /usr/lib/locale/locale-archive
7efe106d9000-7efe109b9000 rwxp 00000000 00:00 0 
7efe109b9000-7efe10e1a000 ---p 00000000 00:00 0 
7efe10e1a000-7efe1119a000 rwxp 00000000 00:00 0 
7efe1119a000-7efe18279000 ---p 00000000 00:00 0 
7efe18279000-7efe184e9000 rwxp 00000000 00:00 0 
7efe184e9000-7efe1f6d9000 ---p 00000000 00:00 0 
7efe28000000-7efe28500000 rw-p 00000000 00:00 0 
7efe28500000-7efe2c000000 ---p 00000000 00:00 0 
7efe2c00a000-7efe2c01f000 r-xp 00000000 08:03 24904484                   /usr/local/lib/jvm/java-14-openjdk-amd64/lib/libnet.so
7efe2c01f000-7efe2c020000 r--p 00014000 08:03 24904484                   /usr/local/lib/jvm/java-14-openjdk-amd64/lib/libnet.so
7efe2c020000-7efe2c021000 rw-p 00015000 08:03 24904484                   /usr/local/lib/jvm/java-14-openjdk-amd64/lib/libnet.so
7efe2c021000-7efe2c032000 r-xp 00000000 08:03 24904485                   /usr/local/lib/jvm/java-14-openjdk-amd64/lib/libnio.so
7efe2c032000-7efe2c033000 ---p 00011000 08:03 24904485                   /usr/local/lib/jvm/java-14-openjdk-amd64/lib/libnio.so
7efe2c033000-7efe2c034000 r--p 00011000 08:03 24904485                   /usr/local/lib/jvm/java-14-openjdk-amd64/lib/libnio.so
7efe2c034000-7efe2c035000 rw-p 00012000 08:03 24904485                   /usr/local/lib/jvm/java-14-openjdk-amd64/lib/libnio.so
7efe2c035000-7efe2c039000 ---p 00000000 00:00 0 
7efe2c039000-7efe2c136000 rw-p 00000000 00:00 0 
7efe2c136000-7efe2c13a000 ---p 00000000 00:00 0 
7efe2c13a000-7efe2c237000 rw-p 00000000 00:00 0 
7efe2c237000-7efe2c23b000 ---p 00000000 00:00 0 
7efe2c23b000-7efe2c338000 rw-p 00000000 00:00 0 
7efe2c338000-7efe2c33c000 ---p 00000000 00:00 0 
7efe2c33c000-7efe2c439000 rw-p 00000000 00:00 0 
7efe2c439000-7efe2c43d000 ---p 00000000 00:00 0 
7efe2c43d000-7efe2c53a000 rw-p 00000000 00:00 0 
7efe2c53a000-7efe2c53b000 ---p 00000000 00:00 0 
7efe2c53b000-7efe2c79b000 rw-p 00000000 00:00 0 
7efe2c79b000-7efe2c79c000 ---p 00000000 00:00 0 
7efe2c79c000-7efe2c89d000 rw-p 00000000 00:00 0 
7efe2c89d000-7efe2c89e000 ---p 00000000 00:00 0 
7efe2c89e000-7efe2d6ac000 rw-p 00000000 00:00 0 
7efe2d6ac000-7efe2d6ad000 ---p 00000000 00:00 0 
7efe2d6ad000-7efe2d7ae000 rw-p 00000000 00:00 0 
7efe2d7ae000-7efe2d7af000 ---p 00000000 00:00 0 
7efe2d7af000-7efe2d8b0000 rw-p 00000000 00:00 0 
7efe2d8b0000-7efe2d8b1000 ---p 00000000 00:00 0 
7efe2d8b1000-7efe2ddbc000 rw-p 00000000 00:00 0 
7efe2ddbc000-7efe2e1dc000 ---p 00000000 00:00 0 
7efe2e1dc000-7efe2e5bc000 rw-p 00000000 00:00 0 
7efe2e5bc000-7efe2e9dc000 ---p 00000000 00:00 0 
7efe2e9dc000-7efe2ea5f000 rw-p 00000000 00:00 0 
7efe2ea5f000-7efe2eae3000 ---p 00000000 00:00 0 
7efe2eae3000-7efe2eb5f000 rw-p 00000000 00:00 0 
7efe2eb5f000-7efe2ebe3000 ---p 00000000 00:00 0 
7efe2ebe3000-7efe2ec5f000 rw-p 00000000 00:00 0 
7efe2ec5f000-7efe2ece3000 ---p 00000000 00:00 0 
7efe2ece3000-7efe2f9f6000 rw-p 00000000 00:00 0 
7efe2f9f6000-7efe2fada000 ---p 00000000 00:00 0 
7efe2fada000-7efe2fae1000 rw-p 00000000 00:00 0 
7efe2fae1000-7efe2fbc3000 ---p 00000000 00:00 0 
7efe2fbc3000-7efe2fbe7000 r-xp 00000000 08:03 24904471                   /usr/local/lib/jvm/java-14-openjdk-amd64/lib/libjava.so
7efe2fbe7000-7efe2fbe8000 r--p 00023000 08:03 24904471                   /usr/local/lib/jvm/java-14-openjdk-amd64/lib/libjava.so
7efe2fbe8000-7efe2fbea000 rw-p 00024000 08:03 24904471                   /usr/local/lib/jvm/java-14-openjdk-amd64/lib/libjava.so
7efe2fbea000-7efe2fbed000 r--p 00000000 08:03 27531057                   /usr/lib/x86_64-linux-gnu/libnss_files-2.31.so
7efe2fbed000-7efe2fbf4000 r-xp 00003000 08:03 27531057                   /usr/lib/x86_64-linux-gnu/libnss_files-2.31.so
7efe2fbf4000-7efe2fbf6000 r--p 0000a000 08:03 27531057                   /usr/lib/x86_64-linux-gnu/libnss_files-2.31.so
7efe2fbf6000-7efe2fbf7000 r--p 0000b000 08:03 27531057                   /usr/lib/x86_64-linux-gnu/libnss_files-2.31.so
7efe2fbf7000-7efe2fbf8000 rw-p 0000c000 08:03 27531057                   /usr/lib/x86_64-linux-gnu/libnss_files-2.31.so
7efe2fbf8000-7efe2fbfe000 rw-p 00000000 00:00 0 
7efe2fc02000-7efe2fc08000 rw-p 00000000 00:00 0 
7efe2fc08000-7efe2fc11000 ---p 00000000 00:00 0 
7efe2fc11000-7efe2fc18000 r-xp 00000000 08:03 24904493                   /usr/local/lib/jvm/java-14-openjdk-amd64/lib/libzip.so
7efe2fc18000-7efe2fc19000 r--p 00006000 08:03 24904493                   /usr/local/lib/jvm/java-14-openjdk-amd64/lib/libzip.so
7efe2fc19000-7efe2fc1a000 rw-p 00007000 08:03 24904493                   /usr/local/lib/jvm/java-14-openjdk-amd64/lib/libzip.so
7efe2fc1a000-7efe2fc22000 rw-s 00000000 08:03 2371997                    /tmp/hsperfdata_lwinminkhant/13908 (deleted)
7efe2fc22000-7efe2fc25000 r--p 00000000 08:03 27531064                   /usr/lib/x86_64-linux-gnu/librt-2.31.so
7efe2fc25000-7efe2fc29000 r-xp 00003000 08:03 27531064                   /usr/lib/x86_64-linux-gnu/librt-2.31.so
7efe2fc29000-7efe2fc2a000 r--p 00007000 08:03 27531064                   /usr/lib/x86_64-linux-gnu/librt-2.31.so
7efe2fc2a000-7efe2fc2b000 ---p 00008000 08:03 27531064                   /usr/lib/x86_64-linux-gnu/librt-2.31.so
7efe2fc2b000-7efe2fc2c000 r--p 00008000 08:03 27531064                   /usr/lib/x86_64-linux-gnu/librt-2.31.so
7efe2fc2c000-7efe2fc2d000 rw-p 00009000 08:03 27531064                   /usr/lib/x86_64-linux-gnu/librt-2.31.so
7efe2fc2d000-7efe2fc31000 ---p 00000000 00:00 0 
7efe2fc31000-7efe2fd2e000 rw-p 00000000 00:00 0 
7efe2fd2e000-7efe2fd3d000 r--p 00000000 08:03 27531051                   /usr/lib/x86_64-linux-gnu/libm-2.31.so
7efe2fd3d000-7efe2fde4000 r-xp 0000f000 08:03 27531051                   /usr/lib/x86_64-linux-gnu/libm-2.31.so
7efe2fde4000-7efe2fe7b000 r--p 000b6000 08:03 27531051                   /usr/lib/x86_64-linux-gnu/libm-2.31.so
7efe2fe7b000-7efe2fe7c000 r--p 0014c000 08:03 27531051                   /usr/lib/x86_64-linux-gnu/libm-2.31.so
7efe2fe7c000-7efe2fe7d000 rw-p 0014d000 08:03 27531051                   /usr/lib/x86_64-linux-gnu/libm-2.31.so
7efe2fe7d000-7efe30e8c000 r-xp 00000000 08:03 24904505                   /usr/local/lib/jvm/java-14-openjdk-amd64/lib/server/libjvm.so
7efe30e8c000-7efe30e8d000 ---p 0100f000 08:03 24904505                   /usr/local/lib/jvm/java-14-openjdk-amd64/lib/server/libjvm.so
7efe30e8d000-7efe30f31000 r--p 0100f000 08:03 24904505                   /usr/local/lib/jvm/java-14-openjdk-amd64/lib/server/libjvm.so
7efe30f31000-7efe30f69000 rw-p 010b3000 08:03 24904505                   /usr/local/lib/jvm/java-14-openjdk-amd64/lib/server/libjvm.so
7efe30f69000-7efe30fec000 rw-p 00000000 00:00 0 
7efe30fec000-7efe31011000 r--p 00000000 08:03 27531041                   /usr/lib/x86_64-linux-gnu/libc-2.31.so
7efe31011000-7efe31189000 r-xp 00025000 08:03 27531041                   /usr/lib/x86_64-linux-gnu/libc-2.31.so
7efe31189000-7efe311d3000 r--p 0019d000 08:03 27531041                   /usr/lib/x86_64-linux-gnu/libc-2.31.so
7efe311d3000-7efe311d4000 ---p 001e7000 08:03 27531041                   /usr/lib/x86_64-linux-gnu/libc-2.31.so
7efe311d4000-7efe311d7000 r--p 001e7000 08:03 27531041                   /usr/lib/x86_64-linux-gnu/libc-2.31.so
7efe311d7000-7efe311da000 rw-p 001ea000 08:03 27531041                   /usr/lib/x86_64-linux-gnu/libc-2.31.so
7efe311da000-7efe311de000 rw-p 00000000 00:00 0 
7efe311de000-7efe311df000 r--p 00000000 08:03 27531050                   /usr/lib/x86_64-linux-gnu/libdl-2.31.so
7efe311df000-7efe311e1000 r-xp 00001000 08:03 27531050                   /usr/lib/x86_64-linux-gnu/libdl-2.31.so
7efe311e1000-7efe311e2000 r--p 00003000 08:03 27531050                   /usr/lib/x86_64-linux-gnu/libdl-2.31.so
7efe311e2000-7efe311e3000 r--p 00003000 08:03 27531050                   /usr/lib/x86_64-linux-gnu/libdl-2.31.so
7efe311e3000-7efe311e4000 rw-p 00004000 08:03 27531050                   /usr/lib/x86_64-linux-gnu/libdl-2.31.so
7efe311e4000-7efe311eb000 r--p 00000000 08:03 27531062                   /usr/lib/x86_64-linux-gnu/libpthread-2.31.so
7efe311eb000-7efe311fc000 r-xp 00007000 08:03 27531062                   /usr/lib/x86_64-linux-gnu/libpthread-2.31.so
7efe311fc000-7efe31201000 r--p 00018000 08:03 27531062                   /usr/lib/x86_64-linux-gnu/libpthread-2.31.so
7efe31201000-7efe31202000 r--p 0001c000 08:03 27531062                   /usr/lib/x86_64-linux-gnu/libpthread-2.31.so
7efe31202000-7efe31203000 rw-p 0001d000 08:03 27531062                   /usr/lib/x86_64-linux-gnu/libpthread-2.31.so
7efe31203000-7efe31207000 rw-p 00000000 00:00 0 
7efe31207000-7efe31215000 r-xp 00000000 08:03 24904476                   /usr/local/lib/jvm/java-14-openjdk-amd64/lib/libjli.so
7efe31215000-7efe31216000 ---p 0000e000 08:03 24904476                   /usr/local/lib/jvm/java-14-openjdk-amd64/lib/libjli.so
7efe31216000-7efe31217000 r--p 0000e000 08:03 24904476                   /usr/local/lib/jvm/java-14-openjdk-amd64/lib/libjli.so
7efe31217000-7efe31218000 rw-p 0000f000 08:03 24904476                   /usr/local/lib/jvm/java-14-openjdk-amd64/lib/libjli.so
7efe31218000-7efe3121a000 r--p 00000000 08:03 27525647                   /usr/lib/x86_64-linux-gnu/libz.so.1.2.11
7efe3121a000-7efe3122b000 r-xp 00002000 08:03 27525647                   /usr/lib/x86_64-linux-gnu/libz.so.1.2.11
7efe3122b000-7efe31231000 r--p 00013000 08:03 27525647                   /usr/lib/x86_64-linux-gnu/libz.so.1.2.11
7efe31231000-7efe31232000 ---p 00019000 08:03 27525647                   /usr/lib/x86_64-linux-gnu/libz.so.1.2.11
7efe31232000-7efe31233000 r--p 00019000 08:03 27525647                   /usr/lib/x86_64-linux-gnu/libz.so.1.2.11
7efe31233000-7efe31234000 rw-p 0001a000 08:03 27525647                   /usr/lib/x86_64-linux-gnu/libz.so.1.2.11
7efe31234000-7efe31236000 r-xp 00000000 08:03 24904464                   /usr/local/lib/jvm/java-14-openjdk-amd64/lib/libextnet.so
7efe31236000-7efe31237000 r--p 00001000 08:03 24904464                   /usr/local/lib/jvm/java-14-openjdk-amd64/lib/libextnet.so
7efe31237000-7efe31238000 rw-p 00002000 08:03 24904464                   /usr/local/lib/jvm/java-14-openjdk-amd64/lib/libextnet.so
7efe31238000-7efe31239000 ---p 00000000 00:00 0 
7efe31239000-7efe3123a000 r--p 00000000 00:00 0 
7efe3123a000-7efe31255000 r-xp 00000000 08:03 24904475                   /usr/local/lib/jvm/java-14-openjdk-amd64/lib/libjimage.so
7efe31255000-7efe31257000 r--p 0001a000 08:03 24904475                   /usr/local/lib/jvm/java-14-openjdk-amd64/lib/libjimage.so
7efe31257000-7efe31258000 rw-p 0001c000 08:03 24904475                   /usr/local/lib/jvm/java-14-openjdk-amd64/lib/libjimage.so
7efe31258000-7efe3125a000 rw-p 00000000 00:00 0 
7efe3125a000-7efe3125b000 r--p 00000000 08:03 27531037                   /usr/lib/x86_64-linux-gnu/ld-2.31.so
7efe3125b000-7efe3127e000 r-xp 00001000 08:03 27531037                   /usr/lib/x86_64-linux-gnu/ld-2.31.so
7efe3127e000-7efe31286000 r--p 00024000 08:03 27531037                   /usr/lib/x86_64-linux-gnu/ld-2.31.so
7efe31286000-7efe31287000 ---p 00000000 00:00 0 
7efe31287000-7efe31288000 r--p 0002c000 08:03 27531037                   /usr/lib/x86_64-linux-gnu/ld-2.31.so
7efe31288000-7efe31289000 rw-p 0002d000 08:03 27531037                   /usr/lib/x86_64-linux-gnu/ld-2.31.so
7efe31289000-7efe3128a000 rw-p 00000000 00:00 0 
7ffc3b784000-7ffc3b7a6000 rw-p 00000000 00:00 0                          [stack]
7ffc3b7fa000-7ffc3b7fe000 r--p 00000000 00:00 0                          [vvar]
7ffc3b7fe000-7ffc3b800000 r-xp 00000000 00:00 0                          [vdso]
ffffffffff600000-ffffffffff601000 --xp 00000000 00:00 0                  [vsyscall]


VM Arguments:
jvm_args: -DWEB_ARCHIVE_JAR_TEST_DIR=/home/lwinminkhant/WorkSpace/Git/jfx/modules/javafx.web/build/testing/resources -Dglass.platform=Monocle -Djava.library.path=/home/lwinminkhant/WorkSpace/Git/jfx/build/sdk/lib -Dmonocle.platform=Headless -Dorg.gradle.native=false -Dprism.order=sw -Dunstable.test=false --module-path=/home/lwinminkhant/WorkSpace/Git/jfx/build/shims/javafx.base:/home/lwinminkhant/WorkSpace/Git/jfx/build/shims/javafx.graphics:/home/lwinminkhant/WorkSpace/Git/jfx/build/shims/javafx.controls:/home/lwinminkhant/WorkSpace/Git/jfx/build/sdk/lib/javafx.media.jar:/home/lwinminkhant/WorkSpace/Git/jfx/build/shims/javafx.web --add-modules=javafx.base,javafx.graphics,javafx.controls,javafx.media,javafx.web --add-exports=javafx.graphics/com.sun.javafx.application=ALL-UNNAMED --add-exports=javafx.graphics/com.sun.glass.utils=ALL-UNNAMED --add-exports=javafx.base/com.sun.javafx.collections=ALL-UNNAMED --add-exports=javafx.base/com.sun.javafx.property=ALL-UNNAMED --add-exports=javafx.base/com.sun.javafx=ALL-UNNAMED --add-exports=javafx.base/com.sun.javafx.event=ALL-UNNAMED --add-exports=javafx.graphics/com.sun.glass.ui=ALL-UNNAMED --add-exports=javafx.graphics/com.sun.javafx.animation=ALL-UNNAMED --add-exports=javafx.graphics/com.sun.javafx.css=ALL-UNNAMED --add-exports=javafx.graphics/com.sun.javafx.css.parser=ALL-UNNAMED --add-exports=javafx.graphics/com.sun.javafx.embed=ALL-UNNAMED --add-exports=javafx.graphics/com.sun.javafx.font=ALL-UNNAMED --add-exports=javafx.graphics/com.sun.javafx.geom=ALL-UNNAMED --add-exports=javafx.graphics/com.sun.javafx.geom.transform=ALL-UNNAMED --add-exports=javafx.graphics/com.sun.javafx.iio.bmp=ALL-UNNAMED --add-exports=javafx.graphics/com.sun.javafx.iio.common=ALL-UNNAMED --add-exports=javafx.graphics/com.sun.javafx.iio.gif=ALL-UNNAMED --add-exports=javafx.graphics/com.sun.javafx.iio=ALL-UNNAMED --add-exports=javafx.graphics/com.sun.javafx.iio.png=ALL-UNNAMED --add-exports=javafx.graphics/com.sun.javafx.image.impl=ALL-UNNAMED --add-exports=javafx.graphics/com.sun.javafx.image=ALL-UNNAMED --add-exports=javafx.graphics/com.sun.javafx.menu=ALL-UNNAMED --add-exports=javafx.graphics/com.sun.javafx.perf=ALL-UNNAMED --add-exports=javafx.graphics/com.sun.javafx.print=ALL-UNNAMED --add-exports=javafx.graphics/com.sun.javafx.runtime.async=ALL-UNNAMED --add-exports=javafx.graphics/com.sun.javafx.scene.input=ALL-UNNAMED --add-exports=javafx.graphics/com.sun.javafx.scene=ALL-UNNAMED --add-exports=javafx.graphics/com.sun.javafx.scene.layout.region=ALL-UNNAMED --add-exports=javafx.graphics/com.sun.javafx.scene.text=ALL-UNNAMED --add-exports=javafx.graphics/com.sun.javafx.scene.transform=ALL-UNNAMED --add-exports=javafx.graphics/com.sun.javafx.scene.traversal=ALL-UNNAMED --add-exports=javafx.graphics/com.sun.javafx.sg.prism=ALL-UNNAMED --add-exports=javafx.graphics/com.sun.javafx.stage=ALL-UNNAMED --add-exports=javafx.graphics/com.sun.javafx.tk=ALL-UNNAMED --add-exports=javafx.graphics/com.sun.javafx.tk.quantum=ALL-UNNAMED --add-exports=javafx.graphics/com.sun.javafx.util=ALL-UNNAMED --add-exports=javafx.graphics/com.sun.prism.impl=ALL-UNNAMED --add-exports=javafx.graphics/com.sun.prism.impl.shape=ALL-UNNAMED --add-exports=javafx.graphics/com.sun.prism=ALL-UNNAMED --add-exports=javafx.graphics/com.sun.prism.paint=ALL-UNNAMED --add-exports=javafx.graphics/com.sun.scenario.animation=ALL-UNNAMED --add-exports=javafx.graphics/com.sun.scenario.animation.shared=ALL-UNNAMED --add-exports=javafx.graphics/com.sun.scenario.effect=ALL-UNNAMED --add-exports=javafx.graphics/com.sun.scenario.effect.light=ALL-UNNAMED --add-exports=javafx.graphics/com.sun.scenario=ALL-UNNAMED --add-exports=javafx.web/com.sun.javafx.scene.web=ALL-UNNAMED --add-exports=javafx.web/com.sun.javafx.webkit.prism=ALL-UNNAMED --add-exports=javafx.web/com.sun.javafx.webkit=ALL-UNNAMED --add-exports=javafx.web/com.sun.webkit.dom=ALL-UNNAMED --add-exports=javafx.web/com.sun.webkit.event=ALL-UNNAMED --add-exports=javafx.web/com.sun.webkit.graphics=ALL-UNNAMED --add-exports=javafx.web/com.sun.webkit.network=ALL-UNNAMED --add-exports=javafx.web/com.sun.webkit.text=ALL-UNNAMED --add-exports=javafx.web/com.sun.webkit=ALL-UNNAMED -Xmx512m -Dfile.encoding=UTF-8 -Duser.country=US -Duser.language=en -Duser.variant -ea 
java_command: worker.org.gradle.process.internal.worker.GradleWorkerMain 'Gradle Test Executor 1'
java_class_path (initial): /home/lwinminkhant/.gradle/caches/6.3/workerMain/gradle-worker.jar:/home/lwinminkhant/WorkSpace/Git/jfx/modules/javafx.web/build/classes/java/test:/home/lwinminkhant/WorkSpace/Git/jfx/modules/javafx.web/build/resources/test:/home/lwinminkhant/WorkSpace/Git/jfx/modules/javafx.web/build/classes/java/main:/home/lwinminkhant/WorkSpace/Git/jfx/modules/javafx.web/build/classes/java/main/javafx.web:/home/lwinminkhant/WorkSpace/Git/jfx/modules/javafx.controls/build/libs/controls-15-internal+0-2022-01-29-152553.jar:/home/lwinminkhant/WorkSpace/Git/jfx/modules/javafx.media/build/libs/media-15-internal+0-2022-01-29-152553.jar:/home/lwinminkhant/WorkSpace/Git/jfx/modules/javafx.graphics/build/libs/graphics-15-internal+0-2022-01-29-152553.jar:/home/lwinminkhant/WorkSpace/Git/jfx/modules/javafx.base/build/libs/base-15-internal+0-2022-01-29-152553.jar:/home/lwinminkhant/.gradle/caches/modules-2/files-2.1/junit/junit/4.8.2/c94f54227b08100974c36170dcb53329435fe5ad/junit-4.8.2.jar:/home/lwinminkhant/WorkSpace/Git/jfx/modules/javafx.web/build/classes/java/shims:/home/lwinminkhant/WorkSpace/Git/jfx/modules/javafx.web/build/classes/java/shims/javafx.web
Launcher Type: SUN_STANDARD

[Global flags]
     intx CICompilerCount                          = 12                                        {product} {ergonomic}
     uint ConcGCThreads                            = 3                                         {product} {ergonomic}
     uint G1ConcRefinementThreads                  = 13                                        {product} {ergonomic}
   size_t G1HeapRegionSize                         = 1048576                                   {product} {ergonomic}
    uintx GCDrainStackTargetSize                   = 64                                        {product} {ergonomic}
   size_t InitialHeapSize                          = 257949696                                 {product} {ergonomic}
   size_t MarkStackSize                            = 4194304                                   {product} {ergonomic}
   size_t MaxHeapSize                              = 536870912                                 {product} {command line}
   size_t MaxNewSize                               = 321912832                                 {product} {ergonomic}
   size_t MinHeapDeltaBytes                        = 1048576                                   {product} {ergonomic}
   size_t MinHeapSize                              = 8388608                                   {product} {ergonomic}
    uintx NonNMethodCodeHeapSize                   = 7602480                                {pd product} {ergonomic}
    uintx NonProfiledCodeHeapSize                  = 122027880                              {pd product} {ergonomic}
    uintx ProfiledCodeHeapSize                     = 122027880                              {pd product} {ergonomic}
    uintx ReservedCodeCacheSize                    = 251658240                              {pd product} {ergonomic}
     bool SegmentedCodeCache                       = true                                      {product} {ergonomic}
   size_t SoftMaxHeapSize                          = 536870912                              {manageable} {ergonomic}
     bool UseCompressedClassPointers               = true                                 {lp64_product} {ergonomic}
     bool UseCompressedOops                        = true                                 {lp64_product} {ergonomic}
     bool UseG1GC                                  = true                                      {product} {ergonomic}

Logging:
Log output configuration:
 #0: 
[error occurred during error reporting (printing log configuration), id 0xb, SIGSEGV (0xb) at pc=0x00007efe308258a6]

Environment Variables:
JAVA_HOME=/usr/local/lib/jvm/java-14-openjdk-amd64
PATH=/usr/lib64/qt5/bin:/home/lwinminkhant/.cargo/bin:/home/lwinminkhant/.local/bin:/usr/local/sbin:/usr/local/bin:/usr/sbin:/usr/bin:/sbin:/bin:/usr/games:/usr/local/games:/snap/bin:/home/lwinminkhant/.dotnet/tools:/usr/local/lib/jvm/java-14-openjdk-amd64/bin:/home/lwinminkhant/tools/javafx/lib:/opt/ideaIC-2019.3.3/bin:/opt/android-studio/bin:/usr/local/share/aclocal:/opt/eclipse:/home/lwinminkhant/tools/sdk/platform-tools
USERNAME=lwinminkhant
SHELL=/bin/bash
DISPLAY=:0

Signal Handlers:
SIGSEGV: [libjvm.so+0xd315b0], sa_mask[0]=11111111011111111101111111111110, sa_flags=SA_RESTART|SA_SIGINFO
SIGBUS: [libjvm.so+0xd315b0], sa_mask[0]=11111111011111111101111111111110, sa_flags=SA_RESTART|SA_SIGINFO
SIGFPE: [libjvm.so+0xd315b0], sa_mask[0]=11111111011111111101111111111110, sa_flags=SA_RESTART|SA_SIGINFO
SIGPIPE: [libjvm.so+0xb1c1c0], sa_mask[0]=11111111011111111101111111111110, sa_flags=SA_RESTART|SA_SIGINFO
SIGXFSZ: [libjvm.so+0xb1c1c0], sa_mask[0]=11111111011111111101111111111110, sa_flags=SA_RESTART|SA_SIGINFO
SIGILL: [libjvm.so+0xd315b0], sa_mask[0]=11111111011111111101111111111110, sa_flags=SA_RESTART|SA_SIGINFO
SIGUSR2: [libjvm.so+0xb1c050], sa_mask[0]=00100000000000000000000000000000, sa_flags=SA_RESTART|SA_SIGINFO
SIGHUP: [libjvm.so+0xb1c7c0], sa_mask[0]=11111111011111111101111111111110, sa_flags=SA_RESTART|SA_SIGINFO
SIGINT: [libjvm.so+0xb1c7c0], sa_mask[0]=11111111011111111101111111111110, sa_flags=SA_RESTART|SA_SIGINFO
SIGTERM: [libjvm.so+0xb1c7c0], sa_mask[0]=11111111011111111101111111111110, sa_flags=SA_RESTART|SA_SIGINFO
SIGQUIT: [libjvm.so+0xb1c7c0], sa_mask[0]=11111111011111111101111111111110, sa_flags=SA_RESTART|SA_SIGINFO


---------------  S Y S T E M  ---------------

OS:DISTRIB_ID=Ubuntu
DISTRIB_RELEASE=20.04
DISTRIB_CODENAME=focal
DISTRIB_DESCRIPTION="Ubuntu 20.04.3 LTS"
uname:Linux 5.13.0-27-generic #29~20.04.1-Ubuntu SMP Fri Jan 14 00:32:30 UTC 2022 x86_64
OS uptime: 0 days 1:37 hours
libc:glibc 2.31 NPTL 2.31 
rlimit: STACK 8192k, CORE 0k, NPROC 62702, NOFILE 1048576, AS infinity, DATA infinity, FSIZE infinity
load average:0.39 0.80 0.99

/proc/meminfo:
MemTotal:       16118636 kB
MemFree:         1990988 kB
MemAvailable:    6604804 kB
Buffers:          248096 kB
Cached:          5062824 kB
SwapCached:            0 kB
Active:          2029196 kB
Inactive:       11031228 kB
Active(anon):       6828 kB
Inactive(anon):  8392264 kB
Active(file):    2022368 kB
Inactive(file):  2638964 kB
Unevictable:      413624 kB
Mlocked:              52 kB
SwapTotal:       2097148 kB
SwapFree:        2097148 kB
Dirty:               840 kB
Writeback:             4 kB
AnonPages:       8163256 kB
Mapped:           906472 kB
Shmem:            659924 kB
KReclaimable:     294836 kB
Slab:             451504 kB
SReclaimable:     294836 kB
SUnreclaim:       156668 kB
KernelStack:       26016 kB
PageTables:        62980 kB
NFS_Unstable:          0 kB
Bounce:                0 kB
WritebackTmp:          0 kB
CommitLimit:    10156464 kB
Committed_AS:   17602792 kB
VmallocTotal:   34359738367 kB
VmallocUsed:       51772 kB
VmallocChunk:          0 kB
Percpu:            13120 kB
HardwareCorrupted:     0 kB
AnonHugePages:     24576 kB
ShmemHugePages:        0 kB
ShmemPmdMapped:        0 kB
FileHugePages:         0 kB
FilePmdMapped:         0 kB
HugePages_Total:       0
HugePages_Free:        0
HugePages_Rsvd:        0
HugePages_Surp:        0
Hugepagesize:       2048 kB
Hugetlb:               0 kB
DirectMap4k:      372936 kB
DirectMap2M:    10893312 kB
DirectMap1G:     6291456 kB


/proc/sys/kernel/threads-max (system-wide limit on the number of threads):
125404


/proc/sys/vm/max_map_count (maximum number of memory map areas a process may have):
65530


/proc/sys/kernel/pid_max (system-wide limit on number of process identifiers):
4194304



container (cgroup) information:
container_type: cgroupv1
cpu_cpuset_cpus: 0-15
cpu_memory_nodes: 0
active_processor_count: 16
cpu_quota: no quota
cpu_period: 100000
cpu_shares: no shares
memory_limit_in_bytes: unlimited
memory_and_swap_limit_in_bytes: unlimited
memory_soft_limit_in_bytes: unlimited
memory_usage_in_bytes: 12215476224
memory_max_usage_in_bytes: 12317798400

Steal ticks since vm start: 0
Steal ticks percentage since vm start:  0.000

CPU:total 16 (initial active 16) (8 cores per cpu, 2 threads per core) family 6 model 141 stepping 1, cmov, cx8, fxsr, mmx, sse, sse2, sse3, ssse3, sse4.1, sse4.2, popcnt, avx, avx2, aes, clmul, erms, 3dnowpref, lzcnt, ht, tsc, tscinvbit, bmi1, bmi2, adx, evex, sha, fma
CPU Model and flags from /proc/cpuinfo:
model name	: 11th Gen Intel(R) Core(TM) i7-11800H @ 2.30GHz
flags		: fpu vme de pse tsc msr pae mce cx8 apic sep mtrr pge mca cmov pat pse36 clflush dts acpi mmx fxsr sse sse2 ss ht tm pbe syscall nx pdpe1gb rdtscp lm constant_tsc art arch_perfmon pebs bts rep_good nopl xtopology nonstop_tsc cpuid aperfmperf tsc_known_freq pni pclmulqdq dtes64 monitor ds_cpl vmx est tm2 ssse3 sdbg fma cx16 xtpr pdcm pcid sse4_1 sse4_2 x2apic movbe popcnt tsc_deadline_timer aes xsave avx f16c rdrand lahf_lm abm 3dnowprefetch cpuid_fault epb cat_l2 invpcid_single cdp_l2 ssbd ibrs ibpb stibp ibrs_enhanced tpr_shadow vnmi flexpriority ept vpid ept_ad fsgsbase tsc_adjust bmi1 avx2 smep bmi2 erms invpcid rdt_a avx512f avx512dq rdseed adx smap avx512ifma clflushopt clwb intel_pt avx512cd sha_ni avx512bw avx512vl xsaveopt xsavec xgetbv1 xsaves split_lock_detect dtherm ida arat pln pts hwp hwp_notify hwp_act_window hwp_epp hwp_pkg_req avx512vbmi umip pku ospke avx512_vbmi2 gfni vaes vpclmulqdq avx512_vnni avx512_bitalg avx512_vpopcntdq rdpid movdiri movdir64b fsrm avx512_vp2intersect md_clear flush_l1d arch_capabilities

Memory: 4k page, physical 16118636k(1986476k free), swap 2097148k(2097148k free)

vm_info: OpenJDK 64-Bit Server VM (14+36-1461) for linux-amd64 JRE (14+36-1461), built on Feb  6 2020 19:06:11 by "mach5one" with gcc 8.3.0

END.
